[ 2016-08-17T19:48:22+08:00 ] 127.0.0.1 /myweibo/Index/addGroup.html
INFO: [ app_begin ] --START--
INFO: Run Behavior\ReadHtmlCacheBehavior [ RunTime:0.001000s ]
INFO: [ app_begin ] --END-- [ RunTime:0.001500s ]
SQL: SELECT `id`,`lock` FROM `wb_user` WHERE `account` = 'admin' LIMIT 1   [ RunTime:0.0005s ]
ERR: 非法操作:addGroup

[ 2016-08-17T19:48:22+08:00 ] 127.0.0.1 /myweibo/Index/addGroup.html
INFO: [ app_begin ] --START--
INFO: Run Behavior\ReadHtmlCacheBehavior [ RunTime:0.001000s ]
INFO: [ app_begin ] --END-- [ RunTime:0.001500s ]
SQL: SELECT `id`,`lock` FROM `wb_user` WHERE `account` = 'admin' LIMIT 1   [ RunTime:0.0005s ]
ERR: 非法操作:addGroup

[ 2016-08-17T19:57:27+08:00 ] 127.0.0.1 /myweibo/Index/addGroup.html
INFO: [ app_begin ] --START--
INFO: Run Behavior\ReadHtmlCacheBehavior [ RunTime:0.000500s ]
INFO: [ app_begin ] --END-- [ RunTime:0.001000s ]
SQL: SELECT `id`,`lock` FROM `wb_user` WHERE `account` = 'admin' LIMIT 1   [ RunTime:0.0005s ]
SQL: INSERT INTO `wb_group` (`name`,`uid`) VALUES ('用户组1','30') [ RunTime:0.0005s ]
INFO: [ app_end ] --START--
INFO: Run Behavior\ShowPageTraceBehavior [ RunTime:0.000500s ]
INFO: [ app_end ] --END-- [ RunTime:0.000500s ]

[ 2016-08-17T19:57:27+08:00 ] 127.0.0.1 /myweibo/Index/addGroup.html
INFO: [ app_begin ] --START--
INFO: Run Behavior\ReadHtmlCacheBehavior [ RunTime:0.001000s ]
INFO: [ app_begin ] --END-- [ RunTime:0.001000s ]
SQL: SELECT `id`,`lock` FROM `wb_user` WHERE `account` = 'admin' LIMIT 1   [ RunTime:0.0005s ]
SQL: INSERT INTO `wb_group` (`name`,`uid`) VALUES ('用户组1','30') [ RunTime:0.0000s ]
INFO: [ app_end ] --START--
INFO: Run Behavior\ShowPageTraceBehavior [ RunTime:0.000500s ]
INFO: [ app_end ] --END-- [ RunTime:0.000500s ]

[ 2016-08-17T19:58:32+08:00 ] 127.0.0.1 /myweibo/Index/addGroup.html
INFO: [ app_begin ] --START--
INFO: Run Behavior\ReadHtmlCacheBehavior [ RunTime:0.001000s ]
INFO: [ app_begin ] --END-- [ RunTime:0.001500s ]
SQL: SELECT `id`,`lock` FROM `wb_user` WHERE `account` = 'admin' LIMIT 1   [ RunTime:0.0000s ]
SQL: INSERT INTO `wb_group` (`name`,`uid`) VALUES ('用户组','30') [ RunTime:0.0000s ]
INFO: [ app_end ] --START--
INFO: Run Behavior\ShowPageTraceBehavior [ RunTime:0.000500s ]
INFO: [ app_end ] --END-- [ RunTime:0.000500s ]

[ 2016-08-17T19:58:32+08:00 ] 127.0.0.1 /myweibo/Index/addGroup.html
INFO: [ app_begin ] --START--
INFO: Run Behavior\ReadHtmlCacheBehavior [ RunTime:0.001000s ]
INFO: [ app_begin ] --END-- [ RunTime:0.001500s ]
SQL: SELECT `id`,`lock` FROM `wb_user` WHERE `account` = 'admin' LIMIT 1   [ RunTime:0.0000s ]
SQL: INSERT INTO `wb_group` (`name`,`uid`) VALUES ('用户组','30') [ RunTime:0.0005s ]
INFO: [ app_end ] --START--
INFO: Run Behavior\ShowPageTraceBehavior [ RunTime:0.000500s ]
INFO: [ app_end ] --END-- [ RunTime:0.001000s ]

[ 2016-08-17T20:00:13+08:00 ] 127.0.0.1 /myweibo/Index/addGroup.html
INFO: [ app_begin ] --START--
INFO: Run Behavior\ReadHtmlCacheBehavior [ RunTime:0.000500s ]
INFO: [ app_begin ] --END-- [ RunTime:0.001000s ]
SQL: SELECT `id`,`lock` FROM `wb_user` WHERE `account` = 'admin' LIMIT 1   [ RunTime:0.0000s ]
SQL: INSERT INTO `wb_group` (`name`,`uid`) VALUES ('用户组','30') [ RunTime:0.0005s ]
INFO: [ app_end ] --START--
INFO: Run Behavior\ShowPageTraceBehavior [ RunTime:0.000500s ]
INFO: [ app_end ] --END-- [ RunTime:0.000500s ]

[ 2016-08-17T20:00:13+08:00 ] 127.0.0.1 /myweibo/Index/addGroup.html
INFO: [ app_begin ] --START--
INFO: Run Behavior\ReadHtmlCacheBehavior [ RunTime:0.000500s ]
INFO: [ app_begin ] --END-- [ RunTime:0.001000s ]
SQL: SELECT `id`,`lock` FROM `wb_user` WHERE `account` = 'admin' LIMIT 1   [ RunTime:0.0000s ]
SQL: INSERT INTO `wb_group` (`name`,`uid`) VALUES ('用户组','30') [ RunTime:0.0005s ]
INFO: [ app_end ] --START--
INFO: Run Behavior\ShowPageTraceBehavior [ RunTime:0.000500s ]
INFO: [ app_end ] --END-- [ RunTime:0.000500s ]

[ 2016-08-17T20:02:31+08:00 ] 127.0.0.1 /myweibo/Index/addGroup.html
INFO: [ app_begin ] --START--
INFO: Run Behavior\ReadHtmlCacheBehavior [ RunTime:0.000500s ]
INFO: [ app_begin ] --END-- [ RunTime:0.002000s ]
SQL: SELECT `id`,`lock` FROM `wb_user` WHERE `account` = 'admin' LIMIT 1   [ RunTime:0.0000s ]
SQL: INSERT INTO `wb_group` (`name`,`uid`) VALUES ('用户组','30') [ RunTime:0.0000s ]
INFO: [ app_end ] --START--
INFO: Run Behavior\ShowPageTraceBehavior [ RunTime:0.000500s ]
INFO: [ app_end ] --END-- [ RunTime:0.001000s ]

[ 2016-08-17T20:02:31+08:00 ] 127.0.0.1 /myweibo/Index/addGroup.html
INFO: [ app_begin ] --START--
INFO: Run Behavior\ReadHtmlCacheBehavior [ RunTime:0.000500s ]
INFO: [ app_begin ] --END-- [ RunTime:0.001000s ]
SQL: SELECT `id`,`lock` FROM `wb_user` WHERE `account` = 'admin' LIMIT 1   [ RunTime:0.0000s ]
SQL: INSERT INTO `wb_group` (`name`,`uid`) VALUES ('用户组','30') [ RunTime:0.0000s ]
INFO: [ app_end ] --START--
INFO: Run Behavior\ShowPageTraceBehavior [ RunTime:0.000501s ]
INFO: [ app_end ] --END-- [ RunTime:0.000501s ]

[ 2016-08-17T20:02:34+08:00 ] 127.0.0.1 /myweibo/Index/addGroup.html
INFO: [ app_begin ] --START--
INFO: Run Behavior\ReadHtmlCacheBehavior [ RunTime:0.000500s ]
INFO: [ app_begin ] --END-- [ RunTime:0.001000s ]
SQL: SELECT `id`,`lock` FROM `wb_user` WHERE `account` = 'admin' LIMIT 1   [ RunTime:0.0000s ]
SQL: INSERT INTO `wb_group` (`name`,`uid`) VALUES ('用户组','30') [ RunTime:0.0005s ]
INFO: [ app_end ] --START--
INFO: Run Behavior\ShowPageTraceBehavior [ RunTime:0.000500s ]
INFO: [ app_end ] --END-- [ RunTime:0.000500s ]

[ 2016-08-17T20:02:34+08:00 ] 127.0.0.1 /myweibo/Index/addGroup.html
INFO: [ app_begin ] --START--
INFO: Run Behavior\ReadHtmlCacheBehavior [ RunTime:0.000500s ]
INFO: [ app_begin ] --END-- [ RunTime:0.001001s ]
SQL: SELECT `id`,`lock` FROM `wb_user` WHERE `account` = 'admin' LIMIT 1   [ RunTime:0.0000s ]
SQL: INSERT INTO `wb_group` (`name`,`uid`) VALUES ('用户组','30') [ RunTime:0.0000s ]
INFO: [ app_end ] --START--
INFO: Run Behavior\ShowPageTraceBehavior [ RunTime:0.001001s ]
INFO: [ app_end ] --END-- [ RunTime:0.001001s ]

[ 2016-08-17T20:02:35+08:00 ] 127.0.0.1 /myweibo/Index/addGroup.html
INFO: [ app_begin ] --START--
INFO: Run Behavior\ReadHtmlCacheBehavior [ RunTime:0.001000s ]
INFO: [ app_begin ] --END-- [ RunTime:0.001500s ]
SQL: SELECT `id`,`lock` FROM `wb_user` WHERE `account` = 'admin' LIMIT 1   [ RunTime:0.0005s ]
SQL: INSERT INTO `wb_group` (`name`,`uid`) VALUES ('用户组','30') [ RunTime:0.0000s ]
INFO: [ app_end ] --START--
INFO: Run Behavior\ShowPageTraceBehavior [ RunTime:0.001000s ]
INFO: [ app_end ] --END-- [ RunTime:0.001000s ]

[ 2016-08-17T20:02:35+08:00 ] 127.0.0.1 /myweibo/Index/addGroup.html
INFO: [ app_begin ] --START--
INFO: Run Behavior\ReadHtmlCacheBehavior [ RunTime:0.001500s ]
INFO: [ app_begin ] --END-- [ RunTime:0.002000s ]
SQL: SELECT `id`,`lock` FROM `wb_user` WHERE `account` = 'admin' LIMIT 1   [ RunTime:0.0000s ]
SQL: INSERT INTO `wb_group` (`name`,`uid`) VALUES ('用户组','30') [ RunTime:0.0005s ]
INFO: [ app_end ] --START--
INFO: Run Behavior\ShowPageTraceBehavior [ RunTime:0.000500s ]
INFO: [ app_end ] --END-- [ RunTime:0.000500s ]

[ 2016-08-17T20:02:35+08:00 ] 127.0.0.1 /myweibo/Index/addGroup.html
INFO: [ app_begin ] --START--
INFO: Run Behavior\ReadHtmlCacheBehavior [ RunTime:0.001500s ]
INFO: [ app_begin ] --END-- [ RunTime:0.002000s ]
SQL: SELECT `id`,`lock` FROM `wb_user` WHERE `account` = 'admin' LIMIT 1   [ RunTime:0.0005s ]
SQL: INSERT INTO `wb_group` (`name`,`uid`) VALUES ('用户组','30') [ RunTime:0.0000s ]
INFO: [ app_end ] --START--
INFO: Run Behavior\ShowPageTraceBehavior [ RunTime:0.001000s ]
INFO: [ app_end ] --END-- [ RunTime:0.001000s ]

[ 2016-08-17T20:02:35+08:00 ] 127.0.0.1 /myweibo/Index/addGroup.html
INFO: [ app_begin ] --START--
INFO: Run Behavior\ReadHtmlCacheBehavior [ RunTime:0.001500s ]
INFO: [ app_begin ] --END-- [ RunTime:0.002501s ]
SQL: SELECT `id`,`lock` FROM `wb_user` WHERE `account` = 'admin' LIMIT 1   [ RunTime:0.0000s ]
SQL: INSERT INTO `wb_group` (`name`,`uid`) VALUES ('用户组','30') [ RunTime:0.0005s ]
INFO: [ app_end ] --START--
INFO: Run Behavior\ShowPageTraceBehavior [ RunTime:0.000500s ]
INFO: [ app_end ] --END-- [ RunTime:0.000500s ]

[ 2016-08-17T20:02:36+08:00 ] 127.0.0.1 /myweibo/Index/addGroup.html
INFO: [ app_begin ] --START--
INFO: Run Behavior\ReadHtmlCacheBehavior [ RunTime:0.001500s ]
INFO: [ app_begin ] --END-- [ RunTime:0.002000s ]
SQL: SELECT `id`,`lock` FROM `wb_user` WHERE `account` = 'admin' LIMIT 1   [ RunTime:0.0005s ]
SQL: INSERT INTO `wb_group` (`name`,`uid`) VALUES ('用户组','30') [ RunTime:0.0005s ]
INFO: [ app_end ] --START--
INFO: Run Behavior\ShowPageTraceBehavior [ RunTime:0.001000s ]
INFO: [ app_end ] --END-- [ RunTime:0.001000s ]

[ 2016-08-17T20:02:36+08:00 ] 127.0.0.1 /myweibo/Index/addGroup.html
INFO: [ app_begin ] --START--
INFO: Run Behavior\ReadHtmlCacheBehavior [ RunTime:0.001500s ]
INFO: [ app_begin ] --END-- [ RunTime:0.002500s ]
SQL: SELECT `id`,`lock` FROM `wb_user` WHERE `account` = 'admin' LIMIT 1   [ RunTime:0.0005s ]
SQL: INSERT INTO `wb_group` (`name`,`uid`) VALUES ('用户组','30') [ RunTime:0.0005s ]
INFO: [ app_end ] --START--
INFO: Run Behavior\ShowPageTraceBehavior [ RunTime:0.001000s ]
INFO: [ app_end ] --END-- [ RunTime:0.001501s ]

[ 2016-08-17T20:02:36+08:00 ] 127.0.0.1 /myweibo/Index/addGroup.html
INFO: [ app_begin ] --START--
INFO: Run Behavior\ReadHtmlCacheBehavior [ RunTime:0.001001s ]
INFO: [ app_begin ] --END-- [ RunTime:0.001501s ]
SQL: SELECT `id`,`lock` FROM `wb_user` WHERE `account` = 'admin' LIMIT 1   [ RunTime:0.0000s ]
SQL: INSERT INTO `wb_group` (`name`,`uid`) VALUES ('用户组','30') [ RunTime:0.0005s ]
INFO: [ app_end ] --START--
INFO: Run Behavior\ShowPageTraceBehavior [ RunTime:0.000501s ]
INFO: [ app_end ] --END-- [ RunTime:0.000501s ]

[ 2016-08-17T20:02:36+08:00 ] 127.0.0.1 /myweibo/Index/addGroup.html
INFO: [ app_begin ] --START--
INFO: Run Behavior\ReadHtmlCacheBehavior [ RunTime:0.001000s ]
INFO: [ app_begin ] --END-- [ RunTime:0.001500s ]
SQL: SELECT `id`,`lock` FROM `wb_user` WHERE `account` = 'admin' LIMIT 1   [ RunTime:0.0000s ]
SQL: INSERT INTO `wb_group` (`name`,`uid`) VALUES ('用户组','30') [ RunTime:0.0005s ]
INFO: [ app_end ] --START--
INFO: Run Behavior\ShowPageTraceBehavior [ RunTime:0.000500s ]
INFO: [ app_end ] --END-- [ RunTime:0.000500s ]

[ 2016-08-17T20:02:36+08:00 ] 127.0.0.1 /myweibo/Index/addGroup.html
INFO: [ app_begin ] --START--
INFO: Run Behavior\ReadHtmlCacheBehavior [ RunTime:0.000500s ]
INFO: [ app_begin ] --END-- [ RunTime:0.001000s ]
SQL: SELECT `id`,`lock` FROM `wb_user` WHERE `account` = 'admin' LIMIT 1   [ RunTime:0.0005s ]
SQL: INSERT INTO `wb_group` (`name`,`uid`) VALUES ('用户组','30') [ RunTime:0.0005s ]
INFO: [ app_end ] --START--
INFO: Run Behavior\ShowPageTraceBehavior [ RunTime:0.001001s ]
INFO: [ app_end ] --END-- [ RunTime:0.001001s ]

[ 2016-08-17T20:02:36+08:00 ] 127.0.0.1 /myweibo/Index/addGroup.html
INFO: [ app_begin ] --START--
INFO: Run Behavior\ReadHtmlCacheBehavior [ RunTime:0.000500s ]
INFO: [ app_begin ] --END-- [ RunTime:0.001000s ]
SQL: SELECT `id`,`lock` FROM `wb_user` WHERE `account` = 'admin' LIMIT 1   [ RunTime:0.0000s ]
SQL: INSERT INTO `wb_group` (`name`,`uid`) VALUES ('用户组','30') [ RunTime:0.0005s ]
INFO: [ app_end ] --START--
INFO: Run Behavior\ShowPageTraceBehavior [ RunTime:0.000500s ]
INFO: [ app_end ] --END-- [ RunTime:0.000500s ]

[ 2016-08-17T20:02:36+08:00 ] 127.0.0.1 /myweibo/Index/addGroup.html
INFO: [ app_begin ] --START--
INFO: Run Behavior\ReadHtmlCacheBehavior [ RunTime:0.000500s ]
INFO: [ app_begin ] --END-- [ RunTime:0.001000s ]
SQL: SELECT `id`,`lock` FROM `wb_user` WHERE `account` = 'admin' LIMIT 1   [ RunTime:0.0005s ]
SQL: INSERT INTO `wb_group` (`name`,`uid`) VALUES ('用户组','30') [ RunTime:0.0005s ]
INFO: [ app_end ] --START--
INFO: Run Behavior\ShowPageTraceBehavior [ RunTime:0.001000s ]
INFO: [ app_end ] --END-- [ RunTime:0.001000s ]

[ 2016-08-17T20:02:36+08:00 ] 127.0.0.1 /myweibo/Index/addGroup.html
INFO: [ app_begin ] --START--
INFO: Run Behavior\ReadHtmlCacheBehavior [ RunTime:0.001000s ]
INFO: [ app_begin ] --END-- [ RunTime:0.001500s ]
SQL: SELECT `id`,`lock` FROM `wb_user` WHERE `account` = 'admin' LIMIT 1   [ RunTime:0.0000s ]
SQL: INSERT INTO `wb_group` (`name`,`uid`) VALUES ('用户组','30') [ RunTime:0.0005s ]
INFO: [ app_end ] --START--
INFO: Run Behavior\ShowPageTraceBehavior [ RunTime:0.000500s ]
INFO: [ app_end ] --END-- [ RunTime:0.000500s ]

[ 2016-08-17T20:14:42+08:00 ] 127.0.0.1 /myweibo/Index/addGroup.html
INFO: [ app_begin ] --START--
INFO: Run Behavior\ReadHtmlCacheBehavior [ RunTime:0.001500s ]
INFO: [ app_begin ] --END-- [ RunTime:0.002000s ]
SQL: SELECT `id`,`lock` FROM `wb_user` WHERE `account` = 'admin' LIMIT 1   [ RunTime:0.0005s ]
SQL: INSERT INTO `wb_group` (`name`,`uid`) VALUES ('同事','30') [ RunTime:0.0010s ]
INFO: [ app_end ] --START--
INFO: Run Behavior\ShowPageTraceBehavior [ RunTime:0.001500s ]
INFO: [ app_end ] --END-- [ RunTime:0.001500s ]

[ 2016-08-17T20:15:58+08:00 ] 127.0.0.1 /myweibo/Index/addGroup.html
INFO: [ app_begin ] --START--
INFO: Run Behavior\ReadHtmlCacheBehavior [ RunTime:0.001000s ]
INFO: [ app_begin ] --END-- [ RunTime:0.001500s ]
SQL: SELECT `id`,`lock` FROM `wb_user` WHERE `account` = 'admin' LIMIT 1   [ RunTime:0.0005s ]
SQL: INSERT INTO `wb_group` (`name`,`uid`) VALUES ('明星','30') [ RunTime:0.0005s ]
INFO: [ app_end ] --START--
INFO: Run Behavior\ShowPageTraceBehavior [ RunTime:0.001000s ]
INFO: [ app_end ] --END-- [ RunTime:0.001000s ]

[ 2016-08-17T20:16:28+08:00 ] 127.0.0.1 /myweibo/Search/addGroup.html
INFO: [ app_begin ] --START--
INFO: Run Behavior\ReadHtmlCacheBehavior [ RunTime:0.002000s ]
INFO: [ app_begin ] --END-- [ RunTime:0.002500s ]
ERR: 非法操作:addGroup

[ 2016-08-17T20:16:40+08:00 ] 127.0.0.1 /myweibo/Search/addGroup.html
INFO: [ app_begin ] --START--
INFO: Run Behavior\ReadHtmlCacheBehavior [ RunTime:0.000500s ]
INFO: [ app_begin ] --END-- [ RunTime:0.001000s ]
ERR: 非法操作:addGroup

[ 2016-08-17T20:16:58+08:00 ] 127.0.0.1 /myweibo/Index/addGroup.html
INFO: [ app_begin ] --START--
INFO: Run Behavior\ReadHtmlCacheBehavior [ RunTime:0.000500s ]
INFO: [ app_begin ] --END-- [ RunTime:0.001000s ]
SQL: SELECT `id`,`lock` FROM `wb_user` WHERE `account` = 'admin' LIMIT 1   [ RunTime:0.0005s ]
SQL: INSERT INTO `wb_group` (`name`,`uid`) VALUES ('亲朋好友','30') [ RunTime:0.0005s ]
INFO: [ app_end ] --START--
INFO: Run Behavior\ShowPageTraceBehavior [ RunTime:0.000500s ]
INFO: [ app_end ] --END-- [ RunTime:0.000500s ]

[ 2016-08-17T20:17:28+08:00 ] 127.0.0.1 /myweibo/Search/addGroup.html
INFO: [ app_begin ] --START--
INFO: Run Behavior\ReadHtmlCacheBehavior [ RunTime:0.001000s ]
INFO: [ app_begin ] --END-- [ RunTime:0.001500s ]
ERR: 非法操作:addGroup

[ 2016-08-17T20:18:26+08:00 ] 127.0.0.1 /myweibo/Common/addGroup.html
INFO: [ app_begin ] --START--
INFO: Run Behavior\ReadHtmlCacheBehavior [ RunTime:0.000500s ]
INFO: [ app_begin ] --END-- [ RunTime:0.000500s ]
SQL: SELECT `id`,`lock` FROM `wb_user` WHERE `account` = 'admin' LIMIT 1   [ RunTime:0.0005s ]
SQL: INSERT INTO `wb_group` (`name`,`uid`) VALUES ('给个面子','30') [ RunTime:0.0000s ]
INFO: [ app_end ] --START--
INFO: Run Behavior\ShowPageTraceBehavior [ RunTime:0.001001s ]
INFO: [ app_end ] --END-- [ RunTime:0.001001s ]

[ 2016-08-17T20:26:41+08:00 ] 127.0.0.1 /myweibo/Common/addGroup.html
INFO: [ app_begin ] --START--
INFO: Run Behavior\ReadHtmlCacheBehavior [ RunTime:0.001500s ]
INFO: [ app_begin ] --END-- [ RunTime:0.002500s ]
SQL: SELECT `id`,`lock` FROM `wb_user` WHERE `account` = 'admin' LIMIT 1   [ RunTime:0.0005s ]
SQL: INSERT INTO `wb_group` (`name`,`uid`) VALUES ('测试用户组1','30') [ RunTime:0.0005s ]
INFO: [ app_end ] --START--
INFO: Run Behavior\ShowPageTraceBehavior [ RunTime:0.001000s ]
INFO: [ app_end ] --END-- [ RunTime:0.001000s ]

[ 2016-08-17T20:52:46+08:00 ] 127.0.0.1 /myweibo/Common/addFollow.html
INFO: [ app_begin ] --START--
INFO: Run Behavior\ReadHtmlCacheBehavior [ RunTime:0.001000s ]
INFO: [ app_begin ] --END-- [ RunTime:0.002501s ]

[ 2016-08-17T20:52:47+08:00 ] 127.0.0.1 /myweibo/Common/addFollow.html
INFO: [ app_begin ] --START--
INFO: Run Behavior\ReadHtmlCacheBehavior [ RunTime:0.001001s ]
INFO: [ app_begin ] --END-- [ RunTime:0.001501s ]

[ 2016-08-17T20:52:47+08:00 ] 127.0.0.1 /myweibo/Common/addFollow.html
INFO: [ app_begin ] --START--
INFO: Run Behavior\ReadHtmlCacheBehavior [ RunTime:0.001500s ]
INFO: [ app_begin ] --END-- [ RunTime:0.002500s ]

[ 2016-08-17T20:52:47+08:00 ] 127.0.0.1 /myweibo/Common/addFollow.html
INFO: [ app_begin ] --START--
INFO: Run Behavior\ReadHtmlCacheBehavior [ RunTime:0.001000s ]
INFO: [ app_begin ] --END-- [ RunTime:0.001500s ]

[ 2016-08-17T20:52:48+08:00 ] 127.0.0.1 /myweibo/Common/addFollow.html
INFO: [ app_begin ] --START--
INFO: Run Behavior\ReadHtmlCacheBehavior [ RunTime:0.001500s ]
INFO: [ app_begin ] --END-- [ RunTime:0.002501s ]

[ 2016-08-17T20:52:54+08:00 ] 127.0.0.1 /myweibo/Common/addFollow.html
INFO: [ app_begin ] --START--
INFO: Run Behavior\ReadHtmlCacheBehavior [ RunTime:0.000500s ]
INFO: [ app_begin ] --END-- [ RunTime:0.001000s ]

[ 2016-08-17T20:54:36+08:00 ] 127.0.0.1 /myweibo/Common/addFollow.html
INFO: [ app_begin ] --START--
INFO: Run Behavior\ReadHtmlCacheBehavior [ RunTime:0.000500s ]
INFO: [ app_begin ] --END-- [ RunTime:0.001000s ]

[ 2016-08-17T20:54:37+08:00 ] 127.0.0.1 /myweibo/Common/addFollow.html
INFO: [ app_begin ] --START--
INFO: Run Behavior\ReadHtmlCacheBehavior [ RunTime:0.000500s ]
INFO: [ app_begin ] --END-- [ RunTime:0.001000s ]

[ 2016-08-17T20:54:38+08:00 ] 127.0.0.1 /myweibo/Common/addFollow.html
INFO: [ app_begin ] --START--
INFO: Run Behavior\ReadHtmlCacheBehavior [ RunTime:0.001500s ]
INFO: [ app_begin ] --END-- [ RunTime:0.002000s ]

[ 2016-08-17T20:54:38+08:00 ] 127.0.0.1 /myweibo/Common/addFollow.html
INFO: [ app_begin ] --START--
INFO: Run Behavior\ReadHtmlCacheBehavior [ RunTime:0.001500s ]
INFO: [ app_begin ] --END-- [ RunTime:0.002500s ]

[ 2016-08-17T20:54:39+08:00 ] 127.0.0.1 /myweibo/Common/addFollow.html
INFO: [ app_begin ] --START--
INFO: Run Behavior\ReadHtmlCacheBehavior [ RunTime:0.001500s ]
INFO: [ app_begin ] --END-- [ RunTime:0.002500s ]

[ 2016-08-17T20:54:39+08:00 ] 127.0.0.1 /myweibo/Common/addFollow.html
INFO: [ app_begin ] --START--
INFO: Run Behavior\ReadHtmlCacheBehavior [ RunTime:0.001500s ]
INFO: [ app_begin ] --END-- [ RunTime:0.002500s ]

[ 2016-08-17T20:56:53+08:00 ] 127.0.0.1 /myweibo/Common/addFollow.html
INFO: [ app_begin ] --START--
INFO: Run Behavior\ReadHtmlCacheBehavior [ RunTime:0.001000s ]
INFO: [ app_begin ] --END-- [ RunTime:0.002500s ]

[ 2016-08-17T20:56:53+08:00 ] 127.0.0.1 /myweibo/Common/addFollow.html
INFO: [ app_begin ] --START--
INFO: Run Behavior\ReadHtmlCacheBehavior [ RunTime:0.000500s ]
INFO: [ app_begin ] --END-- [ RunTime:0.000500s ]

[ 2016-08-17T20:56:54+08:00 ] 127.0.0.1 /myweibo/Common/addFollow.html
INFO: [ app_begin ] --START--
INFO: Run Behavior\ReadHtmlCacheBehavior [ RunTime:0.000500s ]
INFO: [ app_begin ] --END-- [ RunTime:0.001500s ]

[ 2016-08-17T20:57:34+08:00 ] 127.0.0.1 /myweibo/Common/addFollow.html
INFO: [ app_begin ] --START--
INFO: Run Behavior\ReadHtmlCacheBehavior [ RunTime:0.001000s ]
INFO: [ app_begin ] --END-- [ RunTime:0.002501s ]

[ 2016-08-17T20:57:35+08:00 ] 127.0.0.1 /myweibo/Common/addFollow.html
INFO: [ app_begin ] --START--
INFO: Run Behavior\ReadHtmlCacheBehavior [ RunTime:0.000500s ]
INFO: [ app_begin ] --END-- [ RunTime:0.001500s ]

[ 2016-08-17T20:57:35+08:00 ] 127.0.0.1 /myweibo/Common/addFollow.html
INFO: [ app_begin ] --START--
INFO: Run Behavior\ReadHtmlCacheBehavior [ RunTime:0.001500s ]
INFO: [ app_begin ] --END-- [ RunTime:0.002000s ]

[ 2016-08-17T20:57:35+08:00 ] 127.0.0.1 /myweibo/Common/addFollow.html
INFO: [ app_begin ] --START--
INFO: Run Behavior\ReadHtmlCacheBehavior [ RunTime:0.000500s ]
INFO: [ app_begin ] --END-- [ RunTime:0.001000s ]

[ 2016-08-17T20:57:35+08:00 ] 127.0.0.1 /myweibo/Common/addFollow.html
INFO: [ app_begin ] --START--
INFO: Run Behavior\ReadHtmlCacheBehavior [ RunTime:0.001000s ]
INFO: [ app_begin ] --END-- [ RunTime:0.002000s ]

[ 2016-08-17T20:57:38+08:00 ] 127.0.0.1 /myweibo/Common/addFollow.html
INFO: [ app_begin ] --START--
INFO: Run Behavior\ReadHtmlCacheBehavior [ RunTime:0.001000s ]
INFO: [ app_begin ] --END-- [ RunTime:0.002000s ]

[ 2016-08-17T20:57:38+08:00 ] 127.0.0.1 /myweibo/Common/addFollow.html
INFO: [ app_begin ] --START--
INFO: Run Behavior\ReadHtmlCacheBehavior [ RunTime:0.001001s ]
INFO: [ app_begin ] --END-- [ RunTime:0.001501s ]

[ 2016-08-17T20:57:38+08:00 ] 127.0.0.1 /myweibo/Common/addFollow.html
INFO: [ app_begin ] --START--
INFO: Run Behavior\ReadHtmlCacheBehavior [ RunTime:0.001000s ]
INFO: [ app_begin ] --END-- [ RunTime:0.002000s ]

[ 2016-08-17T21:25:21+08:00 ] 127.0.0.1 /myweibo/Common/addGroup.html
INFO: [ app_begin ] --START--
INFO: Run Behavior\ReadHtmlCacheBehavior [ RunTime:0.000500s ]
INFO: [ app_begin ] --END-- [ RunTime:0.001000s ]
NOTIC: [8] Undefined offset: 1 D:\phpStudy\WWW\gitproject\myweibo\Application\Home\Controller\CommonController.class.php 第 24 行.
SQL: INSERT INTO `wb_group` (`name`,`uid`) VALUES ('为什么','10') [ RunTime:0.0005s ]
INFO: [ app_end ] --START--
INFO: Run Behavior\ShowPageTraceBehavior [ RunTime:0.001000s ]
INFO: [ app_end ] --END-- [ RunTime:0.001000s ]

[ 2016-08-17T21:26:55+08:00 ] 127.0.0.1 /myweibo/Common/addFollow.html
INFO: [ app_begin ] --START--
INFO: Run Behavior\ReadHtmlCacheBehavior [ RunTime:0.000500s ]
INFO: [ app_begin ] --END-- [ RunTime:0.001000s ]
NOTIC: [8] Undefined offset: 1 D:\phpStudy\WWW\gitproject\myweibo\Application\Home\Controller\CommonController.class.php 第 24 行.
INFO: [ app_end ] --START--
INFO: Run Behavior\ShowPageTraceBehavior [ RunTime:0.000500s ]
INFO: [ app_end ] --END-- [ RunTime:0.000500s ]

[ 2016-08-17T21:27:29+08:00 ] 127.0.0.1 /myweibo/Common/addGroup.html
INFO: [ app_begin ] --START--
INFO: Run Behavior\ReadHtmlCacheBehavior [ RunTime:0.001000s ]
INFO: [ app_begin ] --END-- [ RunTime:0.001500s ]
NOTIC: [8] Undefined offset: 1 D:\phpStudy\WWW\gitproject\myweibo\Application\Home\Controller\CommonController.class.php 第 24 行.
SQL: INSERT INTO `wb_group` (`name`,`uid`) VALUES ('测试用户组','10') [ RunTime:0.0005s ]
INFO: [ app_end ] --START--
INFO: Run Behavior\ShowPageTraceBehavior [ RunTime:0.001000s ]
INFO: [ app_end ] --END-- [ RunTime:0.001000s ]

[ 2016-08-17T21:28:40+08:00 ] 127.0.0.1 /myweibo/Common/addFollow.html
INFO: [ app_begin ] --START--
INFO: Run Behavior\ReadHtmlCacheBehavior [ RunTime:0.000500s ]
INFO: [ app_begin ] --END-- [ RunTime:0.001000s ]
NOTIC: [8] Undefined offset: 1 D:\phpStudy\WWW\gitproject\myweibo\Application\Home\Controller\CommonController.class.php 第 24 行.
INFO: [ app_end ] --START--
INFO: Run Behavior\ShowPageTraceBehavior [ RunTime:0.000501s ]
INFO: [ app_end ] --END-- [ RunTime:0.000501s ]

[ 2016-08-17T21:29:25+08:00 ] 127.0.0.1 /myweibo/Common/addFollow.html
INFO: [ app_begin ] --START--
INFO: Run Behavior\ReadHtmlCacheBehavior [ RunTime:0.001500s ]
INFO: [ app_begin ] --END-- [ RunTime:0.002000s ]
NOTIC: [8] Undefined offset: 1 D:\phpStudy\WWW\gitproject\myweibo\Application\Home\Controller\CommonController.class.php 第 24 行.
INFO: [ app_end ] --START--
INFO: Run Behavior\ShowPageTraceBehavior [ RunTime:0.001501s ]
INFO: [ app_end ] --END-- [ RunTime:0.001501s ]

[ 2016-08-17T21:31:43+08:00 ] 127.0.0.1 /myweibo/Common/addFollow.html
INFO: [ app_begin ] --START--
INFO: Run Behavior\ReadHtmlCacheBehavior [ RunTime:0.001500s ]
INFO: [ app_begin ] --END-- [ RunTime:0.002000s ]
NOTIC: [8] Undefined offset: 1 D:\phpStudy\WWW\gitproject\myweibo\Application\Home\Controller\CommonController.class.php 第 24 行.
INFO: [ app_end ] --START--
INFO: Run Behavior\ShowPageTraceBehavior [ RunTime:0.001000s ]
INFO: [ app_end ] --END-- [ RunTime:0.001000s ]

[ 2016-08-17T21:31:51+08:00 ] 127.0.0.1 /myweibo/Common/addFollow.html
INFO: [ app_begin ] --START--
INFO: Run Behavior\ReadHtmlCacheBehavior [ RunTime:0.000500s ]
INFO: [ app_begin ] --END-- [ RunTime:0.001000s ]
NOTIC: [8] Undefined offset: 1 D:\phpStudy\WWW\gitproject\myweibo\Application\Home\Controller\CommonController.class.php 第 24 行.
INFO: [ app_end ] --START--
INFO: Run Behavior\ShowPageTraceBehavior [ RunTime:0.000500s ]
INFO: [ app_end ] --END-- [ RunTime:0.000500s ]

[ 2016-08-17T21:34:39+08:00 ] 127.0.0.1 /myweibo/Common/addFollow.html
INFO: [ app_begin ] --START--
INFO: Run Behavior\ReadHtmlCacheBehavior [ RunTime:0.001000s ]
INFO: [ app_begin ] --END-- [ RunTime:0.001500s ]
NOTIC: [8] Undefined offset: 1 D:\phpStudy\WWW\gitproject\myweibo\Application\Home\Controller\CommonController.class.php 第 24 行.
INFO: [ app_end ] --START--
INFO: Run Behavior\ShowPageTraceBehavior [ RunTime:0.001000s ]
INFO: [ app_end ] --END-- [ RunTime:0.001000s ]

[ 2016-08-17T21:35:55+08:00 ] 127.0.0.1 /myweibo/Common/addFollow.html
INFO: [ app_begin ] --START--
INFO: Run Behavior\ReadHtmlCacheBehavior [ RunTime:0.001000s ]
INFO: [ app_begin ] --END-- [ RunTime:0.001500s ]
NOTIC: [8] Undefined offset: 1 D:\phpStudy\WWW\gitproject\myweibo\Application\Home\Controller\CommonController.class.php 第 24 行.
INFO: [ app_end ] --START--
INFO: Run Behavior\ShowPageTraceBehavior [ RunTime:0.001000s ]
INFO: [ app_end ] --END-- [ RunTime:0.001000s ]

[ 2016-08-17T21:35:56+08:00 ] 127.0.0.1 /myweibo/Common/addFollow.html
INFO: [ app_begin ] --START--
INFO: Run Behavior\ReadHtmlCacheBehavior [ RunTime:0.001000s ]
INFO: [ app_begin ] --END-- [ RunTime:0.001500s ]
NOTIC: [8] Undefined offset: 1 D:\phpStudy\WWW\gitproject\myweibo\Application\Home\Controller\CommonController.class.php 第 24 行.
INFO: [ app_end ] --START--
INFO: Run Behavior\ShowPageTraceBehavior [ RunTime:0.001000s ]
INFO: [ app_end ] --END-- [ RunTime:0.001000s ]

[ 2016-08-17T21:48:52+08:00 ] 127.0.0.1 /myweibo/Common/addFollow.html
INFO: [ app_begin ] --START--
INFO: Run Behavior\ReadHtmlCacheBehavior [ RunTime:0.001000s ]
INFO: [ app_begin ] --END-- [ RunTime:0.002500s ]

[ 2016-08-17T21:48:54+08:00 ] 127.0.0.1 /myweibo/Common/addFollow.html
INFO: [ app_begin ] --START--
INFO: Run Behavior\ReadHtmlCacheBehavior [ RunTime:0.000500s ]
INFO: [ app_begin ] --END-- [ RunTime:0.001001s ]

[ 2016-08-17T21:48:54+08:00 ] 127.0.0.1 /myweibo/Common/addFollow.html
INFO: [ app_begin ] --START--
INFO: Run Behavior\ReadHtmlCacheBehavior [ RunTime:0.001000s ]
INFO: [ app_begin ] --END-- [ RunTime:0.002000s ]

[ 2016-08-17T21:48:54+08:00 ] 127.0.0.1 /myweibo/Common/addFollow.html
INFO: [ app_begin ] --START--
INFO: Run Behavior\ReadHtmlCacheBehavior [ RunTime:0.000500s ]
INFO: [ app_begin ] --END-- [ RunTime:0.001500s ]

[ 2016-08-17T21:49:55+08:00 ] 127.0.0.1 /myweibo/Common/addFollow.html
INFO: [ app_begin ] --START--
INFO: Run Behavior\ReadHtmlCacheBehavior [ RunTime:0.001000s ]
INFO: [ app_begin ] --END-- [ RunTime:0.001500s ]
NOTIC: [8] Undefined offset: 1 D:\phpStudy\WWW\gitproject\myweibo\Application\Home\Controller\CommonController.class.php 第 24 行.
SQL: SHOW COLUMNS FROM `wb_follow` [ RunTime:0.0045s ]
NOTIC: [2] Invalid argument supplied for foreach() D:\phpStudy\WWW\gitproject\myweibo\ThinkPHP\Library\Think\Model.class.php 第 267 行.
NOTIC: [2] Invalid argument supplied for foreach() D:\phpStudy\WWW\gitproject\myweibo\ThinkPHP\Library\Think\Db\Driver.class.php 第 802 行.
SQL: INSERT INTO `wb_follow` () VALUES () [ RunTime:0.0005s ]
SQL: UPDATE `wb_userinfo` SET `follow`=follow+1 WHERE `uid` = 10 [ RunTime:0.0360s ]
SQL: UPDATE `wb_userinfo` SET `fans`=fans+1 WHERE `uid` = 0 [ RunTime:0.0005s ]
INFO: [ app_end ] --START--
INFO: Run Behavior\ShowPageTraceBehavior [ RunTime:0.002000s ]
INFO: [ app_end ] --END-- [ RunTime:0.002500s ]

[ 2016-08-17T21:49:55+08:00 ] 127.0.0.1 /myweibo/Common/addFollow.html
INFO: [ app_begin ] --START--
INFO: Run Behavior\ReadHtmlCacheBehavior [ RunTime:0.001000s ]
INFO: [ app_begin ] --END-- [ RunTime:0.001500s ]
NOTIC: [8] Undefined offset: 1 D:\phpStudy\WWW\gitproject\myweibo\Application\Home\Controller\CommonController.class.php 第 24 行.
NOTIC: [2] Invalid argument supplied for foreach() D:\phpStudy\WWW\gitproject\myweibo\ThinkPHP\Library\Think\Model.class.php 第 267 行.
NOTIC: [2] Invalid argument supplied for foreach() D:\phpStudy\WWW\gitproject\myweibo\ThinkPHP\Library\Think\Db\Driver.class.php 第 802 行.
SQL: INSERT INTO `wb_follow` () VALUES () [ RunTime:0.0000s ]
SQL: UPDATE `wb_userinfo` SET `follow`=follow+1 WHERE `uid` = 10 [ RunTime:0.0005s ]
SQL: UPDATE `wb_userinfo` SET `fans`=fans+1 WHERE `uid` = 0 [ RunTime:0.0000s ]
INFO: [ app_end ] --START--
INFO: Run Behavior\ShowPageTraceBehavior [ RunTime:0.001000s ]
INFO: [ app_end ] --END-- [ RunTime:0.001000s ]

[ 2016-08-17T21:49:55+08:00 ] 127.0.0.1 /myweibo/Common/addFollow.html
INFO: [ app_begin ] --START--
INFO: Run Behavior\ReadHtmlCacheBehavior [ RunTime:0.001000s ]
INFO: [ app_begin ] --END-- [ RunTime:0.002000s ]
NOTIC: [8] Undefined offset: 1 D:\phpStudy\WWW\gitproject\myweibo\Application\Home\Controller\CommonController.class.php 第 24 行.
NOTIC: [2] Invalid argument supplied for foreach() D:\phpStudy\WWW\gitproject\myweibo\ThinkPHP\Library\Think\Model.class.php 第 267 行.
NOTIC: [2] Invalid argument supplied for foreach() D:\phpStudy\WWW\gitproject\myweibo\ThinkPHP\Library\Think\Db\Driver.class.php 第 802 行.
SQL: INSERT INTO `wb_follow` () VALUES () [ RunTime:0.0005s ]
SQL: UPDATE `wb_userinfo` SET `follow`=follow+1 WHERE `uid` = 10 [ RunTime:0.0005s ]
SQL: UPDATE `wb_userinfo` SET `fans`=fans+1 WHERE `uid` = 0 [ RunTime:0.0000s ]
INFO: [ app_end ] --START--
INFO: Run Behavior\ShowPageTraceBehavior [ RunTime:0.000500s ]
INFO: [ app_end ] --END-- [ RunTime:0.000500s ]

[ 2016-08-17T21:49:56+08:00 ] 127.0.0.1 /myweibo/Common/addFollow.html
INFO: [ app_begin ] --START--
INFO: Run Behavior\ReadHtmlCacheBehavior [ RunTime:0.001000s ]
INFO: [ app_begin ] --END-- [ RunTime:0.001500s ]
NOTIC: [8] Undefined offset: 1 D:\phpStudy\WWW\gitproject\myweibo\Application\Home\Controller\CommonController.class.php 第 24 行.
NOTIC: [2] Invalid argument supplied for foreach() D:\phpStudy\WWW\gitproject\myweibo\ThinkPHP\Library\Think\Model.class.php 第 267 行.
NOTIC: [2] Invalid argument supplied for foreach() D:\phpStudy\WWW\gitproject\myweibo\ThinkPHP\Library\Think\Db\Driver.class.php 第 802 行.
SQL: INSERT INTO `wb_follow` () VALUES () [ RunTime:0.0005s ]
SQL: UPDATE `wb_userinfo` SET `follow`=follow+1 WHERE `uid` = 10 [ RunTime:0.0000s ]
SQL: UPDATE `wb_userinfo` SET `fans`=fans+1 WHERE `uid` = 0 [ RunTime:0.0000s ]
INFO: [ app_end ] --START--
INFO: Run Behavior\ShowPageTraceBehavior [ RunTime:0.001000s ]
INFO: [ app_end ] --END-- [ RunTime:0.001000s ]

[ 2016-08-17T21:50:43+08:00 ] 127.0.0.1 /myweibo/Common/addFollow.html
INFO: [ app_begin ] --START--
INFO: Run Behavior\ReadHtmlCacheBehavior [ RunTime:0.001000s ]
INFO: [ app_begin ] --END-- [ RunTime:0.001500s ]
NOTIC: [8] Undefined offset: 1 D:\phpStudy\WWW\gitproject\myweibo\Application\Home\Controller\CommonController.class.php 第 24 行.
NOTIC: [2] Invalid argument supplied for foreach() D:\phpStudy\WWW\gitproject\myweibo\ThinkPHP\Library\Think\Model.class.php 第 267 行.
NOTIC: [2] Invalid argument supplied for foreach() D:\phpStudy\WWW\gitproject\myweibo\ThinkPHP\Library\Think\Db\Driver.class.php 第 802 行.
SQL: INSERT INTO `wb_follow` () VALUES () [ RunTime:0.0005s ]
SQL: UPDATE `wb_userinfo` SET `follow`=follow+1 WHERE `uid` = 10 [ RunTime:0.0005s ]
SQL: UPDATE `wb_userinfo` SET `fans`=fans+1 WHERE `uid` = 0 [ RunTime:0.0005s ]
INFO: [ app_end ] --START--
INFO: Run Behavior\ShowPageTraceBehavior [ RunTime:0.001000s ]
INFO: [ app_end ] --END-- [ RunTime:0.001000s ]

[ 2016-08-17T21:50:43+08:00 ] 127.0.0.1 /myweibo/Common/addFollow.html
INFO: [ app_begin ] --START--
INFO: Run Behavior\ReadHtmlCacheBehavior [ RunTime:0.000500s ]
INFO: [ app_begin ] --END-- [ RunTime:0.001000s ]
NOTIC: [8] Undefined offset: 1 D:\phpStudy\WWW\gitproject\myweibo\Application\Home\Controller\CommonController.class.php 第 24 行.
NOTIC: [2] Invalid argument supplied for foreach() D:\phpStudy\WWW\gitproject\myweibo\ThinkPHP\Library\Think\Model.class.php 第 267 行.
NOTIC: [2] Invalid argument supplied for foreach() D:\phpStudy\WWW\gitproject\myweibo\ThinkPHP\Library\Think\Db\Driver.class.php 第 802 行.
SQL: INSERT INTO `wb_follow` () VALUES () [ RunTime:0.0000s ]
SQL: UPDATE `wb_userinfo` SET `follow`=follow+1 WHERE `uid` = 10 [ RunTime:0.0005s ]
SQL: UPDATE `wb_userinfo` SET `fans`=fans+1 WHERE `uid` = 0 [ RunTime:0.0000s ]
INFO: [ app_end ] --START--
INFO: Run Behavior\ShowPageTraceBehavior [ RunTime:0.001001s ]
INFO: [ app_end ] --END-- [ RunTime:0.001001s ]

[ 2016-08-17T21:50:44+08:00 ] 127.0.0.1 /myweibo/Common/addFollow.html
INFO: [ app_begin ] --START--
INFO: Run Behavior\ReadHtmlCacheBehavior [ RunTime:0.001500s ]
INFO: [ app_begin ] --END-- [ RunTime:0.002500s ]
NOTIC: [8] Undefined offset: 1 D:\phpStudy\WWW\gitproject\myweibo\Application\Home\Controller\CommonController.class.php 第 24 行.
NOTIC: [2] Invalid argument supplied for foreach() D:\phpStudy\WWW\gitproject\myweibo\ThinkPHP\Library\Think\Model.class.php 第 267 行.
NOTIC: [2] Invalid argument supplied for foreach() D:\phpStudy\WWW\gitproject\myweibo\ThinkPHP\Library\Think\Db\Driver.class.php 第 802 行.
SQL: INSERT INTO `wb_follow` () VALUES () [ RunTime:0.0000s ]
SQL: UPDATE `wb_userinfo` SET `follow`=follow+1 WHERE `uid` = 10 [ RunTime:0.0000s ]
SQL: UPDATE `wb_userinfo` SET `fans`=fans+1 WHERE `uid` = 0 [ RunTime:0.0000s ]
INFO: [ app_end ] --START--
INFO: Run Behavior\ShowPageTraceBehavior [ RunTime:0.001000s ]
INFO: [ app_end ] --END-- [ RunTime:0.001000s ]

[ 2016-08-17T21:50:44+08:00 ] 127.0.0.1 /myweibo/Common/addFollow.html
INFO: [ app_begin ] --START--
INFO: Run Behavior\ReadHtmlCacheBehavior [ RunTime:0.001000s ]
INFO: [ app_begin ] --END-- [ RunTime:0.001501s ]
NOTIC: [8] Undefined offset: 1 D:\phpStudy\WWW\gitproject\myweibo\Application\Home\Controller\CommonController.class.php 第 24 行.
NOTIC: [2] Invalid argument supplied for foreach() D:\phpStudy\WWW\gitproject\myweibo\ThinkPHP\Library\Think\Model.class.php 第 267 行.
NOTIC: [2] Invalid argument supplied for foreach() D:\phpStudy\WWW\gitproject\myweibo\ThinkPHP\Library\Think\Db\Driver.class.php 第 802 行.
SQL: INSERT INTO `wb_follow` () VALUES () [ RunTime:0.0005s ]
SQL: UPDATE `wb_userinfo` SET `follow`=follow+1 WHERE `uid` = 10 [ RunTime:0.0000s ]
SQL: UPDATE `wb_userinfo` SET `fans`=fans+1 WHERE `uid` = 0 [ RunTime:0.0000s ]
INFO: [ app_end ] --START--
INFO: Run Behavior\ShowPageTraceBehavior [ RunTime:0.001000s ]
INFO: [ app_end ] --END-- [ RunTime:0.001000s ]

[ 2016-08-17T21:50:49+08:00 ] 127.0.0.1 /myweibo/Common/addFollow.html
INFO: [ app_begin ] --START--
INFO: Run Behavior\ReadHtmlCacheBehavior [ RunTime:0.001500s ]
INFO: [ app_begin ] --END-- [ RunTime:0.003000s ]
NOTIC: [8] Undefined offset: 1 D:\phpStudy\WWW\gitproject\myweibo\Application\Home\Controller\CommonController.class.php 第 24 行.
NOTIC: [2] Invalid argument supplied for foreach() D:\phpStudy\WWW\gitproject\myweibo\ThinkPHP\Library\Think\Model.class.php 第 267 行.
NOTIC: [2] Invalid argument supplied for foreach() D:\phpStudy\WWW\gitproject\myweibo\ThinkPHP\Library\Think\Db\Driver.class.php 第 802 行.
SQL: INSERT INTO `wb_follow` () VALUES () [ RunTime:0.0000s ]
SQL: UPDATE `wb_userinfo` SET `follow`=follow+1 WHERE `uid` = 10 [ RunTime:0.0000s ]
SQL: UPDATE `wb_userinfo` SET `fans`=fans+1 WHERE `uid` = 0 [ RunTime:0.0000s ]
INFO: [ app_end ] --START--
INFO: Run Behavior\ShowPageTraceBehavior [ RunTime:0.001000s ]
INFO: [ app_end ] --END-- [ RunTime:0.001000s ]

[ 2016-08-17T21:50:49+08:00 ] 127.0.0.1 /myweibo/Common/addFollow.html
INFO: [ app_begin ] --START--
INFO: Run Behavior\ReadHtmlCacheBehavior [ RunTime:0.001000s ]
INFO: [ app_begin ] --END-- [ RunTime:0.001500s ]
NOTIC: [8] Undefined offset: 1 D:\phpStudy\WWW\gitproject\myweibo\Application\Home\Controller\CommonController.class.php 第 24 行.
NOTIC: [2] Invalid argument supplied for foreach() D:\phpStudy\WWW\gitproject\myweibo\ThinkPHP\Library\Think\Model.class.php 第 267 行.
NOTIC: [2] Invalid argument supplied for foreach() D:\phpStudy\WWW\gitproject\myweibo\ThinkPHP\Library\Think\Db\Driver.class.php 第 802 行.
SQL: INSERT INTO `wb_follow` () VALUES () [ RunTime:0.0000s ]
SQL: UPDATE `wb_userinfo` SET `follow`=follow+1 WHERE `uid` = 10 [ RunTime:0.0000s ]
SQL: UPDATE `wb_userinfo` SET `fans`=fans+1 WHERE `uid` = 0 [ RunTime:0.0000s ]
INFO: [ app_end ] --START--
INFO: Run Behavior\ShowPageTraceBehavior [ RunTime:0.001000s ]
INFO: [ app_end ] --END-- [ RunTime:0.001000s ]

[ 2016-08-17T21:50:49+08:00 ] 127.0.0.1 /myweibo/Common/addFollow.html
INFO: [ app_begin ] --START--
INFO: Run Behavior\ReadHtmlCacheBehavior [ RunTime:0.002000s ]
INFO: [ app_begin ] --END-- [ RunTime:0.003001s ]
NOTIC: [8] Undefined offset: 1 D:\phpStudy\WWW\gitproject\myweibo\Application\Home\Controller\CommonController.class.php 第 24 行.
NOTIC: [2] Invalid argument supplied for foreach() D:\phpStudy\WWW\gitproject\myweibo\ThinkPHP\Library\Think\Model.class.php 第 267 行.
NOTIC: [2] Invalid argument supplied for foreach() D:\phpStudy\WWW\gitproject\myweibo\ThinkPHP\Library\Think\Db\Driver.class.php 第 802 行.
SQL: INSERT INTO `wb_follow` () VALUES () [ RunTime:0.0005s ]
SQL: UPDATE `wb_userinfo` SET `follow`=follow+1 WHERE `uid` = 10 [ RunTime:0.0000s ]
SQL: UPDATE `wb_userinfo` SET `fans`=fans+1 WHERE `uid` = 0 [ RunTime:0.0000s ]
INFO: [ app_end ] --START--
INFO: Run Behavior\ShowPageTraceBehavior [ RunTime:0.001000s ]
INFO: [ app_end ] --END-- [ RunTime:0.001000s ]

[ 2016-08-17T21:50:49+08:00 ] 127.0.0.1 /myweibo/Common/addFollow.html
INFO: [ app_begin ] --START--
INFO: Run Behavior\ReadHtmlCacheBehavior [ RunTime:0.000500s ]
INFO: [ app_begin ] --END-- [ RunTime:0.001000s ]
NOTIC: [8] Undefined offset: 1 D:\phpStudy\WWW\gitproject\myweibo\Application\Home\Controller\CommonController.class.php 第 24 行.
NOTIC: [2] Invalid argument supplied for foreach() D:\phpStudy\WWW\gitproject\myweibo\ThinkPHP\Library\Think\Model.class.php 第 267 行.
NOTIC: [2] Invalid argument supplied for foreach() D:\phpStudy\WWW\gitproject\myweibo\ThinkPHP\Library\Think\Db\Driver.class.php 第 802 行.
SQL: INSERT INTO `wb_follow` () VALUES () [ RunTime:0.0005s ]
SQL: UPDATE `wb_userinfo` SET `follow`=follow+1 WHERE `uid` = 10 [ RunTime:0.0005s ]
SQL: UPDATE `wb_userinfo` SET `fans`=fans+1 WHERE `uid` = 0 [ RunTime:0.0000s ]
INFO: [ app_end ] --START--
INFO: Run Behavior\ShowPageTraceBehavior [ RunTime:0.000500s ]
INFO: [ app_end ] --END-- [ RunTime:0.000500s ]

[ 2016-08-17T21:50:52+08:00 ] 127.0.0.1 /myweibo/Common/addFollow.html
INFO: [ app_begin ] --START--
INFO: Run Behavior\ReadHtmlCacheBehavior [ RunTime:0.001000s ]
INFO: [ app_begin ] --END-- [ RunTime:0.002000s ]
NOTIC: [8] Undefined offset: 1 D:\phpStudy\WWW\gitproject\myweibo\Application\Home\Controller\CommonController.class.php 第 24 行.
NOTIC: [2] Invalid argument supplied for foreach() D:\phpStudy\WWW\gitproject\myweibo\ThinkPHP\Library\Think\Model.class.php 第 267 行.
NOTIC: [2] Invalid argument supplied for foreach() D:\phpStudy\WWW\gitproject\myweibo\ThinkPHP\Library\Think\Db\Driver.class.php 第 802 行.
SQL: INSERT INTO `wb_follow` () VALUES () [ RunTime:0.0000s ]
SQL: UPDATE `wb_userinfo` SET `follow`=follow+1 WHERE `uid` = 10 [ RunTime:0.0000s ]
SQL: UPDATE `wb_userinfo` SET `fans`=fans+1 WHERE `uid` = 0 [ RunTime:0.0000s ]
INFO: [ app_end ] --START--
INFO: Run Behavior\ShowPageTraceBehavior [ RunTime:0.000500s ]
INFO: [ app_end ] --END-- [ RunTime:0.000500s ]

[ 2016-08-17T21:50:52+08:00 ] 127.0.0.1 /myweibo/Common/addFollow.html
INFO: [ app_begin ] --START--
INFO: Run Behavior\ReadHtmlCacheBehavior [ RunTime:0.001000s ]
INFO: [ app_begin ] --END-- [ RunTime:0.001500s ]
NOTIC: [8] Undefined offset: 1 D:\phpStudy\WWW\gitproject\myweibo\Application\Home\Controller\CommonController.class.php 第 24 行.
NOTIC: [2] Invalid argument supplied for foreach() D:\phpStudy\WWW\gitproject\myweibo\ThinkPHP\Library\Think\Model.class.php 第 267 行.
NOTIC: [2] Invalid argument supplied for foreach() D:\phpStudy\WWW\gitproject\myweibo\ThinkPHP\Library\Think\Db\Driver.class.php 第 802 行.
SQL: INSERT INTO `wb_follow` () VALUES () [ RunTime:0.0005s ]
SQL: UPDATE `wb_userinfo` SET `follow`=follow+1 WHERE `uid` = 10 [ RunTime:0.0005s ]
SQL: UPDATE `wb_userinfo` SET `fans`=fans+1 WHERE `uid` = 0 [ RunTime:0.0005s ]
INFO: [ app_end ] --START--
INFO: Run Behavior\ShowPageTraceBehavior [ RunTime:0.001000s ]
INFO: [ app_end ] --END-- [ RunTime:0.001000s ]

[ 2016-08-17T21:53:29+08:00 ] 127.0.0.1 /myweibo/Common/addFollow.html
INFO: [ app_begin ] --START--
INFO: Run Behavior\ReadHtmlCacheBehavior [ RunTime:0.000500s ]
INFO: [ app_begin ] --END-- [ RunTime:0.001000s ]
NOTIC: [8] Undefined offset: 1 D:\phpStudy\WWW\gitproject\myweibo\Application\Home\Controller\CommonController.class.php 第 24 行.
NOTIC: [2] Invalid argument supplied for foreach() D:\phpStudy\WWW\gitproject\myweibo\ThinkPHP\Library\Think\Model.class.php 第 267 行.
NOTIC: [2] Invalid argument supplied for foreach() D:\phpStudy\WWW\gitproject\myweibo\ThinkPHP\Library\Think\Db\Driver.class.php 第 802 行.
SQL: INSERT INTO `wb_follow` () VALUES () [ RunTime:0.0000s ]
SQL: UPDATE `wb_userinfo` SET `follow`=follow+1 WHERE `uid` = 10 [ RunTime:0.0005s ]
SQL: UPDATE `wb_userinfo` SET `fans`=fans+1 WHERE `uid` = 0 [ RunTime:0.0000s ]
INFO: [ app_end ] --START--
INFO: Run Behavior\ShowPageTraceBehavior [ RunTime:0.001001s ]
INFO: [ app_end ] --END-- [ RunTime:0.001001s ]

[ 2016-08-17T23:32:24+08:00 ] 127.0.0.1 /myweibo/Login/checkAccount.html
INFO: [ app_begin ] --START--
INFO: Run Behavior\ReadHtmlCacheBehavior [ RunTime:0.001000s ]
INFO: [ app_begin ] --END-- [ RunTime:0.001000s ]
SQL: SELECT * FROM `wb_user` WHERE `account` = 'admin' LIMIT 1   [ RunTime:0.0010s ]
INFO: [ app_end ] --START--
INFO: Run Behavior\ShowPageTraceBehavior [ RunTime:0.001000s ]
INFO: [ app_end ] --END-- [ RunTime:0.001000s ]

[ 2016-08-17T23:32:27+08:00 ] 127.0.0.1 /myweibo/Login/checkUname.html
INFO: [ app_begin ] --START--
INFO: Run Behavior\ReadHtmlCacheBehavior [ RunTime:0.001000s ]
INFO: [ app_begin ] --END-- [ RunTime:0.001000s ]
SQL: SELECT * FROM `wb_user` LIMIT 1   [ RunTime:0.0010s ]
INFO: [ app_end ] --START--
INFO: Run Behavior\ShowPageTraceBehavior [ RunTime:0.000000s ]
INFO: [ app_end ] --END-- [ RunTime:0.000000s ]

[ 2016-08-17T23:32:49+08:00 ] 127.0.0.1 /myweibo/Login/checkUname.html
INFO: [ app_begin ] --START--
INFO: Run Behavior\ReadHtmlCacheBehavior [ RunTime:0.000000s ]
INFO: [ app_begin ] --END-- [ RunTime:0.000000s ]
SQL: SELECT * FROM `wb_user` LIMIT 1   [ RunTime:0.0010s ]
INFO: [ app_end ] --START--
INFO: Run Behavior\ShowPageTraceBehavior [ RunTime:0.000000s ]
INFO: [ app_end ] --END-- [ RunTime:0.000000s ]

[ 2016-08-17T23:32:49+08:00 ] 127.0.0.1 /myweibo/Login/checkUname.html
INFO: [ app_begin ] --START--
INFO: Run Behavior\ReadHtmlCacheBehavior [ RunTime:0.000000s ]
INFO: [ app_begin ] --END-- [ RunTime:0.001000s ]
SQL: SELECT * FROM `wb_user` LIMIT 1   [ RunTime:0.0010s ]
INFO: [ app_end ] --START--
INFO: Run Behavior\ShowPageTraceBehavior [ RunTime:0.001001s ]
INFO: [ app_end ] --END-- [ RunTime:0.001001s ]

[ 2016-08-17T23:32:54+08:00 ] 127.0.0.1 /myweibo/Login/checkUname.html
INFO: [ app_begin ] --START--
INFO: Run Behavior\ReadHtmlCacheBehavior [ RunTime:0.001000s ]
INFO: [ app_begin ] --END-- [ RunTime:0.001000s ]
SQL: SELECT * FROM `wb_user` LIMIT 1   [ RunTime:0.0000s ]
INFO: [ app_end ] --START--
INFO: Run Behavior\ShowPageTraceBehavior [ RunTime:0.000000s ]
INFO: [ app_end ] --END-- [ RunTime:0.001000s ]

[ 2016-08-17T23:33:02+08:00 ] 127.0.0.1 /myweibo/Login/checkUname.html
INFO: [ app_begin ] --START--
INFO: Run Behavior\ReadHtmlCacheBehavior [ RunTime:0.000000s ]
INFO: [ app_begin ] --END-- [ RunTime:0.001000s ]
SQL: SELECT * FROM `wb_user` LIMIT 1   [ RunTime:0.0000s ]
INFO: [ app_end ] --START--
INFO: Run Behavior\ShowPageTraceBehavior [ RunTime:0.001000s ]
INFO: [ app_end ] --END-- [ RunTime:0.001000s ]

[ 2016-08-17T23:33:02+08:00 ] 127.0.0.1 /myweibo/Login/checkUname.html
INFO: [ app_begin ] --START--
INFO: Run Behavior\ReadHtmlCacheBehavior [ RunTime:0.000000s ]
INFO: [ app_begin ] --END-- [ RunTime:0.002000s ]
SQL: SELECT * FROM `wb_user` LIMIT 1   [ RunTime:0.0010s ]
INFO: [ app_end ] --START--
INFO: Run Behavior\ShowPageTraceBehavior [ RunTime:0.001000s ]
INFO: [ app_end ] --END-- [ RunTime:0.001000s ]

[ 2016-08-17T23:33:03+08:00 ] 127.0.0.1 /myweibo/Login/checkUname.html
INFO: [ app_begin ] --START--
INFO: Run Behavior\ReadHtmlCacheBehavior [ RunTime:0.001000s ]
INFO: [ app_begin ] --END-- [ RunTime:0.001000s ]
SQL: SELECT * FROM `wb_user` LIMIT 1   [ RunTime:0.0000s ]
INFO: [ app_end ] --START--
INFO: Run Behavior\ShowPageTraceBehavior [ RunTime:0.000000s ]
INFO: [ app_end ] --END-- [ RunTime:0.000000s ]

[ 2016-08-17T23:33:04+08:00 ] 127.0.0.1 /myweibo/Login/checkUname.html
INFO: [ app_begin ] --START--
INFO: Run Behavior\ReadHtmlCacheBehavior [ RunTime:0.001000s ]
INFO: [ app_begin ] --END-- [ RunTime:0.001000s ]
SQL: SELECT * FROM `wb_user` LIMIT 1   [ RunTime:0.0010s ]
INFO: [ app_end ] --START--
INFO: Run Behavior\ShowPageTraceBehavior [ RunTime:0.001000s ]
INFO: [ app_end ] --END-- [ RunTime:0.001000s ]

[ 2016-08-17T23:33:04+08:00 ] 127.0.0.1 /myweibo/Login/checkUname.html
INFO: [ app_begin ] --START--
INFO: Run Behavior\ReadHtmlCacheBehavior [ RunTime:0.001000s ]
INFO: [ app_begin ] --END-- [ RunTime:0.002000s ]
SQL: SELECT * FROM `wb_user` LIMIT 1   [ RunTime:0.0000s ]
INFO: [ app_end ] --START--
INFO: Run Behavior\ShowPageTraceBehavior [ RunTime:0.001000s ]
INFO: [ app_end ] --END-- [ RunTime:0.001000s ]

[ 2016-08-17T23:33:04+08:00 ] 127.0.0.1 /myweibo/Login/checkUname.html
INFO: [ app_begin ] --START--
INFO: Run Behavior\ReadHtmlCacheBehavior [ RunTime:0.000000s ]
INFO: [ app_begin ] --END-- [ RunTime:0.001000s ]
SQL: SELECT * FROM `wb_user` LIMIT 1   [ RunTime:0.0000s ]
INFO: [ app_end ] --START--
INFO: Run Behavior\ShowPageTraceBehavior [ RunTime:0.001000s ]
INFO: [ app_end ] --END-- [ RunTime:0.001000s ]

[ 2016-08-17T23:33:04+08:00 ] 127.0.0.1 /myweibo/Login/checkUname.html
INFO: [ app_begin ] --START--
INFO: Run Behavior\ReadHtmlCacheBehavior [ RunTime:0.000000s ]
INFO: [ app_begin ] --END-- [ RunTime:0.002000s ]
SQL: SELECT * FROM `wb_user` LIMIT 1   [ RunTime:0.0010s ]
INFO: [ app_end ] --START--
INFO: Run Behavior\ShowPageTraceBehavior [ RunTime:0.001000s ]
INFO: [ app_end ] --END-- [ RunTime:0.001000s ]

[ 2016-08-17T23:33:04+08:00 ] 127.0.0.1 /myweibo/Login/checkUname.html
INFO: [ app_begin ] --START--
INFO: Run Behavior\ReadHtmlCacheBehavior [ RunTime:0.001000s ]
INFO: [ app_begin ] --END-- [ RunTime:0.002000s ]
SQL: SELECT * FROM `wb_user` LIMIT 1   [ RunTime:0.0000s ]
INFO: [ app_end ] --START--
INFO: Run Behavior\ShowPageTraceBehavior [ RunTime:0.002000s ]
INFO: [ app_end ] --END-- [ RunTime:0.002000s ]

[ 2016-08-17T23:33:05+08:00 ] 127.0.0.1 /myweibo/Login/checkUname.html
INFO: [ app_begin ] --START--
INFO: Run Behavior\ReadHtmlCacheBehavior [ RunTime:0.001000s ]
INFO: [ app_begin ] --END-- [ RunTime:0.002000s ]
SQL: SELECT * FROM `wb_user` LIMIT 1   [ RunTime:0.0010s ]
INFO: [ app_end ] --START--
INFO: Run Behavior\ShowPageTraceBehavior [ RunTime:0.000000s ]
INFO: [ app_end ] --END-- [ RunTime:0.000000s ]

[ 2016-08-17T23:33:05+08:00 ] 127.0.0.1 /myweibo/Login/checkUname.html
INFO: [ app_begin ] --START--
INFO: Run Behavior\ReadHtmlCacheBehavior [ RunTime:0.001000s ]
INFO: [ app_begin ] --END-- [ RunTime:0.001000s ]
SQL: SELECT * FROM `wb_user` LIMIT 1   [ RunTime:0.0010s ]
INFO: [ app_end ] --START--
INFO: Run Behavior\ShowPageTraceBehavior [ RunTime:0.000000s ]
INFO: [ app_end ] --END-- [ RunTime:0.000000s ]

[ 2016-08-17T23:33:05+08:00 ] 127.0.0.1 /myweibo/Login/checkUname.html
INFO: [ app_begin ] --START--
INFO: Run Behavior\ReadHtmlCacheBehavior [ RunTime:0.000000s ]
INFO: [ app_begin ] --END-- [ RunTime:0.001000s ]
SQL: SELECT * FROM `wb_user` LIMIT 1   [ RunTime:0.0000s ]
INFO: [ app_end ] --START--
INFO: Run Behavior\ShowPageTraceBehavior [ RunTime:0.000000s ]
INFO: [ app_end ] --END-- [ RunTime:0.000000s ]

[ 2016-08-17T23:33:05+08:00 ] 127.0.0.1 /myweibo/Login/checkUname.html
INFO: [ app_begin ] --START--
INFO: Run Behavior\ReadHtmlCacheBehavior [ RunTime:0.000000s ]
INFO: [ app_begin ] --END-- [ RunTime:0.002001s ]
SQL: SELECT * FROM `wb_user` LIMIT 1   [ RunTime:0.0000s ]
INFO: [ app_end ] --START--
INFO: Run Behavior\ShowPageTraceBehavior [ RunTime:0.000000s ]
INFO: [ app_end ] --END-- [ RunTime:0.000000s ]

[ 2016-08-17T23:33:09+08:00 ] 127.0.0.1 /myweibo/Login/checkUname.html
INFO: [ app_begin ] --START--
INFO: Run Behavior\ReadHtmlCacheBehavior [ RunTime:0.000000s ]
INFO: [ app_begin ] --END-- [ RunTime:0.001000s ]
SQL: SELECT * FROM `wb_user` LIMIT 1   [ RunTime:0.0000s ]
INFO: [ app_end ] --START--
INFO: Run Behavior\ShowPageTraceBehavior [ RunTime:0.001000s ]
INFO: [ app_end ] --END-- [ RunTime:0.001000s ]

[ 2016-08-17T23:33:09+08:00 ] 127.0.0.1 /myweibo/Login/checkUname.html
INFO: [ app_begin ] --START--
INFO: Run Behavior\ReadHtmlCacheBehavior [ RunTime:0.000000s ]
INFO: [ app_begin ] --END-- [ RunTime:0.001000s ]
SQL: SELECT * FROM `wb_user` LIMIT 1   [ RunTime:0.0010s ]
INFO: [ app_end ] --START--
INFO: Run Behavior\ShowPageTraceBehavior [ RunTime:0.000000s ]
INFO: [ app_end ] --END-- [ RunTime:0.000000s ]

[ 2016-08-17T23:33:09+08:00 ] 127.0.0.1 /myweibo/Login/checkUname.html
INFO: [ app_begin ] --START--
INFO: Run Behavior\ReadHtmlCacheBehavior [ RunTime:0.000000s ]
INFO: [ app_begin ] --END-- [ RunTime:0.002000s ]
SQL: SELECT * FROM `wb_user` LIMIT 1   [ RunTime:0.0000s ]
INFO: [ app_end ] --START--
INFO: Run Behavior\ShowPageTraceBehavior [ RunTime:0.000000s ]
INFO: [ app_end ] --END-- [ RunTime:0.000000s ]

[ 2016-08-17T23:33:09+08:00 ] 127.0.0.1 /myweibo/Login/checkUname.html
INFO: [ app_begin ] --START--
INFO: Run Behavior\ReadHtmlCacheBehavior [ RunTime:0.001000s ]
INFO: [ app_begin ] --END-- [ RunTime:0.001000s ]
SQL: SELECT * FROM `wb_user` LIMIT 1   [ RunTime:0.0010s ]
INFO: [ app_end ] --START--
INFO: Run Behavior\ShowPageTraceBehavior [ RunTime:0.000000s ]
INFO: [ app_end ] --END-- [ RunTime:0.000000s ]

[ 2016-08-17T23:33:10+08:00 ] 127.0.0.1 /myweibo/Login/checkUname.html
INFO: [ app_begin ] --START--
INFO: Run Behavior\ReadHtmlCacheBehavior [ RunTime:0.001000s ]
INFO: [ app_begin ] --END-- [ RunTime:0.001000s ]
SQL: SELECT * FROM `wb_user` LIMIT 1   [ RunTime:0.0000s ]
INFO: [ app_end ] --START--
INFO: Run Behavior\ShowPageTraceBehavior [ RunTime:0.001000s ]
INFO: [ app_end ] --END-- [ RunTime:0.001000s ]

[ 2016-08-17T23:33:10+08:00 ] 127.0.0.1 /myweibo/Login/checkUname.html
INFO: [ app_begin ] --START--
INFO: Run Behavior\ReadHtmlCacheBehavior [ RunTime:0.001000s ]
INFO: [ app_begin ] --END-- [ RunTime:0.001000s ]
SQL: SELECT * FROM `wb_user` LIMIT 1   [ RunTime:0.0000s ]
INFO: [ app_end ] --START--
INFO: Run Behavior\ShowPageTraceBehavior [ RunTime:0.001000s ]
INFO: [ app_end ] --END-- [ RunTime:0.001000s ]

[ 2016-08-17T23:33:10+08:00 ] 127.0.0.1 /myweibo/Login/checkUname.html
INFO: [ app_begin ] --START--
INFO: Run Behavior\ReadHtmlCacheBehavior [ RunTime:0.001000s ]
INFO: [ app_begin ] --END-- [ RunTime:0.001000s ]
SQL: SELECT * FROM `wb_user` LIMIT 1   [ RunTime:0.0010s ]
INFO: [ app_end ] --START--
INFO: Run Behavior\ShowPageTraceBehavior [ RunTime:0.000000s ]
INFO: [ app_end ] --END-- [ RunTime:0.000000s ]

