[ 2016-08-13T10:18:45+08:00 ] 127.0.0.1 /myweibo/
ERR: 非法操作:index

[ 2016-08-13T10:19:54+08:00 ] 127.0.0.1 /myweibo/
ERR: 非法操作:index

[ 2016-08-13T10:20:03+08:00 ] 127.0.0.1 /myweibo/Public/Js/jquery-1.7.2.min.js
ERR: 无法加载控制器:Public

[ 2016-08-13T10:20:03+08:00 ] 127.0.0.1 /myweibo/Public/Css/regis.css
ERR: 无法加载控制器:Public

[ 2016-08-13T10:20:03+08:00 ] 127.0.0.1 /myweibo/Public/Js/register.js
ERR: 无法加载控制器:Public

[ 2016-08-13T10:20:03+08:00 ] 127.0.0.1 /myweibo/Public/Js/jquery-validate.js
ERR: 无法加载控制器:Public

[ 2016-08-13T10:20:03+08:00 ] 127.0.0.1 /myweibo/Login/verify
ERR: 非法操作:verify

[ 2016-08-13T10:20:03+08:00 ] 127.0.0.1 /myweibo/Public/Js/register.js
ERR: 无法加载控制器:Public

[ 2016-08-13T10:20:03+08:00 ] 127.0.0.1 /myweibo/Login/verify
ERR: 非法操作:verify

[ 2016-08-13T10:20:40+08:00 ] 127.0.0.1 /myweibo/Login/verify
ERR: 非法操作:verify

[ 2016-08-13T10:20:40+08:00 ] 127.0.0.1 /myweibo/Login/verify
ERR: 非法操作:verify

[ 2016-08-13T10:24:49+08:00 ] 127.0.0.1 /myweibo/Login/verify/0.6251403761701559
ERR: 非法操作:verify

[ 2016-08-13T10:42:40+08:00 ] 127.0.0.1 /myweibo/Login/verify.html/0.04291595443169616
ERR: 非法操作:verify.html

[ 2016-08-13T10:42:41+08:00 ] 127.0.0.1 /myweibo/Login/verify.html/0.7819698906260215
ERR: 非法操作:verify.html

[ 2016-08-13T10:42:43+08:00 ] 127.0.0.1 /myweibo/Login/verify.html/0.6341527041352744
ERR: 非法操作:verify.html

[ 2016-08-13T10:42:44+08:00 ] 127.0.0.1 /myweibo/Login/verify.html/0.7284015728781308
ERR: 非法操作:verify.html

[ 2016-08-13T10:42:46+08:00 ] 127.0.0.1 /myweibo/Login/verify.html/0.27927925119412755
ERR: 非法操作:verify.html

[ 2016-08-13T10:42:47+08:00 ] 127.0.0.1 /myweibo/Login/verify.html/0.8075617061982598
ERR: 非法操作:verify.html

[ 2016-08-13T10:42:48+08:00 ] 127.0.0.1 /myweibo/Login/verify.html/0.7326016861618241
ERR: 非法操作:verify.html

[ 2016-08-13T10:42:49+08:00 ] 127.0.0.1 /myweibo/Login/verify.html/0.34717018829911894
ERR: 非法操作:verify.html

[ 2016-08-13T10:42:50+08:00 ] 127.0.0.1 /myweibo/Login/verify.html/0.4677204504331296
ERR: 非法操作:verify.html

[ 2016-08-13T10:42:50+08:00 ] 127.0.0.1 /myweibo/Login/verify.html/0.484688961032947
ERR: 非法操作:verify.html

[ 2016-08-13T10:42:51+08:00 ] 127.0.0.1 /myweibo/Login/verify.html/0.545189717495846
ERR: 非法操作:verify.html

[ 2016-08-13T10:42:57+08:00 ] 127.0.0.1 /myweibo/Login/verify.html/0.23650698055995023
ERR: 非法操作:verify.html

[ 2016-08-13T10:42:58+08:00 ] 127.0.0.1 /myweibo/Login/verify.html/0.3781228446199201
ERR: 非法操作:verify.html

[ 2016-08-13T10:42:58+08:00 ] 127.0.0.1 /myweibo/Login/verify.html/0.059274719197750514
ERR: 非法操作:verify.html

[ 2016-08-13T10:43:00+08:00 ] 127.0.0.1 /myweibo/Login/verify.html/0.4172271989039056
ERR: 非法操作:verify.html

[ 2016-08-13T10:43:02+08:00 ] 127.0.0.1 /myweibo/Login/verify.html/0.29049039634808294
ERR: 非法操作:verify.html

[ 2016-08-13T10:44:06+08:00 ] 127.0.0.1 /myweibo/Login/verify.html/0.4592835446982846
ERR: 非法操作:verify.html

[ 2016-08-13T10:44:07+08:00 ] 127.0.0.1 /myweibo/Login/verify.html/0.14081688139295045
ERR: 非法操作:verify.html

[ 2016-08-13T10:44:07+08:00 ] 127.0.0.1 /myweibo/Login/verify.html/0.2794496214557489
ERR: 非法操作:verify.html

[ 2016-08-13T10:44:07+08:00 ] 127.0.0.1 /myweibo/Login/verify.html/0.4699081180428173
ERR: 非法操作:verify.html

[ 2016-08-13T10:44:08+08:00 ] 127.0.0.1 /myweibo/Login/verify.html/0.86717873653821
ERR: 非法操作:verify.html

[ 2016-08-13T10:44:08+08:00 ] 127.0.0.1 /myweibo/Login/verify.html/0.38635196467262567
ERR: 非法操作:verify.html

[ 2016-08-13T10:44:09+08:00 ] 127.0.0.1 /myweibo/Login/verify.html/0.03160327507212246
ERR: 非法操作:verify.html

[ 2016-08-13T10:44:09+08:00 ] 127.0.0.1 /myweibo/Login/verify.html/0.4431413428999402
ERR: 非法操作:verify.html

[ 2016-08-13T10:44:10+08:00 ] 127.0.0.1 /myweibo/Login/verify.html/0.8955347960175539
ERR: 非法操作:verify.html

[ 2016-08-13T10:44:11+08:00 ] 127.0.0.1 /myweibo/Login/verify.html/0.663805715697569
ERR: 非法操作:verify.html

[ 2016-08-13T10:44:11+08:00 ] 127.0.0.1 /myweibo/Login/verify.html/0.11448012192038037
ERR: 非法操作:verify.html

[ 2016-08-13T10:44:12+08:00 ] 127.0.0.1 /myweibo/Login/verify.html/0.27463527331125115
ERR: 非法操作:verify.html

[ 2016-08-13T10:44:12+08:00 ] 127.0.0.1 /myweibo/Login/verify.html/0.767865689479478
ERR: 非法操作:verify.html

[ 2016-08-13T10:44:12+08:00 ] 127.0.0.1 /myweibo/Login/verify.html/0.898761483773469
ERR: 非法操作:verify.html

[ 2016-08-13T10:44:12+08:00 ] 127.0.0.1 /myweibo/Login/verify.html/0.8970761965427156
ERR: 非法操作:verify.html

[ 2016-08-13T10:44:13+08:00 ] 127.0.0.1 /myweibo/Login/verify.html/0.2815936822081928
ERR: 非法操作:verify.html

[ 2016-08-13T10:44:13+08:00 ] 127.0.0.1 /myweibo/Login/verify.html/0.8211952261639288
ERR: 非法操作:verify.html

[ 2016-08-13T10:44:13+08:00 ] 127.0.0.1 /myweibo/Login/verify.html/0.618559014350057
ERR: 非法操作:verify.html

[ 2016-08-13T10:44:13+08:00 ] 127.0.0.1 /myweibo/Login/verify.html/0.21098039555723846
ERR: 非法操作:verify.html

[ 2016-08-13T10:44:14+08:00 ] 127.0.0.1 /myweibo/Login/verify.html/0.6645985895971271
ERR: 非法操作:verify.html

[ 2016-08-13T10:44:14+08:00 ] 127.0.0.1 /myweibo/Login/verify.html/0.8472319373884099
ERR: 非法操作:verify.html

[ 2016-08-13T10:44:14+08:00 ] 127.0.0.1 /myweibo/Login/verify.html/0.35054575475221417
ERR: 非法操作:verify.html

[ 2016-08-13T10:44:15+08:00 ] 127.0.0.1 /myweibo/Login/verify.html/0.12040526615818514
ERR: 非法操作:verify.html

[ 2016-08-13T10:44:16+08:00 ] 127.0.0.1 /myweibo/Login/verify.html/0.07474229662502108
ERR: 非法操作:verify.html

[ 2016-08-13T10:44:16+08:00 ] 127.0.0.1 /myweibo/Login/verify.html/0.46173271126378945
ERR: 非法操作:verify.html

[ 2016-08-13T10:44:16+08:00 ] 127.0.0.1 /myweibo/Login/verify.html/0.6227465035729234
ERR: 非法操作:verify.html

[ 2016-08-13T10:44:17+08:00 ] 127.0.0.1 /myweibo/Login/verify.html/0.7013181145432903
ERR: 非法操作:verify.html

[ 2016-08-13T10:44:17+08:00 ] 127.0.0.1 /myweibo/Login/verify.html/0.27350826416968954
ERR: 非法操作:verify.html

[ 2016-08-13T10:44:17+08:00 ] 127.0.0.1 /myweibo/Login/verify.html/0.32230969668437526
ERR: 非法操作:verify.html

[ 2016-08-13T10:44:18+08:00 ] 127.0.0.1 /myweibo/Login/verify.html/0.6735830406859395
ERR: 非法操作:verify.html

[ 2016-08-13T10:44:18+08:00 ] 127.0.0.1 /myweibo/Login/verify.html/0.5191606139232647
ERR: 非法操作:verify.html

[ 2016-08-13T10:44:19+08:00 ] 127.0.0.1 /myweibo/Login/verify.html/0.41519305272037066
ERR: 非法操作:verify.html

[ 2016-08-13T10:44:20+08:00 ] 127.0.0.1 /myweibo/Login/verify.html/0.34685989242017135
ERR: 非法操作:verify.html

[ 2016-08-13T10:44:21+08:00 ] 127.0.0.1 /myweibo/Login/verify.html/0.7236767755543438
ERR: 非法操作:verify.html

[ 2016-08-13T10:44:21+08:00 ] 127.0.0.1 /myweibo/Login/verify.html/0.5464264002265209
ERR: 非法操作:verify.html

[ 2016-08-13T10:44:22+08:00 ] 127.0.0.1 /myweibo/Login/verify.html/0.14592944552556952
ERR: 非法操作:verify.html

[ 2016-08-13T10:44:22+08:00 ] 127.0.0.1 /myweibo/Login/verify.html/0.4848271406751681
ERR: 非法操作:verify.html

[ 2016-08-13T10:44:25+08:00 ] 127.0.0.1 /myweibo/Login/verify.html/0.35652772503215435
ERR: 非法操作:verify.html

[ 2016-08-13T10:44:25+08:00 ] 127.0.0.1 /myweibo/Login/verify.html/0.7139778876793932
ERR: 非法操作:verify.html

[ 2016-08-13T10:44:25+08:00 ] 127.0.0.1 /myweibo/Login/verify.html/0.978686798433293
ERR: 非法操作:verify.html

[ 2016-08-13T10:44:26+08:00 ] 127.0.0.1 /myweibo/Login/verify.html/0.6280904570714794
ERR: 非法操作:verify.html

[ 2016-08-13T10:44:26+08:00 ] 127.0.0.1 /myweibo/Login/verify.html/0.4851958883381644
ERR: 非法操作:verify.html

[ 2016-08-13T10:44:26+08:00 ] 127.0.0.1 /myweibo/Login/verify.html/0.2449218890252438
ERR: 非法操作:verify.html

[ 2016-08-13T10:44:27+08:00 ] 127.0.0.1 /myweibo/Login/verify.html/0.14672974471186206
ERR: 非法操作:verify.html

[ 2016-08-13T10:44:27+08:00 ] 127.0.0.1 /myweibo/Login/verify.html/0.11269047749135841
ERR: 非法操作:verify.html

[ 2016-08-13T10:44:27+08:00 ] 127.0.0.1 /myweibo/Login/verify.html/0.6489570222892869
ERR: 非法操作:verify.html

[ 2016-08-13T10:44:27+08:00 ] 127.0.0.1 /myweibo/Login/verify.html/0.9835409662537364
ERR: 非法操作:verify.html

[ 2016-08-13T10:44:27+08:00 ] 127.0.0.1 /myweibo/Login/verify.html/0.2725590511156828
ERR: 非法操作:verify.html

[ 2016-08-13T10:44:28+08:00 ] 127.0.0.1 /myweibo/Login/verify.html/0.6572539350178783
ERR: 非法操作:verify.html

[ 2016-08-13T10:44:28+08:00 ] 127.0.0.1 /myweibo/Login/verify.html/0.39911969223992494
ERR: 非法操作:verify.html

[ 2016-08-13T11:14:50+08:00 ] 127.0.0.1 /myweibo/Login/verify.html/0.5925695318517779
ERR: 非法操作:verify.html

[ 2016-08-13T11:14:52+08:00 ] 127.0.0.1 /myweibo/Login/verify.html/0.4471759055694471
ERR: 非法操作:verify.html

[ 2016-08-13T11:14:53+08:00 ] 127.0.0.1 /myweibo/Login/verify.html/0.26569979646688924
ERR: 非法操作:verify.html

[ 2016-08-13T11:49:55+08:00 ] 127.0.0.1 /myweibo/Login/runRegis.html
ERR: 非法操作:runRegis

[ 2016-08-13T16:30:05+08:00 ] 127.0.0.1 /myweibo/Login/checkRegis.html
ERR: Think\Model:insert方法不存在！

[ 2016-08-13T16:37:01+08:00 ] 127.0.0.1 /myweibo/Login/checkRegis.html
ERR: Think\Model:insert方法不存在！

[ 2016-08-13T17:32:11+08:00 ] 127.0.0.1 /myweibo/Login/checkRegis.html
ERR: Think\Model:insert方法不存在！

[ 2016-08-13T17:33:23+08:00 ] 127.0.0.1 /myweibo/Login/checkRegis.html
ERR: Think\Model:insert方法不存在！

[ 2016-08-13T17:33:40+08:00 ] 127.0.0.1 /myweibo/Login/checkRegis.html
ERR: Think\Model:insert方法不存在！

[ 2016-08-13T17:35:38+08:00 ] 127.0.0.1 /myweibo/Login/checkRegis.html
ERR: 1062:Duplicate entry 'admin' for key 'account'
 [ SQL语句 ] : INSERT INTO `wb_user` (`account`,`password`,`registime`,`lock`) VALUES ('admin','admin','1471080938','0')

[ 2016-08-13T17:48:42+08:00 ] 127.0.0.1 /myweibo/Login/login.html
ERR: 模板不存在:./Application/Home/View/Login/login.html

[ 2016-08-13T17:49:54+08:00 ] 127.0.0.1 /myweibo/Login/login.html
ERR: 非法操作:login

[ 2016-08-13T18:15:24+08:00 ] 127.0.0.1 /myweibo/Login/checkAccount.html
INFO: [ app_begin ] --START--
INFO: Run Behavior\ReadHtmlCacheBehavior [ RunTime:0.001000s ]
INFO: [ app_begin ] --END-- [ RunTime:0.001000s ]
ERR: 非法操作:checkAccount

[ 2016-08-13T18:16:33+08:00 ] 127.0.0.1 /myweibo/Login/checkAccount.html
INFO: [ app_begin ] --START--
INFO: Run Behavior\ReadHtmlCacheBehavior [ RunTime:0.000000s ]
INFO: [ app_begin ] --END-- [ RunTime:0.001000s ]
ERR: 非法操作:checkAccount

[ 2016-08-13T18:22:07+08:00 ] 127.0.0.1 /myweibo/Login/checkVerify.html
INFO: [ app_begin ] --START--
INFO: Run Behavior\ReadHtmlCacheBehavior [ RunTime:0.000000s ]
INFO: [ app_begin ] --END-- [ RunTime:0.001000s ]
ERR: 非法操作:checkVerify

[ 2016-08-13T18:24:30+08:00 ] 127.0.0.1 /myweibo/Login/checkVerify.html
INFO: [ app_begin ] --START--
INFO: Run Behavior\ReadHtmlCacheBehavior [ RunTime:0.000000s ]
INFO: [ app_begin ] --END-- [ RunTime:0.001000s ]
ERR: 非法操作:checkVerify

[ 2016-08-13T18:25:21+08:00 ] 127.0.0.1 /myweibo/checkVerify.html
INFO: [ app_begin ] --START--
INFO: Run Behavior\ReadHtmlCacheBehavior [ RunTime:0.000000s ]
INFO: [ app_begin ] --END-- [ RunTime:0.000000s ]
ERR: 无法加载控制器:CheckVerify

[ 2016-08-13T18:35:14+08:00 ] 127.0.0.1 /myweibo/Login/checkRegis.html
ERR: Think\Model:insert方法不存在！

[ 2016-08-13T18:38:48+08:00 ] 127.0.0.1 /myweibo/Login/checkRegis.html
ERR: Think\Model:insert1方法不存在！

[ 2016-08-13T18:49:30+08:00 ] 127.0.0.1 /myweibo/Login/checkRegis.html
ERR: Think\Model:insert1方法不存在！

[ 2016-08-13T18:51:18+08:00 ] 127.0.0.1 /myweibo/Login/checkVerify.html
INFO: [ app_begin ] --START--
INFO: Run Behavior\ReadHtmlCacheBehavior [ RunTime:0.001000s ]
INFO: [ app_begin ] --END-- [ RunTime:0.001000s ]

[ 2016-08-13T18:53:06+08:00 ] 127.0.0.1 /myweibo/Login/checkVerify.html
INFO: [ app_begin ] --START--
INFO: Run Behavior\ReadHtmlCacheBehavior [ RunTime:0.001000s ]
INFO: [ app_begin ] --END-- [ RunTime:0.001000s ]

[ 2016-08-13T18:54:09+08:00 ] 127.0.0.1 /myweibo/Login/checkVerify.html
INFO: [ app_begin ] --START--
INFO: Run Behavior\ReadHtmlCacheBehavior [ RunTime:0.001000s ]
INFO: [ app_begin ] --END-- [ RunTime:0.001000s ]

[ 2016-08-13T18:54:51+08:00 ] 127.0.0.1 /myweibo/Login/checkVerify.html
INFO: [ app_begin ] --START--
INFO: Run Behavior\ReadHtmlCacheBehavior [ RunTime:0.000000s ]
INFO: [ app_begin ] --END-- [ RunTime:0.001000s ]

[ 2016-08-13T20:21:46+08:00 ] 127.0.0.1 /myweibo/Login/checkVerify.html
INFO: [ app_begin ] --START--
INFO: Run Behavior\ReadHtmlCacheBehavior [ RunTime:0.001000s ]
INFO: [ app_begin ] --END-- [ RunTime:0.001000s ]
INFO: [ app_end ] --START--
INFO: Run Behavior\ShowPageTraceBehavior [ RunTime:0.000000s ]
INFO: [ app_end ] --END-- [ RunTime:0.000000s ]

[ 2016-08-13T20:26:25+08:00 ] 127.0.0.1 /myweibo/Login/checkVerify.html
INFO: [ app_begin ] --START--
INFO: Run Behavior\ReadHtmlCacheBehavior [ RunTime:0.001000s ]
INFO: [ app_begin ] --END-- [ RunTime:0.001000s ]
INFO: [ app_end ] --START--
INFO: Run Behavior\ShowPageTraceBehavior [ RunTime:0.001000s ]
INFO: [ app_end ] --END-- [ RunTime:0.001000s ]

[ 2016-08-13T20:26:26+08:00 ] 127.0.0.1 /myweibo/Login/checkRegis.html
ERR: 1062:Duplicate entry 'admin' for key 'account'
 [ SQL语句 ] : INSERT INTO `wb_user` (`account`,`password`,`registime`,`lock`) VALUES ('admin','21232f297a57a5a743894a0e4a801fc3','1471091186','0')

[ 2016-08-13T20:26:35+08:00 ] 127.0.0.1 /myweibo/Login/checkVerify.html
INFO: [ app_begin ] --START--
INFO: Run Behavior\ReadHtmlCacheBehavior [ RunTime:0.001000s ]
INFO: [ app_begin ] --END-- [ RunTime:0.001000s ]
INFO: [ app_end ] --START--
INFO: Run Behavior\ShowPageTraceBehavior [ RunTime:0.001000s ]
INFO: [ app_end ] --END-- [ RunTime:0.001000s ]

[ 2016-08-13T20:28:19+08:00 ] 127.0.0.1 /myweibo/Login/checkVerify.html
INFO: [ app_begin ] --START--
INFO: Run Behavior\ReadHtmlCacheBehavior [ RunTime:0.001000s ]
INFO: [ app_begin ] --END-- [ RunTime:0.002000s ]
INFO: [ app_end ] --START--
INFO: Run Behavior\ShowPageTraceBehavior [ RunTime:0.001000s ]
INFO: [ app_end ] --END-- [ RunTime:0.001000s ]

[ 2016-08-13T20:30:21+08:00 ] 127.0.0.1 /myweibo/Login/checkVerify.html
INFO: [ app_begin ] --START--
INFO: Run Behavior\ReadHtmlCacheBehavior [ RunTime:0.000000s ]
INFO: [ app_begin ] --END-- [ RunTime:0.001000s ]
INFO: [ app_end ] --START--
INFO: Run Behavior\ShowPageTraceBehavior [ RunTime:0.001000s ]
INFO: [ app_end ] --END-- [ RunTime:0.001000s ]

[ 2016-08-13T20:30:54+08:00 ] 127.0.0.1 /myweibo/Login/checkVerify.html
INFO: [ app_begin ] --START--
INFO: Run Behavior\ReadHtmlCacheBehavior [ RunTime:0.001000s ]
INFO: [ app_begin ] --END-- [ RunTime:0.001000s ]
INFO: [ app_end ] --START--
INFO: Run Behavior\ShowPageTraceBehavior [ RunTime:0.001000s ]
INFO: [ app_end ] --END-- [ RunTime:0.001000s ]

[ 2016-08-13T20:31:16+08:00 ] 127.0.0.1 /myweibo/Login/checkVerify.html
INFO: [ app_begin ] --START--
INFO: Run Behavior\ReadHtmlCacheBehavior [ RunTime:0.001000s ]
INFO: [ app_begin ] --END-- [ RunTime:0.001000s ]
INFO: [ app_end ] --START--
INFO: Run Behavior\ShowPageTraceBehavior [ RunTime:0.001000s ]
INFO: [ app_end ] --END-- [ RunTime:0.001000s ]

[ 2016-08-13T20:32:22+08:00 ] 127.0.0.1 /myweibo/Login/checkVerify.html
INFO: [ app_begin ] --START--
INFO: Run Behavior\ReadHtmlCacheBehavior [ RunTime:0.001000s ]
INFO: [ app_begin ] --END-- [ RunTime:0.002000s ]
INFO: [ app_end ] --START--
INFO: Run Behavior\ShowPageTraceBehavior [ RunTime:0.001000s ]
INFO: [ app_end ] --END-- [ RunTime:0.001000s ]

[ 2016-08-13T20:32:34+08:00 ] 127.0.0.1 /myweibo/Login/checkVerify.html
INFO: [ app_begin ] --START--
INFO: Run Behavior\ReadHtmlCacheBehavior [ RunTime:0.000000s ]
INFO: [ app_begin ] --END-- [ RunTime:0.001000s ]
INFO: [ app_end ] --START--
INFO: Run Behavior\ShowPageTraceBehavior [ RunTime:0.001000s ]
INFO: [ app_end ] --END-- [ RunTime:0.001000s ]

[ 2016-08-13T20:34:17+08:00 ] 127.0.0.1 /myweibo/Login/checkVerify.html
INFO: [ app_begin ] --START--
INFO: Run Behavior\ReadHtmlCacheBehavior [ RunTime:0.001001s ]
INFO: [ app_begin ] --END-- [ RunTime:0.002001s ]

[ 2016-08-13T20:34:25+08:00 ] 127.0.0.1 /myweibo/Login/checkVerify.html
INFO: [ app_begin ] --START--
INFO: Run Behavior\ReadHtmlCacheBehavior [ RunTime:0.000000s ]
INFO: [ app_begin ] --END-- [ RunTime:0.001000s ]

[ 2016-08-13T20:34:34+08:00 ] 127.0.0.1 /myweibo/Login/checkVerify.html
INFO: [ app_begin ] --START--
INFO: Run Behavior\ReadHtmlCacheBehavior [ RunTime:0.001000s ]
INFO: [ app_begin ] --END-- [ RunTime:0.001000s ]

[ 2016-08-13T20:34:34+08:00 ] 127.0.0.1 /myweibo/Login/checkVerify.html
INFO: [ app_begin ] --START--
INFO: Run Behavior\ReadHtmlCacheBehavior [ RunTime:0.000000s ]
INFO: [ app_begin ] --END-- [ RunTime:0.001000s ]

[ 2016-08-13T20:34:37+08:00 ] 127.0.0.1 /myweibo/Login/checkVerify.html
INFO: [ app_begin ] --START--
INFO: Run Behavior\ReadHtmlCacheBehavior [ RunTime:0.000000s ]
INFO: [ app_begin ] --END-- [ RunTime:0.001000s ]

[ 2016-08-13T20:35:22+08:00 ] 127.0.0.1 /myweibo/Login/checkVerify.html
INFO: [ app_begin ] --START--
INFO: Run Behavior\ReadHtmlCacheBehavior [ RunTime:0.001000s ]
INFO: [ app_begin ] --END-- [ RunTime:0.001000s ]
INFO: [ app_end ] --START--
INFO: Run Behavior\ShowPageTraceBehavior [ RunTime:0.001000s ]
INFO: [ app_end ] --END-- [ RunTime:0.001000s ]

[ 2016-08-13T20:35:39+08:00 ] 127.0.0.1 /myweibo/Login/checkVerify.html
INFO: [ app_begin ] --START--
INFO: Run Behavior\ReadHtmlCacheBehavior [ RunTime:0.000000s ]
INFO: [ app_begin ] --END-- [ RunTime:0.000000s ]
INFO: [ app_end ] --START--
INFO: Run Behavior\ShowPageTraceBehavior [ RunTime:0.000000s ]
INFO: [ app_end ] --END-- [ RunTime:0.000000s ]

[ 2016-08-13T20:35:39+08:00 ] 127.0.0.1 /myweibo/Login/checkVerify.html
INFO: [ app_begin ] --START--
INFO: Run Behavior\ReadHtmlCacheBehavior [ RunTime:0.001000s ]
INFO: [ app_begin ] --END-- [ RunTime:0.002000s ]
INFO: [ app_end ] --START--
INFO: Run Behavior\ShowPageTraceBehavior [ RunTime:0.000000s ]
INFO: [ app_end ] --END-- [ RunTime:0.000000s ]

[ 2016-08-13T20:35:39+08:00 ] 127.0.0.1 /myweibo/Login/checkVerify.html
INFO: [ app_begin ] --START--
INFO: Run Behavior\ReadHtmlCacheBehavior [ RunTime:0.000000s ]
INFO: [ app_begin ] --END-- [ RunTime:0.000000s ]
INFO: [ app_end ] --START--
INFO: Run Behavior\ShowPageTraceBehavior [ RunTime:0.000000s ]
INFO: [ app_end ] --END-- [ RunTime:0.000000s ]

[ 2016-08-13T20:35:42+08:00 ] 127.0.0.1 /myweibo/Login/checkVerify.html
INFO: [ app_begin ] --START--
INFO: Run Behavior\ReadHtmlCacheBehavior [ RunTime:0.001000s ]
INFO: [ app_begin ] --END-- [ RunTime:0.001000s ]
INFO: [ app_end ] --START--
INFO: Run Behavior\ShowPageTraceBehavior [ RunTime:0.001000s ]
INFO: [ app_end ] --END-- [ RunTime:0.001000s ]

[ 2016-08-13T20:35:47+08:00 ] 127.0.0.1 /myweibo/Login/checkVerify.html
INFO: [ app_begin ] --START--
INFO: Run Behavior\ReadHtmlCacheBehavior [ RunTime:0.001000s ]
INFO: [ app_begin ] --END-- [ RunTime:0.001000s ]
INFO: [ app_end ] --START--
INFO: Run Behavior\ShowPageTraceBehavior [ RunTime:0.001000s ]
INFO: [ app_end ] --END-- [ RunTime:0.001000s ]

[ 2016-08-13T20:37:38+08:00 ] 127.0.0.1 /myweibo/Login/checkVerify.html
INFO: [ app_begin ] --START--
INFO: Run Behavior\ReadHtmlCacheBehavior [ RunTime:0.001000s ]
INFO: [ app_begin ] --END-- [ RunTime:0.001000s ]
INFO: [ app_end ] --START--
INFO: Run Behavior\ShowPageTraceBehavior [ RunTime:0.000000s ]
INFO: [ app_end ] --END-- [ RunTime:0.000000s ]

[ 2016-08-13T20:37:41+08:00 ] 127.0.0.1 /myweibo/Login/checkVerify.html
INFO: [ app_begin ] --START--
INFO: Run Behavior\ReadHtmlCacheBehavior [ RunTime:0.002000s ]
INFO: [ app_begin ] --END-- [ RunTime:0.002000s ]
INFO: [ app_end ] --START--
INFO: Run Behavior\ShowPageTraceBehavior [ RunTime:0.001000s ]
INFO: [ app_end ] --END-- [ RunTime:0.001000s ]

[ 2016-08-13T20:37:41+08:00 ] 127.0.0.1 /myweibo/Login/checkVerify.html
INFO: [ app_begin ] --START--
INFO: Run Behavior\ReadHtmlCacheBehavior [ RunTime:0.001000s ]
INFO: [ app_begin ] --END-- [ RunTime:0.001000s ]
INFO: [ app_end ] --START--
INFO: Run Behavior\ShowPageTraceBehavior [ RunTime:0.001000s ]
INFO: [ app_end ] --END-- [ RunTime:0.001000s ]

[ 2016-08-13T20:37:41+08:00 ] 127.0.0.1 /myweibo/Login/checkVerify.html
INFO: [ app_begin ] --START--
INFO: Run Behavior\ReadHtmlCacheBehavior [ RunTime:0.001000s ]
INFO: [ app_begin ] --END-- [ RunTime:0.002000s ]
INFO: [ app_end ] --START--
INFO: Run Behavior\ShowPageTraceBehavior [ RunTime:0.001000s ]
INFO: [ app_end ] --END-- [ RunTime:0.001000s ]

[ 2016-08-13T20:37:43+08:00 ] 127.0.0.1 /myweibo/Login/checkVerify.html
INFO: [ app_begin ] --START--
INFO: Run Behavior\ReadHtmlCacheBehavior [ RunTime:0.000000s ]
INFO: [ app_begin ] --END-- [ RunTime:0.001000s ]
INFO: [ app_end ] --START--
INFO: Run Behavior\ShowPageTraceBehavior [ RunTime:0.000000s ]
INFO: [ app_end ] --END-- [ RunTime:0.000000s ]

[ 2016-08-13T20:38:22+08:00 ] 127.0.0.1 /myweibo/Login/checkVerify.html
INFO: [ app_begin ] --START--
INFO: Run Behavior\ReadHtmlCacheBehavior [ RunTime:0.000000s ]
INFO: [ app_begin ] --END-- [ RunTime:0.001000s ]
INFO: [ app_end ] --START--
INFO: Run Behavior\ShowPageTraceBehavior [ RunTime:0.000000s ]
INFO: [ app_end ] --END-- [ RunTime:0.000000s ]

[ 2016-08-13T20:38:38+08:00 ] 127.0.0.1 /myweibo/Login/checkVerify.html
INFO: [ app_begin ] --START--
INFO: Run Behavior\ReadHtmlCacheBehavior [ RunTime:0.001000s ]
INFO: [ app_begin ] --END-- [ RunTime:0.001000s ]
INFO: [ app_end ] --START--
INFO: Run Behavior\ShowPageTraceBehavior [ RunTime:0.001000s ]
INFO: [ app_end ] --END-- [ RunTime:0.001000s ]

[ 2016-08-13T20:38:44+08:00 ] 127.0.0.1 /myweibo/Login/checkVerify.html
INFO: [ app_begin ] --START--
INFO: Run Behavior\ReadHtmlCacheBehavior [ RunTime:0.001001s ]
INFO: [ app_begin ] --END-- [ RunTime:0.001001s ]
INFO: [ app_end ] --START--
INFO: Run Behavior\ShowPageTraceBehavior [ RunTime:0.001000s ]
INFO: [ app_end ] --END-- [ RunTime:0.001000s ]

[ 2016-08-13T20:38:44+08:00 ] 127.0.0.1 /myweibo/Login/checkVerify.html
INFO: [ app_begin ] --START--
INFO: Run Behavior\ReadHtmlCacheBehavior [ RunTime:0.000000s ]
INFO: [ app_begin ] --END-- [ RunTime:0.002000s ]
INFO: [ app_end ] --START--
INFO: Run Behavior\ShowPageTraceBehavior [ RunTime:0.001000s ]
INFO: [ app_end ] --END-- [ RunTime:0.001000s ]

[ 2016-08-13T20:38:45+08:00 ] 127.0.0.1 /myweibo/Login/checkVerify.html
INFO: [ app_begin ] --START--
INFO: Run Behavior\ReadHtmlCacheBehavior [ RunTime:0.001000s ]
INFO: [ app_begin ] --END-- [ RunTime:0.001000s ]
INFO: [ app_end ] --START--
INFO: Run Behavior\ShowPageTraceBehavior [ RunTime:0.001000s ]
INFO: [ app_end ] --END-- [ RunTime:0.001000s ]

[ 2016-08-13T20:39:17+08:00 ] 127.0.0.1 /myweibo/Login/checkVerify.html
INFO: [ app_begin ] --START--
INFO: Run Behavior\ReadHtmlCacheBehavior [ RunTime:0.001000s ]
INFO: [ app_begin ] --END-- [ RunTime:0.002000s ]
INFO: [ app_end ] --START--
INFO: Run Behavior\ShowPageTraceBehavior [ RunTime:0.001001s ]
INFO: [ app_end ] --END-- [ RunTime:0.001001s ]

[ 2016-08-13T20:39:17+08:00 ] 127.0.0.1 /myweibo/Login/checkVerify.html
INFO: [ app_begin ] --START--
INFO: Run Behavior\ReadHtmlCacheBehavior [ RunTime:0.001000s ]
INFO: [ app_begin ] --END-- [ RunTime:0.001000s ]
INFO: [ app_end ] --START--
INFO: Run Behavior\ShowPageTraceBehavior [ RunTime:0.001000s ]
INFO: [ app_end ] --END-- [ RunTime:0.001000s ]

[ 2016-08-13T20:39:18+08:00 ] 127.0.0.1 /myweibo/Login/checkVerify.html
INFO: [ app_begin ] --START--
INFO: Run Behavior\ReadHtmlCacheBehavior [ RunTime:0.001000s ]
INFO: [ app_begin ] --END-- [ RunTime:0.002000s ]
INFO: [ app_end ] --START--
INFO: Run Behavior\ShowPageTraceBehavior [ RunTime:0.002000s ]
INFO: [ app_end ] --END-- [ RunTime:0.002000s ]

[ 2016-08-13T20:44:53+08:00 ] 127.0.0.1 /myweibo/Login/checkVerify.html
INFO: [ app_begin ] --START--
INFO: Run Behavior\ReadHtmlCacheBehavior [ RunTime:0.000000s ]
INFO: [ app_begin ] --END-- [ RunTime:0.001000s ]
INFO: [ app_end ] --START--
INFO: Run Behavior\ShowPageTraceBehavior [ RunTime:0.001001s ]
INFO: [ app_end ] --END-- [ RunTime:0.001001s ]

[ 2016-08-13T20:45:31+08:00 ] 127.0.0.1 /myweibo/Login/checkVerify.html
INFO: [ app_begin ] --START--
INFO: Run Behavior\ReadHtmlCacheBehavior [ RunTime:0.001000s ]
INFO: [ app_begin ] --END-- [ RunTime:0.002000s ]
INFO: [ app_end ] --START--
INFO: Run Behavior\ShowPageTraceBehavior [ RunTime:0.001000s ]
INFO: [ app_end ] --END-- [ RunTime:0.001000s ]

[ 2016-08-13T20:45:31+08:00 ] 127.0.0.1 /myweibo/Login/checkVerify.html
INFO: [ app_begin ] --START--
INFO: Run Behavior\ReadHtmlCacheBehavior [ RunTime:0.001000s ]
INFO: [ app_begin ] --END-- [ RunTime:0.002000s ]
INFO: [ app_end ] --START--
INFO: Run Behavior\ShowPageTraceBehavior [ RunTime:0.001000s ]
INFO: [ app_end ] --END-- [ RunTime:0.001000s ]

[ 2016-08-13T20:45:32+08:00 ] 127.0.0.1 /myweibo/Login/checkVerify.html
INFO: [ app_begin ] --START--
INFO: Run Behavior\ReadHtmlCacheBehavior [ RunTime:0.001000s ]
INFO: [ app_begin ] --END-- [ RunTime:0.001000s ]
INFO: [ app_end ] --START--
INFO: Run Behavior\ShowPageTraceBehavior [ RunTime:0.001000s ]
INFO: [ app_end ] --END-- [ RunTime:0.001000s ]

[ 2016-08-13T20:46:48+08:00 ] 127.0.0.1 /myweibo/Login/checkVerify.html
INFO: [ app_begin ] --START--
INFO: Run Behavior\ReadHtmlCacheBehavior [ RunTime:0.001000s ]
INFO: [ app_begin ] --END-- [ RunTime:0.001000s ]
INFO: [ app_end ] --START--
INFO: Run Behavior\ShowPageTraceBehavior [ RunTime:0.001000s ]
INFO: [ app_end ] --END-- [ RunTime:0.001000s ]

[ 2016-08-13T20:47:14+08:00 ] 127.0.0.1 /myweibo/Login/checkVerify.html
INFO: [ app_begin ] --START--
INFO: Run Behavior\ReadHtmlCacheBehavior [ RunTime:0.001000s ]
INFO: [ app_begin ] --END-- [ RunTime:0.001000s ]
INFO: [ app_end ] --START--
INFO: Run Behavior\ShowPageTraceBehavior [ RunTime:0.001000s ]
INFO: [ app_end ] --END-- [ RunTime:0.001000s ]

[ 2016-08-13T20:47:24+08:00 ] 127.0.0.1 /myweibo/Login/checkVerify.html
INFO: [ app_begin ] --START--
INFO: Run Behavior\ReadHtmlCacheBehavior [ RunTime:0.000000s ]
INFO: [ app_begin ] --END-- [ RunTime:0.001000s ]
INFO: [ app_end ] --START--
INFO: Run Behavior\ShowPageTraceBehavior [ RunTime:0.000000s ]
INFO: [ app_end ] --END-- [ RunTime:0.000000s ]

[ 2016-08-13T20:47:35+08:00 ] 127.0.0.1 /myweibo/Login/checkVerify.html
INFO: [ app_begin ] --START--
INFO: Run Behavior\ReadHtmlCacheBehavior [ RunTime:0.000000s ]
INFO: [ app_begin ] --END-- [ RunTime:0.002000s ]
INFO: [ app_end ] --START--
INFO: Run Behavior\ShowPageTraceBehavior [ RunTime:0.000000s ]
INFO: [ app_end ] --END-- [ RunTime:0.000000s ]

[ 2016-08-13T20:47:36+08:00 ] 127.0.0.1 /myweibo/Login/checkVerify.html
INFO: [ app_begin ] --START--
INFO: Run Behavior\ReadHtmlCacheBehavior [ RunTime:0.002000s ]
INFO: [ app_begin ] --END-- [ RunTime:0.002000s ]
INFO: [ app_end ] --START--
INFO: Run Behavior\ShowPageTraceBehavior [ RunTime:0.001000s ]
INFO: [ app_end ] --END-- [ RunTime:0.001000s ]

[ 2016-08-13T20:47:38+08:00 ] 127.0.0.1 /myweibo/Login/checkVerify.html
INFO: [ app_begin ] --START--
INFO: Run Behavior\ReadHtmlCacheBehavior [ RunTime:0.000000s ]
INFO: [ app_begin ] --END-- [ RunTime:0.001000s ]
INFO: [ app_end ] --START--
INFO: Run Behavior\ShowPageTraceBehavior [ RunTime:0.001000s ]
INFO: [ app_end ] --END-- [ RunTime:0.001000s ]

[ 2016-08-13T20:48:23+08:00 ] 127.0.0.1 /myweibo/Login/checkVerify.html
INFO: [ app_begin ] --START--
INFO: Run Behavior\ReadHtmlCacheBehavior [ RunTime:0.001000s ]
INFO: [ app_begin ] --END-- [ RunTime:0.001000s ]
INFO: [ app_end ] --START--
INFO: Run Behavior\ShowPageTraceBehavior [ RunTime:0.001000s ]
INFO: [ app_end ] --END-- [ RunTime:0.001000s ]

[ 2016-08-13T20:48:51+08:00 ] 127.0.0.1 /myweibo/Login/checkVerify.html
INFO: [ app_begin ] --START--
INFO: Run Behavior\ReadHtmlCacheBehavior [ RunTime:0.001000s ]
INFO: [ app_begin ] --END-- [ RunTime:0.001000s ]
INFO: [ app_end ] --START--
INFO: Run Behavior\ShowPageTraceBehavior [ RunTime:0.001000s ]
INFO: [ app_end ] --END-- [ RunTime:0.001000s ]

[ 2016-08-13T20:48:52+08:00 ] 127.0.0.1 /myweibo/Login/checkVerify.html
INFO: [ app_begin ] --START--
INFO: Run Behavior\ReadHtmlCacheBehavior [ RunTime:0.001000s ]
INFO: [ app_begin ] --END-- [ RunTime:0.001000s ]
INFO: [ app_end ] --START--
INFO: Run Behavior\ShowPageTraceBehavior [ RunTime:0.001000s ]
INFO: [ app_end ] --END-- [ RunTime:0.001000s ]

[ 2016-08-13T20:49:01+08:00 ] 127.0.0.1 /myweibo/Login/checkVerify.html
INFO: [ app_begin ] --START--
INFO: Run Behavior\ReadHtmlCacheBehavior [ RunTime:0.001000s ]
INFO: [ app_begin ] --END-- [ RunTime:0.001000s ]
INFO: [ app_end ] --START--
INFO: Run Behavior\ShowPageTraceBehavior [ RunTime:0.001000s ]
INFO: [ app_end ] --END-- [ RunTime:0.001000s ]

[ 2016-08-13T20:49:02+08:00 ] 127.0.0.1 /myweibo/Login/checkVerify.html
INFO: [ app_begin ] --START--
INFO: Run Behavior\ReadHtmlCacheBehavior [ RunTime:0.000000s ]
INFO: [ app_begin ] --END-- [ RunTime:0.001000s ]
INFO: [ app_end ] --START--
INFO: Run Behavior\ShowPageTraceBehavior [ RunTime:0.000000s ]
INFO: [ app_end ] --END-- [ RunTime:0.000000s ]

[ 2016-08-13T20:49:17+08:00 ] 127.0.0.1 /myweibo/Login/checkVerify.html
INFO: [ app_begin ] --START--
INFO: Run Behavior\ReadHtmlCacheBehavior [ RunTime:0.000000s ]
INFO: [ app_begin ] --END-- [ RunTime:0.001000s ]
INFO: [ app_end ] --START--
INFO: Run Behavior\ShowPageTraceBehavior [ RunTime:0.001000s ]
INFO: [ app_end ] --END-- [ RunTime:0.001000s ]

[ 2016-08-13T20:49:18+08:00 ] 127.0.0.1 /myweibo/Login/checkVerify.html
INFO: [ app_begin ] --START--
INFO: Run Behavior\ReadHtmlCacheBehavior [ RunTime:0.001000s ]
INFO: [ app_begin ] --END-- [ RunTime:0.001000s ]
INFO: [ app_end ] --START--
INFO: Run Behavior\ShowPageTraceBehavior [ RunTime:0.000000s ]
INFO: [ app_end ] --END-- [ RunTime:0.001000s ]

[ 2016-08-13T20:49:18+08:00 ] 127.0.0.1 /myweibo/Login/checkVerify.html
INFO: [ app_begin ] --START--
INFO: Run Behavior\ReadHtmlCacheBehavior [ RunTime:0.000000s ]
INFO: [ app_begin ] --END-- [ RunTime:0.001000s ]
INFO: [ app_end ] --START--
INFO: Run Behavior\ShowPageTraceBehavior [ RunTime:0.000000s ]
INFO: [ app_end ] --END-- [ RunTime:0.000000s ]

[ 2016-08-13T20:49:23+08:00 ] 127.0.0.1 /myweibo/Login/checkVerify.html
INFO: [ app_begin ] --START--
INFO: Run Behavior\ReadHtmlCacheBehavior [ RunTime:0.001000s ]
INFO: [ app_begin ] --END-- [ RunTime:0.002000s ]
INFO: [ app_end ] --START--
INFO: Run Behavior\ShowPageTraceBehavior [ RunTime:0.001000s ]
INFO: [ app_end ] --END-- [ RunTime:0.002000s ]

[ 2016-08-13T20:49:23+08:00 ] 127.0.0.1 /myweibo/Login/checkVerify.html
INFO: [ app_begin ] --START--
INFO: Run Behavior\ReadHtmlCacheBehavior [ RunTime:0.001000s ]
INFO: [ app_begin ] --END-- [ RunTime:0.001000s ]
INFO: [ app_end ] --START--
INFO: Run Behavior\ShowPageTraceBehavior [ RunTime:0.001000s ]
INFO: [ app_end ] --END-- [ RunTime:0.001000s ]

[ 2016-08-13T20:49:25+08:00 ] 127.0.0.1 /myweibo/Login/checkVerify.html
INFO: [ app_begin ] --START--
INFO: Run Behavior\ReadHtmlCacheBehavior [ RunTime:0.001000s ]
INFO: [ app_begin ] --END-- [ RunTime:0.001000s ]
INFO: [ app_end ] --START--
INFO: Run Behavior\ShowPageTraceBehavior [ RunTime:0.001000s ]
INFO: [ app_end ] --END-- [ RunTime:0.001000s ]

[ 2016-08-13T20:49:25+08:00 ] 127.0.0.1 /myweibo/Login/checkVerify.html
INFO: [ app_begin ] --START--
INFO: Run Behavior\ReadHtmlCacheBehavior [ RunTime:0.001000s ]
INFO: [ app_begin ] --END-- [ RunTime:0.001000s ]
INFO: [ app_end ] --START--
INFO: Run Behavior\ShowPageTraceBehavior [ RunTime:0.001001s ]
INFO: [ app_end ] --END-- [ RunTime:0.001001s ]

[ 2016-08-13T20:49:28+08:00 ] 127.0.0.1 /myweibo/Login/checkVerify.html
INFO: [ app_begin ] --START--
INFO: Run Behavior\ReadHtmlCacheBehavior [ RunTime:0.001000s ]
INFO: [ app_begin ] --END-- [ RunTime:0.002000s ]
INFO: [ app_end ] --START--
INFO: Run Behavior\ShowPageTraceBehavior [ RunTime:0.002000s ]
INFO: [ app_end ] --END-- [ RunTime:0.002000s ]

[ 2016-08-13T20:49:28+08:00 ] 127.0.0.1 /myweibo/Login/checkVerify.html
INFO: [ app_begin ] --START--
INFO: Run Behavior\ReadHtmlCacheBehavior [ RunTime:0.001001s ]
INFO: [ app_begin ] --END-- [ RunTime:0.001001s ]
INFO: [ app_end ] --START--
INFO: Run Behavior\ShowPageTraceBehavior [ RunTime:0.001000s ]
INFO: [ app_end ] --END-- [ RunTime:0.001000s ]

[ 2016-08-13T20:49:29+08:00 ] 127.0.0.1 /myweibo/Login/checkVerify.html
INFO: [ app_begin ] --START--
INFO: Run Behavior\ReadHtmlCacheBehavior [ RunTime:0.001000s ]
INFO: [ app_begin ] --END-- [ RunTime:0.001000s ]
INFO: [ app_end ] --START--
INFO: Run Behavior\ShowPageTraceBehavior [ RunTime:0.001000s ]
INFO: [ app_end ] --END-- [ RunTime:0.001000s ]

[ 2016-08-13T20:49:30+08:00 ] 127.0.0.1 /myweibo/Login/checkVerify.html
INFO: [ app_begin ] --START--
INFO: Run Behavior\ReadHtmlCacheBehavior [ RunTime:0.001000s ]
INFO: [ app_begin ] --END-- [ RunTime:0.002000s ]
INFO: [ app_end ] --START--
INFO: Run Behavior\ShowPageTraceBehavior [ RunTime:0.001000s ]
INFO: [ app_end ] --END-- [ RunTime:0.001000s ]

[ 2016-08-13T20:49:30+08:00 ] 127.0.0.1 /myweibo/Login/checkVerify.html
INFO: [ app_begin ] --START--
INFO: Run Behavior\ReadHtmlCacheBehavior [ RunTime:0.000000s ]
INFO: [ app_begin ] --END-- [ RunTime:0.001000s ]
INFO: [ app_end ] --START--
INFO: Run Behavior\ShowPageTraceBehavior [ RunTime:0.001000s ]
INFO: [ app_end ] --END-- [ RunTime:0.001000s ]

[ 2016-08-13T21:00:18+08:00 ] 127.0.0.1 /myweibo/Login/checkAccount.html
INFO: [ app_begin ] --START--
INFO: Run Behavior\ReadHtmlCacheBehavior [ RunTime:0.001000s ]
INFO: [ app_begin ] --END-- [ RunTime:0.001000s ]
ERR: 非法操作:checkAccount

[ 2016-08-13T21:00:30+08:00 ] 127.0.0.1 /myweibo/Login/checkVerify.html
INFO: [ app_begin ] --START--
INFO: Run Behavior\ReadHtmlCacheBehavior [ RunTime:0.001000s ]
INFO: [ app_begin ] --END-- [ RunTime:0.002000s ]
INFO: [ app_end ] --START--
INFO: Run Behavior\ShowPageTraceBehavior [ RunTime:0.001000s ]
INFO: [ app_end ] --END-- [ RunTime:0.001000s ]

[ 2016-08-13T21:00:36+08:00 ] 127.0.0.1 /myweibo/Login/checkVerify.html
INFO: [ app_begin ] --START--
INFO: Run Behavior\ReadHtmlCacheBehavior [ RunTime:0.001000s ]
INFO: [ app_begin ] --END-- [ RunTime:0.002000s ]
INFO: [ app_end ] --START--
INFO: Run Behavior\ShowPageTraceBehavior [ RunTime:0.001000s ]
INFO: [ app_end ] --END-- [ RunTime:0.001000s ]

[ 2016-08-13T21:00:36+08:00 ] 127.0.0.1 /myweibo/Login/checkVerify.html
INFO: [ app_begin ] --START--
INFO: Run Behavior\ReadHtmlCacheBehavior [ RunTime:0.000000s ]
INFO: [ app_begin ] --END-- [ RunTime:0.001000s ]
INFO: [ app_end ] --START--
INFO: Run Behavior\ShowPageTraceBehavior [ RunTime:0.001001s ]
INFO: [ app_end ] --END-- [ RunTime:0.001001s ]

[ 2016-08-13T21:00:37+08:00 ] 127.0.0.1 /myweibo/Login/checkVerify.html
INFO: [ app_begin ] --START--
INFO: Run Behavior\ReadHtmlCacheBehavior [ RunTime:0.001000s ]
INFO: [ app_begin ] --END-- [ RunTime:0.002000s ]
INFO: [ app_end ] --START--
INFO: Run Behavior\ShowPageTraceBehavior [ RunTime:0.001000s ]
INFO: [ app_end ] --END-- [ RunTime:0.001000s ]

[ 2016-08-13T21:02:00+08:00 ] 127.0.0.1 /myweibo/Login/checkAccount.html
INFO: [ app_begin ] --START--
INFO: Run Behavior\ReadHtmlCacheBehavior [ RunTime:0.000000s ]
INFO: [ app_begin ] --END-- [ RunTime:0.001000s ]
ERR: 非法操作:checkAccount

[ 2016-08-13T21:03:07+08:00 ] 127.0.0.1 /myweibo/Login/checkAccount.html
INFO: [ app_begin ] --START--
INFO: Run Behavior\ReadHtmlCacheBehavior [ RunTime:0.001000s ]
INFO: [ app_begin ] --END-- [ RunTime:0.001000s ]
NOTIC: [8] Array to string conversion D:\phpStudy\WWW\gitproject\myweibo\Application\Home\Controller\LoginController.class.php 第 108 行.

[ 2016-08-13T21:03:30+08:00 ] 127.0.0.1 /myweibo/Login/checkVerify.html
INFO: [ app_begin ] --START--
INFO: Run Behavior\ReadHtmlCacheBehavior [ RunTime:0.000000s ]
INFO: [ app_begin ] --END-- [ RunTime:0.001000s ]
INFO: [ app_end ] --START--
INFO: Run Behavior\ShowPageTraceBehavior [ RunTime:0.001000s ]
INFO: [ app_end ] --END-- [ RunTime:0.001000s ]

[ 2016-08-13T21:04:50+08:00 ] 127.0.0.1 /myweibo/Login/checkAccount.html
INFO: [ app_begin ] --START--
INFO: Run Behavior\ReadHtmlCacheBehavior [ RunTime:0.000000s ]
INFO: [ app_begin ] --END-- [ RunTime:0.002000s ]
NOTIC: [8] Array to string conversion D:\phpStudy\WWW\gitproject\myweibo\Application\Home\Controller\LoginController.class.php 第 105 行.

[ 2016-08-13T21:05:05+08:00 ] 127.0.0.1 /myweibo/Login/checkVerify.html
INFO: [ app_begin ] --START--
INFO: Run Behavior\ReadHtmlCacheBehavior [ RunTime:0.001000s ]
INFO: [ app_begin ] --END-- [ RunTime:0.001000s ]
INFO: [ app_end ] --START--
INFO: Run Behavior\ShowPageTraceBehavior [ RunTime:0.001000s ]
INFO: [ app_end ] --END-- [ RunTime:0.001000s ]

[ 2016-08-13T21:05:45+08:00 ] 127.0.0.1 /myweibo/Login/checkAccount.html
INFO: [ app_begin ] --START--
INFO: Run Behavior\ReadHtmlCacheBehavior [ RunTime:0.001000s ]
INFO: [ app_begin ] --END-- [ RunTime:0.001000s ]
INFO: [ app_end ] --START--
INFO: Run Behavior\ShowPageTraceBehavior [ RunTime:0.001001s ]
INFO: [ app_end ] --END-- [ RunTime:0.001001s ]

[ 2016-08-13T21:06:08+08:00 ] 127.0.0.1 /myweibo/Login/checkVerify.html
INFO: [ app_begin ] --START--
INFO: Run Behavior\ReadHtmlCacheBehavior [ RunTime:0.001000s ]
INFO: [ app_begin ] --END-- [ RunTime:0.001000s ]
INFO: [ app_end ] --START--
INFO: Run Behavior\ShowPageTraceBehavior [ RunTime:0.001000s ]
INFO: [ app_end ] --END-- [ RunTime:0.001000s ]

[ 2016-08-13T21:07:43+08:00 ] 127.0.0.1 /myweibo/Login/checkAccount.html
INFO: [ app_begin ] --START--
INFO: Run Behavior\ReadHtmlCacheBehavior [ RunTime:0.000000s ]
INFO: [ app_begin ] --END-- [ RunTime:0.001000s ]
NOTIC: [8] Array to string conversion D:\phpStudy\WWW\gitproject\myweibo\Application\Home\Controller\LoginController.class.php 第 105 行.

[ 2016-08-13T21:07:55+08:00 ] 127.0.0.1 /myweibo/Login/checkVerify.html
INFO: [ app_begin ] --START--
INFO: Run Behavior\ReadHtmlCacheBehavior [ RunTime:0.001000s ]
INFO: [ app_begin ] --END-- [ RunTime:0.001000s ]
INFO: [ app_end ] --START--
INFO: Run Behavior\ShowPageTraceBehavior [ RunTime:0.000000s ]
INFO: [ app_end ] --END-- [ RunTime:0.000000s ]

[ 2016-08-13T21:14:17+08:00 ] 127.0.0.1 /myweibo/Login/checkAccount.html
INFO: [ app_begin ] --START--
INFO: Run Behavior\ReadHtmlCacheBehavior [ RunTime:0.001000s ]
INFO: [ app_begin ] --END-- [ RunTime:0.002000s ]
NOTIC: [8] Array to string conversion D:\phpStudy\WWW\gitproject\myweibo\Application\Home\Controller\LoginController.class.php 第 105 行.

[ 2016-08-13T21:14:42+08:00 ] 127.0.0.1 /myweibo/Login/checkVerify.html
INFO: [ app_begin ] --START--
INFO: Run Behavior\ReadHtmlCacheBehavior [ RunTime:0.001000s ]
INFO: [ app_begin ] --END-- [ RunTime:0.001000s ]
INFO: [ app_end ] --START--
INFO: Run Behavior\ShowPageTraceBehavior [ RunTime:0.001000s ]
INFO: [ app_end ] --END-- [ RunTime:0.001000s ]

[ 2016-08-13T21:14:42+08:00 ] 127.0.0.1 /myweibo/Login/checkVerify.html
INFO: [ app_begin ] --START--
INFO: Run Behavior\ReadHtmlCacheBehavior [ RunTime:0.001000s ]
INFO: [ app_begin ] --END-- [ RunTime:0.001000s ]
INFO: [ app_end ] --START--
INFO: Run Behavior\ShowPageTraceBehavior [ RunTime:0.001001s ]
INFO: [ app_end ] --END-- [ RunTime:0.001001s ]

[ 2016-08-13T21:14:42+08:00 ] 127.0.0.1 /myweibo/Login/checkVerify.html
INFO: [ app_begin ] --START--
INFO: Run Behavior\ReadHtmlCacheBehavior [ RunTime:0.001000s ]
INFO: [ app_begin ] --END-- [ RunTime:0.001000s ]
INFO: [ app_end ] --START--
INFO: Run Behavior\ShowPageTraceBehavior [ RunTime:0.001000s ]
INFO: [ app_end ] --END-- [ RunTime:0.001000s ]

[ 2016-08-13T21:14:50+08:00 ] 127.0.0.1 /myweibo/Login/checkVerify.html
INFO: [ app_begin ] --START--
INFO: Run Behavior\ReadHtmlCacheBehavior [ RunTime:0.001000s ]
INFO: [ app_begin ] --END-- [ RunTime:0.001000s ]
INFO: [ app_end ] --START--
INFO: Run Behavior\ShowPageTraceBehavior [ RunTime:0.001000s ]
INFO: [ app_end ] --END-- [ RunTime:0.001000s ]

[ 2016-08-13T21:14:51+08:00 ] 127.0.0.1 /myweibo/Login/checkVerify.html
INFO: [ app_begin ] --START--
INFO: Run Behavior\ReadHtmlCacheBehavior [ RunTime:0.001001s ]
INFO: [ app_begin ] --END-- [ RunTime:0.002001s ]
INFO: [ app_end ] --START--
INFO: Run Behavior\ShowPageTraceBehavior [ RunTime:0.001000s ]
INFO: [ app_end ] --END-- [ RunTime:0.001000s ]

[ 2016-08-13T21:15:05+08:00 ] 127.0.0.1 /myweibo/Login/checkAccount.html
INFO: [ app_begin ] --START--
INFO: Run Behavior\ReadHtmlCacheBehavior [ RunTime:0.001000s ]
INFO: [ app_begin ] --END-- [ RunTime:0.001000s ]
NOTIC: [8] Array to string conversion D:\phpStudy\WWW\gitproject\myweibo\Application\Home\Controller\LoginController.class.php 第 105 行.

[ 2016-08-13T21:15:13+08:00 ] 127.0.0.1 /myweibo/Login/checkVerify.html
INFO: [ app_begin ] --START--
INFO: Run Behavior\ReadHtmlCacheBehavior [ RunTime:0.000000s ]
INFO: [ app_begin ] --END-- [ RunTime:0.001000s ]
INFO: [ app_end ] --START--
INFO: Run Behavior\ShowPageTraceBehavior [ RunTime:0.000000s ]
INFO: [ app_end ] --END-- [ RunTime:0.000000s ]

[ 2016-08-13T21:15:19+08:00 ] 127.0.0.1 /myweibo/Login/checkVerify.html
INFO: [ app_begin ] --START--
INFO: Run Behavior\ReadHtmlCacheBehavior [ RunTime:0.000000s ]
INFO: [ app_begin ] --END-- [ RunTime:0.001000s ]
INFO: [ app_end ] --START--
INFO: Run Behavior\ShowPageTraceBehavior [ RunTime:0.000000s ]
INFO: [ app_end ] --END-- [ RunTime:0.000000s ]

[ 2016-08-13T21:15:20+08:00 ] 127.0.0.1 /myweibo/Login/checkVerify.html
INFO: [ app_begin ] --START--
INFO: Run Behavior\ReadHtmlCacheBehavior [ RunTime:0.000000s ]
INFO: [ app_begin ] --END-- [ RunTime:0.001000s ]
INFO: [ app_end ] --START--
INFO: Run Behavior\ShowPageTraceBehavior [ RunTime:0.000000s ]
INFO: [ app_end ] --END-- [ RunTime:0.000000s ]

[ 2016-08-13T21:15:20+08:00 ] 127.0.0.1 /myweibo/Login/checkVerify.html
INFO: [ app_begin ] --START--
INFO: Run Behavior\ReadHtmlCacheBehavior [ RunTime:0.001000s ]
INFO: [ app_begin ] --END-- [ RunTime:0.001000s ]
INFO: [ app_end ] --START--
INFO: Run Behavior\ShowPageTraceBehavior [ RunTime:0.001000s ]
INFO: [ app_end ] --END-- [ RunTime:0.001000s ]

[ 2016-08-13T21:17:11+08:00 ] 127.0.0.1 /myweibo/Login/checkAccount.html
INFO: [ app_begin ] --START--
INFO: Run Behavior\ReadHtmlCacheBehavior [ RunTime:0.001001s ]
INFO: [ app_begin ] --END-- [ RunTime:0.001001s ]
NOTIC: [8] Array to string conversion D:\phpStudy\WWW\gitproject\myweibo\Application\Home\Controller\LoginController.class.php 第 105 行.

[ 2016-08-13T21:17:22+08:00 ] 127.0.0.1 /myweibo/Login/checkVerify.html
INFO: [ app_begin ] --START--
INFO: Run Behavior\ReadHtmlCacheBehavior [ RunTime:0.001000s ]
INFO: [ app_begin ] --END-- [ RunTime:0.001000s ]
INFO: [ app_end ] --START--
INFO: Run Behavior\ShowPageTraceBehavior [ RunTime:0.001000s ]
INFO: [ app_end ] --END-- [ RunTime:0.001000s ]

[ 2016-08-13T21:18:28+08:00 ] 127.0.0.1 /myweibo/Login/checkVerify.html
INFO: [ app_begin ] --START--
INFO: Run Behavior\ReadHtmlCacheBehavior [ RunTime:0.000000s ]
INFO: [ app_begin ] --END-- [ RunTime:0.000000s ]
INFO: [ app_end ] --START--
INFO: Run Behavior\ShowPageTraceBehavior [ RunTime:0.001000s ]
INFO: [ app_end ] --END-- [ RunTime:0.001000s ]

[ 2016-08-13T21:18:30+08:00 ] 127.0.0.1 /myweibo/Login/checkAccount.html
INFO: [ app_begin ] --START--
INFO: Run Behavior\ReadHtmlCacheBehavior [ RunTime:0.001000s ]
INFO: [ app_begin ] --END-- [ RunTime:0.001000s ]
NOTIC: [8] Array to string conversion D:\phpStudy\WWW\gitproject\myweibo\Application\Home\Controller\LoginController.class.php 第 105 行.

[ 2016-08-13T21:18:33+08:00 ] 127.0.0.1 /myweibo/Login/checkVerify.html
INFO: [ app_begin ] --START--
INFO: Run Behavior\ReadHtmlCacheBehavior [ RunTime:0.001000s ]
INFO: [ app_begin ] --END-- [ RunTime:0.002000s ]
INFO: [ app_end ] --START--
INFO: Run Behavior\ShowPageTraceBehavior [ RunTime:0.002001s ]
INFO: [ app_end ] --END-- [ RunTime:0.002001s ]

[ 2016-08-13T21:18:34+08:00 ] 127.0.0.1 /myweibo/Login/checkVerify.html
INFO: [ app_begin ] --START--
INFO: Run Behavior\ReadHtmlCacheBehavior [ RunTime:0.000000s ]
INFO: [ app_begin ] --END-- [ RunTime:0.001000s ]
INFO: [ app_end ] --START--
INFO: Run Behavior\ShowPageTraceBehavior [ RunTime:0.000000s ]
INFO: [ app_end ] --END-- [ RunTime:0.000000s ]

[ 2016-08-13T21:18:35+08:00 ] 127.0.0.1 /myweibo/Login/checkVerify.html
INFO: [ app_begin ] --START--
INFO: Run Behavior\ReadHtmlCacheBehavior [ RunTime:0.001000s ]
INFO: [ app_begin ] --END-- [ RunTime:0.002000s ]
INFO: [ app_end ] --START--
INFO: Run Behavior\ShowPageTraceBehavior [ RunTime:0.000000s ]
INFO: [ app_end ] --END-- [ RunTime:0.000000s ]

[ 2016-08-13T21:19:07+08:00 ] 127.0.0.1 /myweibo/Login/checkAccount.html
INFO: [ app_begin ] --START--
INFO: Run Behavior\ReadHtmlCacheBehavior [ RunTime:0.000000s ]
INFO: [ app_begin ] --END-- [ RunTime:0.000000s ]
ERR: 非法操作:checkAccount

[ 2016-08-13T21:20:06+08:00 ] 127.0.0.1 /myweibo/Login/checkVerify.html
INFO: [ app_begin ] --START--
INFO: Run Behavior\ReadHtmlCacheBehavior [ RunTime:0.001000s ]
INFO: [ app_begin ] --END-- [ RunTime:0.001000s ]
INFO: [ app_end ] --START--
INFO: Run Behavior\ShowPageTraceBehavior [ RunTime:0.001000s ]
INFO: [ app_end ] --END-- [ RunTime:0.001000s ]

[ 2016-08-13T21:21:52+08:00 ] 127.0.0.1 /myweibo/Login/checkAccount.html
INFO: [ app_begin ] --START--
INFO: Run Behavior\ReadHtmlCacheBehavior [ RunTime:0.001000s ]
INFO: [ app_begin ] --END-- [ RunTime:0.001000s ]
NOTIC: [8] Array to string conversion D:\phpStudy\WWW\gitproject\myweibo\Application\Home\Controller\LoginController.class.php 第 105 行.

[ 2016-08-13T21:22:09+08:00 ] 127.0.0.1 /myweibo/Login/checkVerify.html
INFO: [ app_begin ] --START--
INFO: Run Behavior\ReadHtmlCacheBehavior [ RunTime:0.002000s ]
INFO: [ app_begin ] --END-- [ RunTime:0.003000s ]
INFO: [ app_end ] --START--
INFO: Run Behavior\ShowPageTraceBehavior [ RunTime:0.002000s ]
INFO: [ app_end ] --END-- [ RunTime:0.002000s ]

[ 2016-08-13T21:22:53+08:00 ] 127.0.0.1 /myweibo/Login/checkAccount.html
INFO: [ app_begin ] --START--
INFO: Run Behavior\ReadHtmlCacheBehavior [ RunTime:0.001000s ]
INFO: [ app_begin ] --END-- [ RunTime:0.001000s ]
NOTIC: [8] Array to string conversion D:\phpStudy\WWW\gitproject\myweibo\Application\Home\Controller\LoginController.class.php 第 84 行.

[ 2016-08-13T21:23:04+08:00 ] 127.0.0.1 /myweibo/Login/checkVerify.html
INFO: [ app_begin ] --START--
INFO: Run Behavior\ReadHtmlCacheBehavior [ RunTime:0.001000s ]
INFO: [ app_begin ] --END-- [ RunTime:0.001000s ]
INFO: [ app_end ] --START--
INFO: Run Behavior\ShowPageTraceBehavior [ RunTime:0.001000s ]
INFO: [ app_end ] --END-- [ RunTime:0.001000s ]

[ 2016-08-13T21:23:09+08:00 ] 127.0.0.1 /myweibo/Login/checkVerify.html
INFO: [ app_begin ] --START--
INFO: Run Behavior\ReadHtmlCacheBehavior [ RunTime:0.000000s ]
INFO: [ app_begin ] --END-- [ RunTime:0.001000s ]
INFO: [ app_end ] --START--
INFO: Run Behavior\ShowPageTraceBehavior [ RunTime:0.000000s ]
INFO: [ app_end ] --END-- [ RunTime:0.000000s ]

[ 2016-08-13T21:23:09+08:00 ] 127.0.0.1 /myweibo/Login/checkVerify.html
INFO: [ app_begin ] --START--
INFO: Run Behavior\ReadHtmlCacheBehavior [ RunTime:0.000000s ]
INFO: [ app_begin ] --END-- [ RunTime:0.001000s ]
INFO: [ app_end ] --START--
INFO: Run Behavior\ShowPageTraceBehavior [ RunTime:0.000000s ]
INFO: [ app_end ] --END-- [ RunTime:0.000000s ]

[ 2016-08-13T21:23:09+08:00 ] 127.0.0.1 /myweibo/Login/checkVerify.html
INFO: [ app_begin ] --START--
INFO: Run Behavior\ReadHtmlCacheBehavior [ RunTime:0.001000s ]
INFO: [ app_begin ] --END-- [ RunTime:0.002000s ]
INFO: [ app_end ] --START--
INFO: Run Behavior\ShowPageTraceBehavior [ RunTime:0.001000s ]
INFO: [ app_end ] --END-- [ RunTime:0.001000s ]

[ 2016-08-13T21:29:56+08:00 ] 127.0.0.1 /myweibo/Login/checkAccount.html
INFO: [ app_begin ] --START--
INFO: Run Behavior\ReadHtmlCacheBehavior [ RunTime:0.001000s ]
INFO: [ app_begin ] --END-- [ RunTime:0.002000s ]
NOTIC: [8] Array to string conversion D:\phpStudy\WWW\gitproject\myweibo\Application\Home\Controller\LoginController.class.php 第 84 行.

[ 2016-08-13T21:30:00+08:00 ] 127.0.0.1 /myweibo/Login/checkUname.html
INFO: [ app_begin ] --START--
INFO: Run Behavior\ReadHtmlCacheBehavior [ RunTime:0.000000s ]
INFO: [ app_begin ] --END-- [ RunTime:0.001000s ]
NOTIC: [8] Array to string conversion D:\phpStudy\WWW\gitproject\myweibo\Application\Home\Controller\LoginController.class.php 第 100 行.

[ 2016-08-13T21:30:03+08:00 ] 127.0.0.1 /myweibo/Login/checkVerify.html
INFO: [ app_begin ] --START--
INFO: Run Behavior\ReadHtmlCacheBehavior [ RunTime:0.001000s ]
INFO: [ app_begin ] --END-- [ RunTime:0.001000s ]
INFO: [ app_end ] --START--
INFO: Run Behavior\ShowPageTraceBehavior [ RunTime:0.000000s ]
INFO: [ app_end ] --END-- [ RunTime:0.000000s ]

[ 2016-08-13T21:30:08+08:00 ] 127.0.0.1 /myweibo/Login/checkVerify.html
INFO: [ app_begin ] --START--
INFO: Run Behavior\ReadHtmlCacheBehavior [ RunTime:0.000000s ]
INFO: [ app_begin ] --END-- [ RunTime:0.001000s ]
INFO: [ app_end ] --START--
INFO: Run Behavior\ShowPageTraceBehavior [ RunTime:0.001000s ]
INFO: [ app_end ] --END-- [ RunTime:0.001000s ]

[ 2016-08-13T21:30:08+08:00 ] 127.0.0.1 /myweibo/Login/checkVerify.html
INFO: [ app_begin ] --START--
INFO: Run Behavior\ReadHtmlCacheBehavior [ RunTime:0.001000s ]
INFO: [ app_begin ] --END-- [ RunTime:0.001000s ]
INFO: [ app_end ] --START--
INFO: Run Behavior\ShowPageTraceBehavior [ RunTime:0.000000s ]
INFO: [ app_end ] --END-- [ RunTime:0.001000s ]

[ 2016-08-13T21:30:08+08:00 ] 127.0.0.1 /myweibo/Login/checkVerify.html
INFO: [ app_begin ] --START--
INFO: Run Behavior\ReadHtmlCacheBehavior [ RunTime:0.000000s ]
INFO: [ app_begin ] --END-- [ RunTime:0.001000s ]
INFO: [ app_end ] --START--
INFO: Run Behavior\ShowPageTraceBehavior [ RunTime:0.000000s ]
INFO: [ app_end ] --END-- [ RunTime:0.000000s ]

[ 2016-08-13T21:32:00+08:00 ] 127.0.0.1 /myweibo/Login/checkAccount.html
INFO: [ app_begin ] --START--
INFO: Run Behavior\ReadHtmlCacheBehavior [ RunTime:0.000000s ]
INFO: [ app_begin ] --END-- [ RunTime:0.001000s ]
NOTIC: [8] Array to string conversion D:\phpStudy\WWW\gitproject\myweibo\Application\Home\Controller\LoginController.class.php 第 86 行.

[ 2016-08-13T21:32:07+08:00 ] 127.0.0.1 /myweibo/Login/checkUname.html
INFO: [ app_begin ] --START--
INFO: Run Behavior\ReadHtmlCacheBehavior [ RunTime:0.001000s ]
INFO: [ app_begin ] --END-- [ RunTime:0.001000s ]
NOTIC: [8] Array to string conversion D:\phpStudy\WWW\gitproject\myweibo\Application\Home\Controller\LoginController.class.php 第 102 行.

[ 2016-08-13T21:32:07+08:00 ] 127.0.0.1 /myweibo/Login/checkUname.html
INFO: [ app_begin ] --START--
INFO: Run Behavior\ReadHtmlCacheBehavior [ RunTime:0.001000s ]
INFO: [ app_begin ] --END-- [ RunTime:0.001000s ]
NOTIC: [8] Array to string conversion D:\phpStudy\WWW\gitproject\myweibo\Application\Home\Controller\LoginController.class.php 第 102 行.

[ 2016-08-13T21:32:19+08:00 ] 127.0.0.1 /myweibo/Login/checkVerify.html
INFO: [ app_begin ] --START--
INFO: Run Behavior\ReadHtmlCacheBehavior [ RunTime:0.001000s ]
INFO: [ app_begin ] --END-- [ RunTime:0.002000s ]
INFO: [ app_end ] --START--
INFO: Run Behavior\ShowPageTraceBehavior [ RunTime:0.001001s ]
INFO: [ app_end ] --END-- [ RunTime:0.001001s ]

[ 2016-08-13T21:32:22+08:00 ] 127.0.0.1 /myweibo/Login/checkVerify.html
INFO: [ app_begin ] --START--
INFO: Run Behavior\ReadHtmlCacheBehavior [ RunTime:0.001000s ]
INFO: [ app_begin ] --END-- [ RunTime:0.001000s ]
INFO: [ app_end ] --START--
INFO: Run Behavior\ShowPageTraceBehavior [ RunTime:0.001000s ]
INFO: [ app_end ] --END-- [ RunTime:0.001000s ]

[ 2016-08-13T21:32:22+08:00 ] 127.0.0.1 /myweibo/Login/checkVerify.html
INFO: [ app_begin ] --START--
INFO: Run Behavior\ReadHtmlCacheBehavior [ RunTime:0.001000s ]
INFO: [ app_begin ] --END-- [ RunTime:0.002000s ]
INFO: [ app_end ] --START--
INFO: Run Behavior\ShowPageTraceBehavior [ RunTime:0.000000s ]
INFO: [ app_end ] --END-- [ RunTime:0.001000s ]

[ 2016-08-13T21:33:03+08:00 ] 127.0.0.1 /myweibo/Login/checkAccount.html
INFO: [ app_begin ] --START--
INFO: Run Behavior\ReadHtmlCacheBehavior [ RunTime:0.000000s ]
INFO: [ app_begin ] --END-- [ RunTime:0.001000s ]
NOTIC: [8] Array to string conversion D:\phpStudy\WWW\gitproject\myweibo\Application\Home\Controller\LoginController.class.php 第 86 行.

[ 2016-08-13T21:33:07+08:00 ] 127.0.0.1 /myweibo/Login/checkUname.html
INFO: [ app_begin ] --START--
INFO: Run Behavior\ReadHtmlCacheBehavior [ RunTime:0.001000s ]
INFO: [ app_begin ] --END-- [ RunTime:0.001000s ]
NOTIC: [8] Array to string conversion D:\phpStudy\WWW\gitproject\myweibo\Application\Home\Controller\LoginController.class.php 第 102 行.

[ 2016-08-13T21:33:11+08:00 ] 127.0.0.1 /myweibo/Login/checkVerify.html
INFO: [ app_begin ] --START--
INFO: Run Behavior\ReadHtmlCacheBehavior [ RunTime:0.001000s ]
INFO: [ app_begin ] --END-- [ RunTime:0.001000s ]
INFO: [ app_end ] --START--
INFO: Run Behavior\ShowPageTraceBehavior [ RunTime:0.001001s ]
INFO: [ app_end ] --END-- [ RunTime:0.001001s ]

[ 2016-08-13T21:34:47+08:00 ] 127.0.0.1 /myweibo/Login/checkRegis.html
ERR: 1062:Duplicate entry 'admin' for key 'account'
 [ SQL语句 ] : INSERT INTO `wb_user` (`account`,`password`,`registime`,`lock`) VALUES ('admin','21232f297a57a5a743894a0e4a801fc3','1471095287','0')

[ 2016-08-13T22:07:09+08:00 ] 127.0.0.1 /myweibo/Index/loginOut.html
ERR: 非法操作:loginOut

