[ 2016-08-14T09:20:24+08:00 ] 127.0.0.1 /myweibo/rigister
ERR: 无法加载控制器:Rigister

[ 2016-08-14T09:20:46+08:00 ] 127.0.0.1 /myweibo/Login/checkAccount.html
INFO: [ app_begin ] --START--
INFO: Run Behavior\ReadHtmlCacheBehavior [ RunTime:0.001000s ]
INFO: [ app_begin ] --END-- [ RunTime:0.001000s ]
NOTIC: [8] Array to string conversion D:\phpStudy\WWW\gitproject\myweibo\Application\Home\Controller\LoginController.class.php 第 133 行.

[ 2016-08-14T09:20:56+08:00 ] 127.0.0.1 /myweibo/Login/checkUname.html
INFO: [ app_begin ] --START--
INFO: Run Behavior\ReadHtmlCacheBehavior [ RunTime:0.000000s ]
INFO: [ app_begin ] --END-- [ RunTime:0.001000s ]
NOTIC: [8] Array to string conversion D:\phpStudy\WWW\gitproject\myweibo\Application\Home\Controller\LoginController.class.php 第 149 行.

[ 2016-08-14T09:21:00+08:00 ] 127.0.0.1 /myweibo/Login/checkVerify.html
INFO: [ app_begin ] --START--
INFO: Run Behavior\ReadHtmlCacheBehavior [ RunTime:0.001000s ]
INFO: [ app_begin ] --END-- [ RunTime:0.002000s ]
INFO: [ app_end ] --START--
INFO: Run Behavior\ShowPageTraceBehavior [ RunTime:0.001000s ]
INFO: [ app_end ] --END-- [ RunTime:0.001000s ]

[ 2016-08-14T09:21:04+08:00 ] 127.0.0.1 /myweibo/Login/checkVerify.html
INFO: [ app_begin ] --START--
INFO: Run Behavior\ReadHtmlCacheBehavior [ RunTime:0.001000s ]
INFO: [ app_begin ] --END-- [ RunTime:0.002000s ]
INFO: [ app_end ] --START--
INFO: Run Behavior\ShowPageTraceBehavior [ RunTime:0.001000s ]
INFO: [ app_end ] --END-- [ RunTime:0.001000s ]

[ 2016-08-14T09:21:05+08:00 ] 127.0.0.1 /myweibo/Login/checkVerify.html
INFO: [ app_begin ] --START--
INFO: Run Behavior\ReadHtmlCacheBehavior [ RunTime:0.001000s ]
INFO: [ app_begin ] --END-- [ RunTime:0.001000s ]
INFO: [ app_end ] --START--
INFO: Run Behavior\ShowPageTraceBehavior [ RunTime:0.001000s ]
INFO: [ app_end ] --END-- [ RunTime:0.001000s ]

[ 2016-08-14T09:21:05+08:00 ] 127.0.0.1 /myweibo/Login/checkVerify.html
INFO: [ app_begin ] --START--
INFO: Run Behavior\ReadHtmlCacheBehavior [ RunTime:0.001000s ]
INFO: [ app_begin ] --END-- [ RunTime:0.001000s ]
INFO: [ app_end ] --START--
INFO: Run Behavior\ShowPageTraceBehavior [ RunTime:0.001000s ]
INFO: [ app_end ] --END-- [ RunTime:0.001000s ]

[ 2016-08-14T10:01:37+08:00 ] 127.0.0.1 /myweibo/Login/checkAccount.html
INFO: [ app_begin ] --START--
INFO: Run Behavior\ReadHtmlCacheBehavior [ RunTime:0.001000s ]
INFO: [ app_begin ] --END-- [ RunTime:0.001000s ]
INFO: [ app_end ] --START--
INFO: Run Behavior\ShowPageTraceBehavior [ RunTime:0.000000s ]
INFO: [ app_end ] --END-- [ RunTime:0.000000s ]

[ 2016-08-14T10:01:41+08:00 ] 127.0.0.1 /myweibo/Login/checkUname.html
INFO: [ app_begin ] --START--
INFO: Run Behavior\ReadHtmlCacheBehavior [ RunTime:0.001000s ]
INFO: [ app_begin ] --END-- [ RunTime:0.001000s ]
NOTIC: [8] Array to string conversion D:\phpStudy\WWW\gitproject\myweibo\Application\Home\Controller\LoginController.class.php 第 149 行.

[ 2016-08-14T10:01:44+08:00 ] 127.0.0.1 /myweibo/Login/checkVerify.html
INFO: [ app_begin ] --START--
INFO: Run Behavior\ReadHtmlCacheBehavior [ RunTime:0.001000s ]
INFO: [ app_begin ] --END-- [ RunTime:0.001000s ]
INFO: [ app_end ] --START--
INFO: Run Behavior\ShowPageTraceBehavior [ RunTime:0.000000s ]
INFO: [ app_end ] --END-- [ RunTime:0.000000s ]

[ 2016-08-14T10:02:08+08:00 ] 127.0.0.1 /myweibo/Login/checkAccount.html
INFO: [ app_begin ] --START--
INFO: Run Behavior\ReadHtmlCacheBehavior [ RunTime:0.000000s ]
INFO: [ app_begin ] --END-- [ RunTime:0.001000s ]
INFO: [ app_end ] --START--
INFO: Run Behavior\ShowPageTraceBehavior [ RunTime:0.001000s ]
INFO: [ app_end ] --END-- [ RunTime:0.001000s ]

[ 2016-08-14T10:02:12+08:00 ] 127.0.0.1 /myweibo/Login/checkUname.html
INFO: [ app_begin ] --START--
INFO: Run Behavior\ReadHtmlCacheBehavior [ RunTime:0.001000s ]
INFO: [ app_begin ] --END-- [ RunTime:0.001000s ]
NOTIC: [8] Array to string conversion D:\phpStudy\WWW\gitproject\myweibo\Application\Home\Controller\LoginController.class.php 第 149 行.

[ 2016-08-14T10:02:15+08:00 ] 127.0.0.1 /myweibo/Login/checkVerify.html
INFO: [ app_begin ] --START--
INFO: Run Behavior\ReadHtmlCacheBehavior [ RunTime:0.001000s ]
INFO: [ app_begin ] --END-- [ RunTime:0.001000s ]
INFO: [ app_end ] --START--
INFO: Run Behavior\ShowPageTraceBehavior [ RunTime:0.001000s ]
INFO: [ app_end ] --END-- [ RunTime:0.001000s ]

[ 2016-08-14T10:02:21+08:00 ] 127.0.0.1 /myweibo/Login/checkVerify.html
INFO: [ app_begin ] --START--
INFO: Run Behavior\ReadHtmlCacheBehavior [ RunTime:0.000000s ]
INFO: [ app_begin ] --END-- [ RunTime:0.000000s ]
INFO: [ app_end ] --START--
INFO: Run Behavior\ShowPageTraceBehavior [ RunTime:0.000000s ]
INFO: [ app_end ] --END-- [ RunTime:0.000000s ]

[ 2016-08-14T10:02:22+08:00 ] 127.0.0.1 /myweibo/Login/checkVerify.html
INFO: [ app_begin ] --START--
INFO: Run Behavior\ReadHtmlCacheBehavior [ RunTime:0.001000s ]
INFO: [ app_begin ] --END-- [ RunTime:0.001000s ]
INFO: [ app_end ] --START--
INFO: Run Behavior\ShowPageTraceBehavior [ RunTime:0.001000s ]
INFO: [ app_end ] --END-- [ RunTime:0.001000s ]

[ 2016-08-14T10:02:22+08:00 ] 127.0.0.1 /myweibo/Login/checkVerify.html
INFO: [ app_begin ] --START--
INFO: Run Behavior\ReadHtmlCacheBehavior [ RunTime:0.000000s ]
INFO: [ app_begin ] --END-- [ RunTime:0.001000s ]
INFO: [ app_end ] --START--
INFO: Run Behavior\ShowPageTraceBehavior [ RunTime:0.000000s ]
INFO: [ app_end ] --END-- [ RunTime:0.000000s ]

[ 2016-08-14T10:03:23+08:00 ] 127.0.0.1 /myweibo/Login/checkAccount.html
INFO: [ app_begin ] --START--
INFO: Run Behavior\ReadHtmlCacheBehavior [ RunTime:0.000000s ]
INFO: [ app_begin ] --END-- [ RunTime:0.000000s ]
INFO: [ app_end ] --START--
INFO: Run Behavior\ShowPageTraceBehavior [ RunTime:0.001000s ]
INFO: [ app_end ] --END-- [ RunTime:0.001000s ]

[ 2016-08-14T10:03:28+08:00 ] 127.0.0.1 /myweibo/Login/checkUname.html
INFO: [ app_begin ] --START--
INFO: Run Behavior\ReadHtmlCacheBehavior [ RunTime:0.001000s ]
INFO: [ app_begin ] --END-- [ RunTime:0.002000s ]
INFO: [ app_end ] --START--
INFO: Run Behavior\ShowPageTraceBehavior [ RunTime:0.000000s ]
INFO: [ app_end ] --END-- [ RunTime:0.001000s ]

[ 2016-08-14T10:03:35+08:00 ] 127.0.0.1 /myweibo/Login/checkVerify.html
INFO: [ app_begin ] --START--
INFO: Run Behavior\ReadHtmlCacheBehavior [ RunTime:0.001000s ]
INFO: [ app_begin ] --END-- [ RunTime:0.002000s ]
INFO: [ app_end ] --START--
INFO: Run Behavior\ShowPageTraceBehavior [ RunTime:0.001000s ]
INFO: [ app_end ] --END-- [ RunTime:0.001000s ]

[ 2016-08-14T10:04:57+08:00 ] 127.0.0.1 /myweibo/Login/redister
ERR: 非法操作:redister

[ 2016-08-14T10:05:09+08:00 ] 127.0.0.1 /myweibo/Login/checkAccount.html
INFO: [ app_begin ] --START--
INFO: Run Behavior\ReadHtmlCacheBehavior [ RunTime:0.001000s ]
INFO: [ app_begin ] --END-- [ RunTime:0.001000s ]
INFO: [ app_end ] --START--
INFO: Run Behavior\ShowPageTraceBehavior [ RunTime:0.001000s ]
INFO: [ app_end ] --END-- [ RunTime:0.001000s ]

[ 2016-08-14T10:05:24+08:00 ] 127.0.0.1 /myweibo/Login/checkUname.html
INFO: [ app_begin ] --START--
INFO: Run Behavior\ReadHtmlCacheBehavior [ RunTime:0.001000s ]
INFO: [ app_begin ] --END-- [ RunTime:0.001000s ]
INFO: [ app_end ] --START--
INFO: Run Behavior\ShowPageTraceBehavior [ RunTime:0.000000s ]
INFO: [ app_end ] --END-- [ RunTime:0.000000s ]

[ 2016-08-14T10:05:34+08:00 ] 127.0.0.1 /myweibo/Login/checkVerify.html
INFO: [ app_begin ] --START--
INFO: Run Behavior\ReadHtmlCacheBehavior [ RunTime:0.000000s ]
INFO: [ app_begin ] --END-- [ RunTime:0.001000s ]
INFO: [ app_end ] --START--
INFO: Run Behavior\ShowPageTraceBehavior [ RunTime:0.001000s ]
INFO: [ app_end ] --END-- [ RunTime:0.001000s ]

[ 2016-08-14T10:10:39+08:00 ] 127.0.0.1 /myweibo/Login/checkAccount.html
INFO: [ app_begin ] --START--
INFO: Run Behavior\ReadHtmlCacheBehavior [ RunTime:0.001000s ]
INFO: [ app_begin ] --END-- [ RunTime:0.001000s ]
INFO: [ app_end ] --START--
INFO: Run Behavior\ShowPageTraceBehavior [ RunTime:0.000000s ]
INFO: [ app_end ] --END-- [ RunTime:0.000000s ]

[ 2016-08-14T10:10:46+08:00 ] 127.0.0.1 /myweibo/Login/checkUname.html
INFO: [ app_begin ] --START--
INFO: Run Behavior\ReadHtmlCacheBehavior [ RunTime:0.000000s ]
INFO: [ app_begin ] --END-- [ RunTime:0.001000s ]
INFO: [ app_end ] --START--
INFO: Run Behavior\ShowPageTraceBehavior [ RunTime:0.001000s ]
INFO: [ app_end ] --END-- [ RunTime:0.001000s ]

[ 2016-08-14T10:10:54+08:00 ] 127.0.0.1 /myweibo/Login/checkVerify.html
INFO: [ app_begin ] --START--
INFO: Run Behavior\ReadHtmlCacheBehavior [ RunTime:0.000000s ]
INFO: [ app_begin ] --END-- [ RunTime:0.001000s ]
INFO: [ app_end ] --START--
INFO: Run Behavior\ShowPageTraceBehavior [ RunTime:0.001000s ]
INFO: [ app_end ] --END-- [ RunTime:0.001000s ]

[ 2016-08-14T10:10:55+08:00 ] 127.0.0.1 /myweibo/Login/checkRegis.html
ERR: Think\Model:insert1方法不存在！

[ 2016-08-14T10:11:06+08:00 ] 127.0.0.1 /myweibo/Login/checkRegis.html
ERR: Think\Model:insert方法不存在！

[ 2016-08-14T10:13:24+08:00 ] 127.0.0.1 /myweibo/Login/checkRegis.html
ERR: Think\Model:insert方法不存在！

[ 2016-08-14T10:16:16+08:00 ] 127.0.0.1 /myweibo/Login/checkAccount.html
INFO: [ app_begin ] --START--
INFO: Run Behavior\ReadHtmlCacheBehavior [ RunTime:0.000000s ]
INFO: [ app_begin ] --END-- [ RunTime:0.000000s ]
INFO: [ app_end ] --START--
INFO: Run Behavior\ShowPageTraceBehavior [ RunTime:0.001000s ]
INFO: [ app_end ] --END-- [ RunTime:0.001000s ]

[ 2016-08-14T10:16:30+08:00 ] 127.0.0.1 /myweibo/Login/checkUname.html
INFO: [ app_begin ] --START--
INFO: Run Behavior\ReadHtmlCacheBehavior [ RunTime:0.000000s ]
INFO: [ app_begin ] --END-- [ RunTime:0.001000s ]
INFO: [ app_end ] --START--
INFO: Run Behavior\ShowPageTraceBehavior [ RunTime:0.001000s ]
INFO: [ app_end ] --END-- [ RunTime:0.001000s ]

[ 2016-08-14T10:16:38+08:00 ] 127.0.0.1 /myweibo/Login/checkVerify.html
INFO: [ app_begin ] --START--
INFO: Run Behavior\ReadHtmlCacheBehavior [ RunTime:0.001000s ]
INFO: [ app_begin ] --END-- [ RunTime:0.001000s ]
INFO: [ app_end ] --START--
INFO: Run Behavior\ShowPageTraceBehavior [ RunTime:0.001000s ]
INFO: [ app_end ] --END-- [ RunTime:0.001000s ]

[ 2016-08-14T10:18:13+08:00 ] 127.0.0.1 /myweibo/rigister
ERR: 无法加载控制器:Rigister

[ 2016-08-14T14:31:33+08:00 ] 127.0.0.1 /myweibo/Login/checkAccount.html
INFO: [ app_begin ] --START--
INFO: Run Behavior\ReadHtmlCacheBehavior [ RunTime:0.000500s ]
INFO: [ app_begin ] --END-- [ RunTime:0.001000s ]
NOTIC: [8] Array to string conversion D:\phpStudy\WWW\gitproject\myweibo\Application\Home\Controller\LoginController.class.php 第 133 行.

[ 2016-08-14T14:31:43+08:00 ] 127.0.0.1 /myweibo/Login/checkUname.html
INFO: [ app_begin ] --START--
INFO: Run Behavior\ReadHtmlCacheBehavior [ RunTime:0.001500s ]
INFO: [ app_begin ] --END-- [ RunTime:0.002000s ]
NOTIC: [8] Array to string conversion D:\phpStudy\WWW\gitproject\myweibo\Application\Home\Controller\LoginController.class.php 第 150 行.

[ 2016-08-14T14:31:55+08:00 ] 127.0.0.1 /myweibo/Login/checkVerify.html
INFO: [ app_begin ] --START--
INFO: Run Behavior\ReadHtmlCacheBehavior [ RunTime:0.000500s ]
INFO: [ app_begin ] --END-- [ RunTime:0.001000s ]
INFO: [ app_end ] --START--
INFO: Run Behavior\ShowPageTraceBehavior [ RunTime:0.000500s ]
INFO: [ app_end ] --END-- [ RunTime:0.000500s ]

[ 2016-08-14T14:33:59+08:00 ] 127.0.0.1 /myweibo/Login/checkAccount.html
INFO: [ app_begin ] --START--
INFO: Run Behavior\ReadHtmlCacheBehavior [ RunTime:0.000500s ]
INFO: [ app_begin ] --END-- [ RunTime:0.001000s ]
INFO: [ app_end ] --START--
INFO: Run Behavior\ShowPageTraceBehavior [ RunTime:0.000500s ]
INFO: [ app_end ] --END-- [ RunTime:0.000500s ]

[ 2016-08-14T14:34:14+08:00 ] 127.0.0.1 /myweibo/Login/checkUname.html
INFO: [ app_begin ] --START--
INFO: Run Behavior\ReadHtmlCacheBehavior [ RunTime:0.000500s ]
INFO: [ app_begin ] --END-- [ RunTime:0.001000s ]
INFO: [ app_end ] --START--
INFO: Run Behavior\ShowPageTraceBehavior [ RunTime:0.000500s ]
INFO: [ app_end ] --END-- [ RunTime:0.000500s ]

[ 2016-08-14T14:44:02+08:00 ] 127.0.0.1 /myweibo/Login/checkAccount.html
INFO: [ app_begin ] --START--
INFO: Run Behavior\ReadHtmlCacheBehavior [ RunTime:0.000500s ]
INFO: [ app_begin ] --END-- [ RunTime:0.000500s ]
INFO: [ app_end ] --START--
INFO: Run Behavior\ShowPageTraceBehavior [ RunTime:0.001000s ]
INFO: [ app_end ] --END-- [ RunTime:0.001000s ]

[ 2016-08-14T14:44:05+08:00 ] 127.0.0.1 /myweibo/Login/checkAccount.html
INFO: [ app_begin ] --START--
INFO: Run Behavior\ReadHtmlCacheBehavior [ RunTime:0.000500s ]
INFO: [ app_begin ] --END-- [ RunTime:0.001000s ]
INFO: [ app_end ] --START--
INFO: Run Behavior\ShowPageTraceBehavior [ RunTime:0.000500s ]
INFO: [ app_end ] --END-- [ RunTime:0.000500s ]

[ 2016-08-14T14:44:10+08:00 ] 127.0.0.1 /myweibo/Login/checkAccount.html
INFO: [ app_begin ] --START--
INFO: Run Behavior\ReadHtmlCacheBehavior [ RunTime:0.000500s ]
INFO: [ app_begin ] --END-- [ RunTime:0.001000s ]
INFO: [ app_end ] --START--
INFO: Run Behavior\ShowPageTraceBehavior [ RunTime:0.000500s ]
INFO: [ app_end ] --END-- [ RunTime:0.000500s ]

[ 2016-08-14T14:44:15+08:00 ] 127.0.0.1 /myweibo/Login/checkAccount.html
INFO: [ app_begin ] --START--
INFO: Run Behavior\ReadHtmlCacheBehavior [ RunTime:0.000500s ]
INFO: [ app_begin ] --END-- [ RunTime:0.000500s ]
INFO: [ app_end ] --START--
INFO: Run Behavior\ShowPageTraceBehavior [ RunTime:0.000500s ]
INFO: [ app_end ] --END-- [ RunTime:0.000500s ]

[ 2016-08-14T14:44:24+08:00 ] 127.0.0.1 /myweibo/Login/checkUname.html
INFO: [ app_begin ] --START--
INFO: Run Behavior\ReadHtmlCacheBehavior [ RunTime:0.001001s ]
INFO: [ app_begin ] --END-- [ RunTime:0.001501s ]
INFO: [ app_end ] --START--
INFO: Run Behavior\ShowPageTraceBehavior [ RunTime:0.000500s ]
INFO: [ app_end ] --END-- [ RunTime:0.000500s ]

[ 2016-08-14T14:44:38+08:00 ] 127.0.0.1 /myweibo/Login/checkVerify.html
INFO: [ app_begin ] --START--
INFO: Run Behavior\ReadHtmlCacheBehavior [ RunTime:0.000000s ]
INFO: [ app_begin ] --END-- [ RunTime:0.001000s ]
INFO: [ app_end ] --START--
INFO: Run Behavior\ShowPageTraceBehavior [ RunTime:0.000501s ]
INFO: [ app_end ] --END-- [ RunTime:0.000501s ]

[ 2016-08-14T14:53:38+08:00 ] 127.0.0.1 /myweibo/Login/checkAccount.html
INFO: [ app_begin ] --START--
INFO: Run Behavior\ReadHtmlCacheBehavior [ RunTime:0.000500s ]
INFO: [ app_begin ] --END-- [ RunTime:0.001000s ]
NOTIC: [8] Array to string conversion D:\phpStudy\WWW\gitproject\myweibo\Application\Home\Controller\LoginController.class.php 第 133 行.

[ 2016-08-14T14:53:45+08:00 ] 127.0.0.1 /myweibo/Login/checkUname.html
INFO: [ app_begin ] --START--
INFO: Run Behavior\ReadHtmlCacheBehavior [ RunTime:0.000500s ]
INFO: [ app_begin ] --END-- [ RunTime:0.000500s ]
NOTIC: [8] Array to string conversion D:\phpStudy\WWW\gitproject\myweibo\Application\Home\Controller\LoginController.class.php 第 150 行.

[ 2016-08-14T14:53:49+08:00 ] 127.0.0.1 /myweibo/Login/checkVerify.html
INFO: [ app_begin ] --START--
INFO: Run Behavior\ReadHtmlCacheBehavior [ RunTime:0.000500s ]
INFO: [ app_begin ] --END-- [ RunTime:0.000500s ]
INFO: [ app_end ] --START--
INFO: Run Behavior\ShowPageTraceBehavior [ RunTime:0.000501s ]
INFO: [ app_end ] --END-- [ RunTime:0.000501s ]

[ 2016-08-14T14:53:53+08:00 ] 127.0.0.1 /myweibo/Login/checkVerify.html
INFO: [ app_begin ] --START--
INFO: Run Behavior\ReadHtmlCacheBehavior [ RunTime:0.000500s ]
INFO: [ app_begin ] --END-- [ RunTime:0.001000s ]
INFO: [ app_end ] --START--
INFO: Run Behavior\ShowPageTraceBehavior [ RunTime:0.000500s ]
INFO: [ app_end ] --END-- [ RunTime:0.000500s ]

[ 2016-08-14T14:53:53+08:00 ] 127.0.0.1 /myweibo/Login/checkVerify.html
INFO: [ app_begin ] --START--
INFO: Run Behavior\ReadHtmlCacheBehavior [ RunTime:0.000500s ]
INFO: [ app_begin ] --END-- [ RunTime:0.000500s ]
INFO: [ app_end ] --START--
INFO: Run Behavior\ShowPageTraceBehavior [ RunTime:0.000500s ]
INFO: [ app_end ] --END-- [ RunTime:0.000500s ]

[ 2016-08-14T14:53:55+08:00 ] 127.0.0.1 /myweibo/Login/checkVerify.html
INFO: [ app_begin ] --START--
INFO: Run Behavior\ReadHtmlCacheBehavior [ RunTime:0.000500s ]
INFO: [ app_begin ] --END-- [ RunTime:0.001000s ]
INFO: [ app_end ] --START--
INFO: Run Behavior\ShowPageTraceBehavior [ RunTime:0.000500s ]
INFO: [ app_end ] --END-- [ RunTime:0.000500s ]

[ 2016-08-14T16:35:38+08:00 ] 127.0.0.1 /myweibo/Login/checkAccount.html
INFO: [ app_begin ] --START--
INFO: Run Behavior\ReadHtmlCacheBehavior [ RunTime:0.000500s ]
INFO: [ app_begin ] --END-- [ RunTime:0.001000s ]
NOTIC: [8] Array to string conversion D:\phpStudy\WWW\gitproject\myweibo\Application\Home\Controller\LoginController.class.php 第 128 行.

[ 2016-08-14T16:35:53+08:00 ] 127.0.0.1 /myweibo/Login/checkAccount.html
INFO: [ app_begin ] --START--
INFO: Run Behavior\ReadHtmlCacheBehavior [ RunTime:0.001000s ]
INFO: [ app_begin ] --END-- [ RunTime:0.002501s ]
NOTIC: [8] Array to string conversion D:\phpStudy\WWW\gitproject\myweibo\Application\Home\Controller\LoginController.class.php 第 128 行.

[ 2016-08-14T16:36:03+08:00 ] 127.0.0.1 /myweibo/Login/checkUname.html
INFO: [ app_begin ] --START--
INFO: Run Behavior\ReadHtmlCacheBehavior [ RunTime:0.001000s ]
INFO: [ app_begin ] --END-- [ RunTime:0.002500s ]
NOTIC: [8] Array to string conversion D:\phpStudy\WWW\gitproject\myweibo\Application\Home\Controller\LoginController.class.php 第 149 行.

[ 2016-08-14T16:36:07+08:00 ] 127.0.0.1 /myweibo/Login/checkUname.html
INFO: [ app_begin ] --START--
INFO: Run Behavior\ReadHtmlCacheBehavior [ RunTime:0.001500s ]
INFO: [ app_begin ] --END-- [ RunTime:0.002000s ]
NOTIC: [8] Array to string conversion D:\phpStudy\WWW\gitproject\myweibo\Application\Home\Controller\LoginController.class.php 第 149 行.

[ 2016-08-14T16:36:15+08:00 ] 127.0.0.1 /myweibo/Login/checkUname.html
INFO: [ app_begin ] --START--
INFO: Run Behavior\ReadHtmlCacheBehavior [ RunTime:0.001500s ]
INFO: [ app_begin ] --END-- [ RunTime:0.002001s ]
NOTIC: [8] Array to string conversion D:\phpStudy\WWW\gitproject\myweibo\Application\Home\Controller\LoginController.class.php 第 149 行.

[ 2016-08-14T16:36:15+08:00 ] 127.0.0.1 /myweibo/Login/checkUname.html
INFO: [ app_begin ] --START--
INFO: Run Behavior\ReadHtmlCacheBehavior [ RunTime:0.000500s ]
INFO: [ app_begin ] --END-- [ RunTime:0.001500s ]
NOTIC: [8] Array to string conversion D:\phpStudy\WWW\gitproject\myweibo\Application\Home\Controller\LoginController.class.php 第 149 行.

[ 2016-08-14T16:36:16+08:00 ] 127.0.0.1 /myweibo/Login/checkUname.html
INFO: [ app_begin ] --START--
INFO: Run Behavior\ReadHtmlCacheBehavior [ RunTime:0.001000s ]
INFO: [ app_begin ] --END-- [ RunTime:0.002000s ]
NOTIC: [8] Array to string conversion D:\phpStudy\WWW\gitproject\myweibo\Application\Home\Controller\LoginController.class.php 第 149 行.

[ 2016-08-14T16:36:16+08:00 ] 127.0.0.1 /myweibo/Login/checkUname.html
INFO: [ app_begin ] --START--
INFO: Run Behavior\ReadHtmlCacheBehavior [ RunTime:0.001000s ]
INFO: [ app_begin ] --END-- [ RunTime:0.002001s ]
NOTIC: [8] Array to string conversion D:\phpStudy\WWW\gitproject\myweibo\Application\Home\Controller\LoginController.class.php 第 149 行.

[ 2016-08-14T16:36:16+08:00 ] 127.0.0.1 /myweibo/Login/checkUname.html
INFO: [ app_begin ] --START--
INFO: Run Behavior\ReadHtmlCacheBehavior [ RunTime:0.000500s ]
INFO: [ app_begin ] --END-- [ RunTime:0.001000s ]
NOTIC: [8] Array to string conversion D:\phpStudy\WWW\gitproject\myweibo\Application\Home\Controller\LoginController.class.php 第 149 行.

[ 2016-08-14T16:36:48+08:00 ] 127.0.0.1 /myweibo/Login/checkAccount.html
INFO: [ app_begin ] --START--
INFO: Run Behavior\ReadHtmlCacheBehavior [ RunTime:0.000500s ]
INFO: [ app_begin ] --END-- [ RunTime:0.001000s ]
NOTIC: [8] Array to string conversion D:\phpStudy\WWW\gitproject\myweibo\Application\Home\Controller\LoginController.class.php 第 128 行.

[ 2016-08-14T16:36:52+08:00 ] 127.0.0.1 /myweibo/Login/checkAccount.html
INFO: [ app_begin ] --START--
INFO: Run Behavior\ReadHtmlCacheBehavior [ RunTime:0.000500s ]
INFO: [ app_begin ] --END-- [ RunTime:0.001000s ]
NOTIC: [8] Array to string conversion D:\phpStudy\WWW\gitproject\myweibo\Application\Home\Controller\LoginController.class.php 第 128 行.

[ 2016-08-14T16:36:53+08:00 ] 127.0.0.1 /myweibo/Login/checkAccount.html
INFO: [ app_begin ] --START--
INFO: Run Behavior\ReadHtmlCacheBehavior [ RunTime:0.000500s ]
INFO: [ app_begin ] --END-- [ RunTime:0.000500s ]
NOTIC: [8] Array to string conversion D:\phpStudy\WWW\gitproject\myweibo\Application\Home\Controller\LoginController.class.php 第 128 行.

[ 2016-08-14T16:36:53+08:00 ] 127.0.0.1 /myweibo/Login/checkAccount.html
INFO: [ app_begin ] --START--
INFO: Run Behavior\ReadHtmlCacheBehavior [ RunTime:0.001000s ]
INFO: [ app_begin ] --END-- [ RunTime:0.002000s ]
NOTIC: [8] Array to string conversion D:\phpStudy\WWW\gitproject\myweibo\Application\Home\Controller\LoginController.class.php 第 128 行.

[ 2016-08-14T16:37:47+08:00 ] 127.0.0.1 /myweibo/Login/checkAccount.html
INFO: [ app_begin ] --START--
INFO: Run Behavior\ReadHtmlCacheBehavior [ RunTime:0.001000s ]
INFO: [ app_begin ] --END-- [ RunTime:0.001500s ]
NOTIC: [8] Array to string conversion D:\phpStudy\WWW\gitproject\myweibo\Application\Home\Controller\LoginController.class.php 第 128 行.

[ 2016-08-14T16:37:52+08:00 ] 127.0.0.1 /myweibo/Login/checkUname.html
INFO: [ app_begin ] --START--
INFO: Run Behavior\ReadHtmlCacheBehavior [ RunTime:0.001000s ]
INFO: [ app_begin ] --END-- [ RunTime:0.001500s ]
NOTIC: [8] Array to string conversion D:\phpStudy\WWW\gitproject\myweibo\Application\Home\Controller\LoginController.class.php 第 147 行.

[ 2016-08-14T16:37:57+08:00 ] 127.0.0.1 /myweibo/Login/checkVerify.html
INFO: [ app_begin ] --START--
INFO: Run Behavior\ReadHtmlCacheBehavior [ RunTime:0.001000s ]
INFO: [ app_begin ] --END-- [ RunTime:0.002500s ]
INFO: [ app_end ] --START--
INFO: Run Behavior\ShowPageTraceBehavior [ RunTime:0.001500s ]
INFO: [ app_end ] --END-- [ RunTime:0.001500s ]

[ 2016-08-14T16:38:29+08:00 ] 127.0.0.1 /myweibo/Login/checkAccount.html
INFO: [ app_begin ] --START--
INFO: Run Behavior\ReadHtmlCacheBehavior [ RunTime:0.001000s ]
INFO: [ app_begin ] --END-- [ RunTime:0.001500s ]
NOTIC: [8] Array to string conversion D:\phpStudy\WWW\gitproject\myweibo\Application\Home\Controller\LoginController.class.php 第 128 行.

[ 2016-08-14T16:38:33+08:00 ] 127.0.0.1 /myweibo/Login/checkAccount.html
INFO: [ app_begin ] --START--
INFO: Run Behavior\ReadHtmlCacheBehavior [ RunTime:0.001000s ]
INFO: [ app_begin ] --END-- [ RunTime:0.001500s ]
NOTIC: [8] Array to string conversion D:\phpStudy\WWW\gitproject\myweibo\Application\Home\Controller\LoginController.class.php 第 128 行.

[ 2016-08-14T16:38:34+08:00 ] 127.0.0.1 /myweibo/Login/checkAccount.html
INFO: [ app_begin ] --START--
INFO: Run Behavior\ReadHtmlCacheBehavior [ RunTime:0.001000s ]
INFO: [ app_begin ] --END-- [ RunTime:0.001500s ]
NOTIC: [8] Array to string conversion D:\phpStudy\WWW\gitproject\myweibo\Application\Home\Controller\LoginController.class.php 第 128 行.

[ 2016-08-14T16:38:34+08:00 ] 127.0.0.1 /myweibo/Login/checkAccount.html
INFO: [ app_begin ] --START--
INFO: Run Behavior\ReadHtmlCacheBehavior [ RunTime:0.001000s ]
INFO: [ app_begin ] --END-- [ RunTime:0.002501s ]
NOTIC: [8] Array to string conversion D:\phpStudy\WWW\gitproject\myweibo\Application\Home\Controller\LoginController.class.php 第 128 行.

[ 2016-08-14T16:38:36+08:00 ] 127.0.0.1 /myweibo/Login/checkAccount.html
INFO: [ app_begin ] --START--
INFO: Run Behavior\ReadHtmlCacheBehavior [ RunTime:0.000500s ]
INFO: [ app_begin ] --END-- [ RunTime:0.001000s ]
NOTIC: [8] Array to string conversion D:\phpStudy\WWW\gitproject\myweibo\Application\Home\Controller\LoginController.class.php 第 128 行.

[ 2016-08-14T16:38:36+08:00 ] 127.0.0.1 /myweibo/Login/checkAccount.html
INFO: [ app_begin ] --START--
INFO: Run Behavior\ReadHtmlCacheBehavior [ RunTime:0.000501s ]
INFO: [ app_begin ] --END-- [ RunTime:0.001001s ]
NOTIC: [8] Array to string conversion D:\phpStudy\WWW\gitproject\myweibo\Application\Home\Controller\LoginController.class.php 第 128 行.

[ 2016-08-14T16:38:36+08:00 ] 127.0.0.1 /myweibo/Login/checkAccount.html
INFO: [ app_begin ] --START--
INFO: Run Behavior\ReadHtmlCacheBehavior [ RunTime:0.000500s ]
INFO: [ app_begin ] --END-- [ RunTime:0.001000s ]
NOTIC: [8] Array to string conversion D:\phpStudy\WWW\gitproject\myweibo\Application\Home\Controller\LoginController.class.php 第 128 行.

[ 2016-08-14T16:38:37+08:00 ] 127.0.0.1 /myweibo/Login/checkAccount.html
INFO: [ app_begin ] --START--
INFO: Run Behavior\ReadHtmlCacheBehavior [ RunTime:0.000500s ]
INFO: [ app_begin ] --END-- [ RunTime:0.001000s ]
NOTIC: [8] Array to string conversion D:\phpStudy\WWW\gitproject\myweibo\Application\Home\Controller\LoginController.class.php 第 128 行.

[ 2016-08-14T16:38:38+08:00 ] 127.0.0.1 /myweibo/Login/checkAccount.html
INFO: [ app_begin ] --START--
INFO: Run Behavior\ReadHtmlCacheBehavior [ RunTime:0.001000s ]
INFO: [ app_begin ] --END-- [ RunTime:0.002000s ]
NOTIC: [8] Array to string conversion D:\phpStudy\WWW\gitproject\myweibo\Application\Home\Controller\LoginController.class.php 第 128 行.

[ 2016-08-14T16:38:38+08:00 ] 127.0.0.1 /myweibo/Login/checkAccount.html
INFO: [ app_begin ] --START--
INFO: Run Behavior\ReadHtmlCacheBehavior [ RunTime:0.001000s ]
INFO: [ app_begin ] --END-- [ RunTime:0.001500s ]
NOTIC: [8] Array to string conversion D:\phpStudy\WWW\gitproject\myweibo\Application\Home\Controller\LoginController.class.php 第 128 行.

[ 2016-08-14T16:38:41+08:00 ] 127.0.0.1 /myweibo/Login/checkAccount.html
INFO: [ app_begin ] --START--
INFO: Run Behavior\ReadHtmlCacheBehavior [ RunTime:0.001000s ]
INFO: [ app_begin ] --END-- [ RunTime:0.002000s ]
NOTIC: [8] Array to string conversion D:\phpStudy\WWW\gitproject\myweibo\Application\Home\Controller\LoginController.class.php 第 128 行.

[ 2016-08-14T16:38:41+08:00 ] 127.0.0.1 /myweibo/Login/checkAccount.html
INFO: [ app_begin ] --START--
INFO: Run Behavior\ReadHtmlCacheBehavior [ RunTime:0.001000s ]
INFO: [ app_begin ] --END-- [ RunTime:0.001500s ]
NOTIC: [8] Array to string conversion D:\phpStudy\WWW\gitproject\myweibo\Application\Home\Controller\LoginController.class.php 第 128 行.

[ 2016-08-14T16:38:53+08:00 ] 127.0.0.1 /myweibo/Login/checkAccount.html
INFO: [ app_begin ] --START--
INFO: Run Behavior\ReadHtmlCacheBehavior [ RunTime:0.000500s ]
INFO: [ app_begin ] --END-- [ RunTime:0.001500s ]
NOTIC: [8] Array to string conversion D:\phpStudy\WWW\gitproject\myweibo\Application\Home\Controller\LoginController.class.php 第 128 行.

[ 2016-08-14T16:38:54+08:00 ] 127.0.0.1 /myweibo/Login/checkAccount.html
INFO: [ app_begin ] --START--
INFO: Run Behavior\ReadHtmlCacheBehavior [ RunTime:0.000500s ]
INFO: [ app_begin ] --END-- [ RunTime:0.001000s ]
NOTIC: [8] Array to string conversion D:\phpStudy\WWW\gitproject\myweibo\Application\Home\Controller\LoginController.class.php 第 128 行.

[ 2016-08-14T16:38:55+08:00 ] 127.0.0.1 /myweibo/Login/checkAccount.html
INFO: [ app_begin ] --START--
INFO: Run Behavior\ReadHtmlCacheBehavior [ RunTime:0.001000s ]
INFO: [ app_begin ] --END-- [ RunTime:0.002000s ]
NOTIC: [8] Array to string conversion D:\phpStudy\WWW\gitproject\myweibo\Application\Home\Controller\LoginController.class.php 第 128 行.

[ 2016-08-14T16:39:07+08:00 ] 127.0.0.1 /myweibo/Login/checkUname.html
INFO: [ app_begin ] --START--
INFO: Run Behavior\ReadHtmlCacheBehavior [ RunTime:0.001001s ]
INFO: [ app_begin ] --END-- [ RunTime:0.001501s ]
NOTIC: [8] Array to string conversion D:\phpStudy\WWW\gitproject\myweibo\Application\Home\Controller\LoginController.class.php 第 147 行.

[ 2016-08-14T16:39:22+08:00 ] 127.0.0.1 /myweibo/Login/checkVerify.html
INFO: [ app_begin ] --START--
INFO: Run Behavior\ReadHtmlCacheBehavior [ RunTime:0.000500s ]
INFO: [ app_begin ] --END-- [ RunTime:0.000500s ]
INFO: [ app_end ] --START--
INFO: Run Behavior\ShowPageTraceBehavior [ RunTime:0.000501s ]
INFO: [ app_end ] --END-- [ RunTime:0.000501s ]

[ 2016-08-14T16:40:05+08:00 ] 127.0.0.1 /myweibo/Login/checkAccount.html
INFO: [ app_begin ] --START--
INFO: Run Behavior\ReadHtmlCacheBehavior [ RunTime:0.000500s ]
INFO: [ app_begin ] --END-- [ RunTime:0.001001s ]
NOTIC: [8] Array to string conversion D:\phpStudy\WWW\gitproject\myweibo\Application\Home\Controller\LoginController.class.php 第 128 行.

[ 2016-08-14T16:40:08+08:00 ] 127.0.0.1 /myweibo/Login/checkAccount.html
INFO: [ app_begin ] --START--
INFO: Run Behavior\ReadHtmlCacheBehavior [ RunTime:0.001001s ]
INFO: [ app_begin ] --END-- [ RunTime:0.001501s ]
NOTIC: [8] Array to string conversion D:\phpStudy\WWW\gitproject\myweibo\Application\Home\Controller\LoginController.class.php 第 128 行.

[ 2016-08-14T16:40:08+08:00 ] 127.0.0.1 /myweibo/Login/checkAccount.html
INFO: [ app_begin ] --START--
INFO: Run Behavior\ReadHtmlCacheBehavior [ RunTime:0.000500s ]
INFO: [ app_begin ] --END-- [ RunTime:0.001000s ]
NOTIC: [8] Array to string conversion D:\phpStudy\WWW\gitproject\myweibo\Application\Home\Controller\LoginController.class.php 第 128 行.

[ 2016-08-14T16:40:11+08:00 ] 127.0.0.1 /myweibo/Login/checkAccount.html
INFO: [ app_begin ] --START--
INFO: Run Behavior\ReadHtmlCacheBehavior [ RunTime:0.000500s ]
INFO: [ app_begin ] --END-- [ RunTime:0.001000s ]
NOTIC: [8] Array to string conversion D:\phpStudy\WWW\gitproject\myweibo\Application\Home\Controller\LoginController.class.php 第 128 行.

[ 2016-08-14T16:40:30+08:00 ] 127.0.0.1 /myweibo/Login/checkUname.html
INFO: [ app_begin ] --START--
INFO: Run Behavior\ReadHtmlCacheBehavior [ RunTime:0.001001s ]
INFO: [ app_begin ] --END-- [ RunTime:0.001501s ]
NOTIC: [8] Array to string conversion D:\phpStudy\WWW\gitproject\myweibo\Application\Home\Controller\LoginController.class.php 第 147 行.

[ 2016-08-14T16:40:49+08:00 ] 127.0.0.1 /myweibo/Login/checkVerify.html
INFO: [ app_begin ] --START--
INFO: Run Behavior\ReadHtmlCacheBehavior [ RunTime:0.000500s ]
INFO: [ app_begin ] --END-- [ RunTime:0.001000s ]
INFO: [ app_end ] --START--
INFO: Run Behavior\ShowPageTraceBehavior [ RunTime:0.000500s ]
INFO: [ app_end ] --END-- [ RunTime:0.000500s ]

[ 2016-08-14T16:44:53+08:00 ] 127.0.0.1 /myweibo/Login/checkAccount.html
INFO: [ app_begin ] --START--
INFO: Run Behavior\ReadHtmlCacheBehavior [ RunTime:0.000500s ]
INFO: [ app_begin ] --END-- [ RunTime:0.001000s ]
SQL: SELECT * FROM `wb_user` WHERE `account` = 'roflvb' LIMIT 1   [ RunTime:0.0005s ]
INFO: [ app_end ] --START--
INFO: Run Behavior\ShowPageTraceBehavior [ RunTime:0.000500s ]
INFO: [ app_end ] --END-- [ RunTime:0.000500s ]

[ 2016-08-14T16:45:48+08:00 ] 127.0.0.1 /myweibo/Login/checkAccount.html
INFO: [ app_begin ] --START--
INFO: Run Behavior\ReadHtmlCacheBehavior [ RunTime:0.001000s ]
INFO: [ app_begin ] --END-- [ RunTime:0.001500s ]
SQL: SELECT * FROM `wb_user` WHERE `account` = 'roflvb' LIMIT 1   [ RunTime:0.0005s ]
INFO: [ app_end ] --START--
INFO: Run Behavior\ShowPageTraceBehavior [ RunTime:0.001000s ]
INFO: [ app_end ] --END-- [ RunTime:0.001000s ]

[ 2016-08-14T16:45:57+08:00 ] 127.0.0.1 /myweibo/Login/checkUname.html
INFO: [ app_begin ] --START--
INFO: Run Behavior\ReadHtmlCacheBehavior [ RunTime:0.000500s ]
INFO: [ app_begin ] --END-- [ RunTime:0.001000s ]
SQL: SELECT * FROM `wb_user` LIMIT 1   [ RunTime:0.0000s ]
INFO: [ app_end ] --START--
INFO: Run Behavior\ShowPageTraceBehavior [ RunTime:0.000500s ]
INFO: [ app_end ] --END-- [ RunTime:0.000500s ]

[ 2016-08-14T16:46:20+08:00 ] 127.0.0.1 /myweibo/Login/checkUname.html
INFO: [ app_begin ] --START--
INFO: Run Behavior\ReadHtmlCacheBehavior [ RunTime:0.000000s ]
INFO: [ app_begin ] --END-- [ RunTime:0.001000s ]
SQL: SELECT * FROM `wb_user` LIMIT 1   [ RunTime:0.0005s ]
INFO: [ app_end ] --START--
INFO: Run Behavior\ShowPageTraceBehavior [ RunTime:0.000500s ]
INFO: [ app_end ] --END-- [ RunTime:0.000500s ]

[ 2016-08-14T16:46:20+08:00 ] 127.0.0.1 /myweibo/Login/checkUname.html
INFO: [ app_begin ] --START--
INFO: Run Behavior\ReadHtmlCacheBehavior [ RunTime:0.000500s ]
INFO: [ app_begin ] --END-- [ RunTime:0.001000s ]
SQL: SELECT * FROM `wb_user` LIMIT 1   [ RunTime:0.0000s ]
INFO: [ app_end ] --START--
INFO: Run Behavior\ShowPageTraceBehavior [ RunTime:0.000500s ]
INFO: [ app_end ] --END-- [ RunTime:0.000500s ]

[ 2016-08-14T16:46:21+08:00 ] 127.0.0.1 /myweibo/Login/checkUname.html
INFO: [ app_begin ] --START--
INFO: Run Behavior\ReadHtmlCacheBehavior [ RunTime:0.001000s ]
INFO: [ app_begin ] --END-- [ RunTime:0.001500s ]
SQL: SELECT * FROM `wb_user` LIMIT 1   [ RunTime:0.0005s ]
INFO: [ app_end ] --START--
INFO: Run Behavior\ShowPageTraceBehavior [ RunTime:0.001000s ]
INFO: [ app_end ] --END-- [ RunTime:0.001000s ]

[ 2016-08-14T16:46:21+08:00 ] 127.0.0.1 /myweibo/Login/checkUname.html
INFO: [ app_begin ] --START--
INFO: Run Behavior\ReadHtmlCacheBehavior [ RunTime:0.001000s ]
INFO: [ app_begin ] --END-- [ RunTime:0.002000s ]
SQL: SELECT * FROM `wb_user` LIMIT 1   [ RunTime:0.0005s ]
INFO: [ app_end ] --START--
INFO: Run Behavior\ShowPageTraceBehavior [ RunTime:0.000500s ]
INFO: [ app_end ] --END-- [ RunTime:0.000500s ]

[ 2016-08-14T16:46:27+08:00 ] 127.0.0.1 /myweibo/Login/checkVerify.html
INFO: [ app_begin ] --START--
INFO: Run Behavior\ReadHtmlCacheBehavior [ RunTime:0.001000s ]
INFO: [ app_begin ] --END-- [ RunTime:0.002000s ]
INFO: [ app_end ] --START--
INFO: Run Behavior\ShowPageTraceBehavior [ RunTime:0.001501s ]
INFO: [ app_end ] --END-- [ RunTime:0.001501s ]

[ 2016-08-14T17:45:19+08:00 ] 127.0.0.1 /myweibo/UserSetting/index.html
ERR: 无法加载控制器:UserSetting

[ 2016-08-14T19:31:28+08:00 ] 127.0.0.1 /myweibo/UserSetting/index.html
ERR: 无法加载控制器:UserSetting

[ 2016-08-14T19:52:06+08:00 ] 127.0.0.1 /myweibo/UserSetting/index.html
ERR: 1054:Unknown column 'uid' in 'where clause'
 [ SQL语句 ] : SELECT * FROM `wb_user` WHERE (  uid ) AND (  30 ) LIMIT 1  

[ 2016-08-14T19:56:18+08:00 ] 127.0.0.1 /myweibo/UserSetting/index.html
ERR: 1054:Unknown column 'uname' in 'field list'
 [ SQL语句 ] : SELECT `uname`,`truename`,`sex`,`location`,`constellation`,`intro` FROM `wb_userinfo` WHERE (  uid ) AND (  30 ) LIMIT 1  

[ 2016-08-14T21:02:35+08:00 ] 127.0.0.1 /myweibo/30.html
ERR: 无法加载控制器:30

[ 2016-08-14T21:15:47+08:00 ] 127.0.0.1 /myweibo/Common/uploadFace.html
ERR: 无法加载控制器:Common

[ 2016-08-14T21:29:07+08:00 ] 127.0.0.1 /myweibo/Common/uploadFace.html
ERR: 无法加载控制器:Common

[ 2016-08-14T21:29:15+08:00 ] 127.0.0.1 /myweibo/Common/uploadFace.html
ERR: 无法加载控制器:Common

