[ 2016-08-31T00:50:08+08:00 ] 127.0.0.1 /myweibo/Index/delWeibo.html
INFO: [ app_begin ] --START--
INFO: Run Behavior\ReadHtmlCacheBehavior [ RunTime:0.000000s ]
INFO: [ app_begin ] --END-- [ RunTime:0.001000s ]
SQL: SELECT `id`,`lock` FROM `wb_user` WHERE `account` = 'roflvb' LIMIT 1   [ RunTime:0.0000s ]
SQL: DELETE FROM `wb_weibo` WHERE `id` = 165 [ RunTime:0.0000s ]
SQL: SELECT * FROM `wb_picture` WHERE `wid` = 165 LIMIT 1   [ RunTime:0.0010s ]
NOTIC: [2] unlink(./Uploads/Pic/): Permission denied D:\phpStudy\WWW\gitproject\myweibo\Application\Home\Controller\IndexController.class.php 第 311 行.
NOTIC: [2] unlink(./Uploads/Pic/): Permission denied D:\phpStudy\WWW\gitproject\myweibo\Application\Home\Controller\IndexController.class.php 第 312 行.
NOTIC: [2] unlink(./Uploads/Pic/): Permission denied D:\phpStudy\WWW\gitproject\myweibo\Application\Home\Controller\IndexController.class.php 第 313 行.
SQL: UPDATE `wb_userinfo` SET `weibo`=weibo-1 WHERE `uid` = 36 [ RunTime:0.0000s ]
SQL: DELETE FROM `wb_comment` WHERE `wid` = 165 [ RunTime:0.0450s ]
INFO: [ app_end ] --START--
INFO: Run Behavior\ShowPageTraceBehavior [ RunTime:0.002001s ]
INFO: [ app_end ] --END-- [ RunTime:0.002001s ]

[ 2016-08-31T00:50:12+08:00 ] 127.0.0.1 /myweibo/Index/delWeibo.html
INFO: [ app_begin ] --START--
INFO: Run Behavior\ReadHtmlCacheBehavior [ RunTime:0.001000s ]
INFO: [ app_begin ] --END-- [ RunTime:0.001000s ]
SQL: SELECT `id`,`lock` FROM `wb_user` WHERE `account` = 'roflvb' LIMIT 1   [ RunTime:0.0010s ]
SQL: DELETE FROM `wb_weibo` WHERE `id` = 165 [ RunTime:0.0000s ]
SQL: SELECT * FROM `wb_picture` WHERE `wid` = 165 LIMIT 1   [ RunTime:0.0010s ]
INFO: [ app_end ] --START--
INFO: Run Behavior\ShowPageTraceBehavior [ RunTime:0.000000s ]
INFO: [ app_end ] --END-- [ RunTime:0.000000s ]

[ 2016-08-31T00:50:17+08:00 ] 127.0.0.1 /myweibo/Index/delWeibo.html
INFO: [ app_begin ] --START--
INFO: Run Behavior\ReadHtmlCacheBehavior [ RunTime:0.002000s ]
INFO: [ app_begin ] --END-- [ RunTime:0.003000s ]
SQL: SELECT `id`,`lock` FROM `wb_user` WHERE `account` = 'roflvb' LIMIT 1   [ RunTime:0.0000s ]
SQL: DELETE FROM `wb_weibo` WHERE `id` = 164 [ RunTime:0.0000s ]
SQL: SELECT * FROM `wb_picture` WHERE `wid` = 164 LIMIT 1   [ RunTime:0.0010s ]
NOTIC: [2] unlink(./Uploads/Pic/): Permission denied D:\phpStudy\WWW\gitproject\myweibo\Application\Home\Controller\IndexController.class.php 第 311 行.
NOTIC: [2] unlink(./Uploads/Pic/): Permission denied D:\phpStudy\WWW\gitproject\myweibo\Application\Home\Controller\IndexController.class.php 第 312 行.
NOTIC: [2] unlink(./Uploads/Pic/): Permission denied D:\phpStudy\WWW\gitproject\myweibo\Application\Home\Controller\IndexController.class.php 第 313 行.
SQL: UPDATE `wb_userinfo` SET `weibo`=weibo-1 WHERE `uid` = 36 [ RunTime:0.0000s ]
SQL: DELETE FROM `wb_comment` WHERE `wid` = 164 [ RunTime:0.0010s ]
INFO: [ app_end ] --START--
INFO: Run Behavior\ShowPageTraceBehavior [ RunTime:0.000000s ]
INFO: [ app_end ] --END-- [ RunTime:0.000000s ]

[ 2016-08-31T00:50:31+08:00 ] 127.0.0.1 /myweibo/Index/getComment.html
INFO: [ app_begin ] --START--
INFO: Run Behavior\ReadHtmlCacheBehavior [ RunTime:0.000000s ]
INFO: [ app_begin ] --END-- [ RunTime:0.001001s ]
SQL: SELECT `id`,`lock` FROM `wb_user` WHERE `account` = 'roflvb' LIMIT 1   [ RunTime:0.0000s ]
SQL: SELECT comment.id AS id,comment.content AS content,comment.time AS time,comment.wid AS wid,comment.uid AS uid,userinfo.username AS username,userinfo.face50 AS face50,userinfo.uid AS uid FROM wb_comment comment LEFT JOIN wb_userinfo userinfo ON comment.uid=userinfo.uid WHERE comment.wid = '163'  [ RunTime:0.0150s ]
NOTIC: [8] Undefined variable: uid D:\phpStudy\WWW\gitproject\myweibo\Application\Home\Controller\IndexController.class.php 第 251 行.
INFO: [ app_end ] --START--
INFO: Run Behavior\ShowPageTraceBehavior [ RunTime:0.000000s ]
INFO: [ app_end ] --END-- [ RunTime:0.000000s ]

[ 2016-08-31T00:50:33+08:00 ] 127.0.0.1 /myweibo/Index/getComment.html
INFO: [ app_begin ] --START--
INFO: Run Behavior\ReadHtmlCacheBehavior [ RunTime:0.002000s ]
INFO: [ app_begin ] --END-- [ RunTime:0.003000s ]
SQL: SELECT `id`,`lock` FROM `wb_user` WHERE `account` = 'roflvb' LIMIT 1   [ RunTime:0.0010s ]
SQL: SELECT comment.id AS id,comment.content AS content,comment.time AS time,comment.wid AS wid,comment.uid AS uid,userinfo.username AS username,userinfo.face50 AS face50,userinfo.uid AS uid FROM wb_comment comment LEFT JOIN wb_userinfo userinfo ON comment.uid=userinfo.uid WHERE comment.wid = '162'  [ RunTime:0.0010s ]
NOTIC: [8] Undefined variable: uid D:\phpStudy\WWW\gitproject\myweibo\Application\Home\Controller\IndexController.class.php 第 251 行.
INFO: [ app_end ] --START--
INFO: Run Behavior\ShowPageTraceBehavior [ RunTime:0.001000s ]
INFO: [ app_end ] --END-- [ RunTime:0.001000s ]

[ 2016-08-31T00:50:37+08:00 ] 127.0.0.1 /myweibo/Index/getComment.html
INFO: [ app_begin ] --START--
INFO: Run Behavior\ReadHtmlCacheBehavior [ RunTime:0.000000s ]
INFO: [ app_begin ] --END-- [ RunTime:0.001000s ]
SQL: SELECT `id`,`lock` FROM `wb_user` WHERE `account` = 'roflvb' LIMIT 1   [ RunTime:0.0010s ]
SQL: SELECT comment.id AS id,comment.content AS content,comment.time AS time,comment.wid AS wid,comment.uid AS uid,userinfo.username AS username,userinfo.face50 AS face50,userinfo.uid AS uid FROM wb_comment comment LEFT JOIN wb_userinfo userinfo ON comment.uid=userinfo.uid WHERE comment.wid = '159'  [ RunTime:0.0010s ]
INFO: [ app_end ] --START--
INFO: Run Behavior\ShowPageTraceBehavior [ RunTime:0.001000s ]
INFO: [ app_end ] --END-- [ RunTime:0.001000s ]

[ 2016-08-31T08:31:08+08:00 ] 127.0.0.1 /myweibo/Index/getComment.html
INFO: [ app_begin ] --START--
INFO: Run Behavior\ReadHtmlCacheBehavior [ RunTime:0.001000s ]
INFO: [ app_begin ] --END-- [ RunTime:0.002000s ]
SQL: SELECT `id`,`lock` FROM `wb_user` WHERE `account` = 'demo2' LIMIT 1   [ RunTime:0.0010s ]
SQL: SELECT comment.id AS id,comment.content AS content,comment.time AS time,comment.wid AS wid,comment.uid AS uid,userinfo.username AS username,userinfo.face50 AS face50,userinfo.uid AS uid FROM wb_comment comment LEFT JOIN wb_userinfo userinfo ON comment.uid=userinfo.uid WHERE comment.wid = '161'  [ RunTime:0.0290s ]
NOTIC: [8] Undefined variable: uid D:\phpStudy\WWW\gitproject\myweibo\Application\Home\Controller\IndexController.class.php 第 251 行.
NOTIC: [8] Undefined variable: uid D:\phpStudy\WWW\gitproject\myweibo\Application\Home\Controller\IndexController.class.php 第 251 行.
NOTIC: [8] Undefined variable: uid D:\phpStudy\WWW\gitproject\myweibo\Application\Home\Controller\IndexController.class.php 第 251 行.
INFO: [ app_end ] --START--
INFO: Run Behavior\ShowPageTraceBehavior [ RunTime:0.001000s ]
INFO: [ app_end ] --END-- [ RunTime:0.001000s ]

[ 2016-08-31T08:31:30+08:00 ] 127.0.0.1 /myweibo/Common/addGroup.html
INFO: [ app_begin ] --START--
INFO: Run Behavior\ReadHtmlCacheBehavior [ RunTime:0.002000s ]
INFO: [ app_begin ] --END-- [ RunTime:0.003000s ]
SQL: SELECT `id`,`lock` FROM `wb_user` WHERE `account` = 'demo2' LIMIT 1   [ RunTime:0.0000s ]
SQL: INSERT INTO `wb_group` (`name`,`uid`) VALUES ('展示','39') [ RunTime:0.0160s ]
INFO: [ app_end ] --START--
INFO: Run Behavior\ShowPageTraceBehavior [ RunTime:0.001000s ]
INFO: [ app_end ] --END-- [ RunTime:0.001000s ]

[ 2016-08-31T08:32:23+08:00 ] 127.0.0.1 /myweibo/Common/addFollow.html
INFO: [ app_begin ] --START--
INFO: Run Behavior\ReadHtmlCacheBehavior [ RunTime:0.001000s ]
INFO: [ app_begin ] --END-- [ RunTime:0.001000s ]
SQL: SELECT `id`,`lock` FROM `wb_user` WHERE `account` = 'demo2' LIMIT 1   [ RunTime:0.0000s ]
SQL: INSERT INTO `wb_follow` (`follow`,`gid`,`fans`) VALUES ('44','59','39') [ RunTime:0.0010s ]
SQL: UPDATE `wb_userinfo` SET `follow`=follow+1 WHERE `uid` = 39 [ RunTime:0.0350s ]
SQL: UPDATE `wb_userinfo` SET `fans`=fans+1 WHERE `uid` = 44 [ RunTime:0.0010s ]
INFO: [ app_end ] --START--
INFO: Run Behavior\ShowPageTraceBehavior [ RunTime:0.001000s ]
INFO: [ app_end ] --END-- [ RunTime:0.001000s ]

[ 2016-08-31T08:32:45+08:00 ] 127.0.0.1 /myweibo/Index/getComment.html
INFO: [ app_begin ] --START--
INFO: Run Behavior\ReadHtmlCacheBehavior [ RunTime:0.000000s ]
INFO: [ app_begin ] --END-- [ RunTime:0.001000s ]
SQL: SELECT `id`,`lock` FROM `wb_user` WHERE `account` = 'demo2' LIMIT 1   [ RunTime:0.0010s ]
SQL: SELECT comment.id AS id,comment.content AS content,comment.time AS time,comment.wid AS wid,comment.uid AS uid,userinfo.username AS username,userinfo.face50 AS face50,userinfo.uid AS uid FROM wb_comment comment LEFT JOIN wb_userinfo userinfo ON comment.uid=userinfo.uid WHERE comment.wid = '162'  [ RunTime:0.0000s ]
NOTIC: [8] Undefined variable: uid D:\phpStudy\WWW\gitproject\myweibo\Application\Home\Controller\IndexController.class.php 第 251 行.
INFO: [ app_end ] --START--
INFO: Run Behavior\ShowPageTraceBehavior [ RunTime:0.001000s ]
INFO: [ app_end ] --END-- [ RunTime:0.001000s ]

[ 2016-08-31T08:32:57+08:00 ] 127.0.0.1 /myweibo/Index/keep.html
INFO: [ app_begin ] --START--
INFO: Run Behavior\ReadHtmlCacheBehavior [ RunTime:0.001000s ]
INFO: [ app_begin ] --END-- [ RunTime:0.001000s ]
SQL: SELECT `id`,`lock` FROM `wb_user` WHERE `account` = 'demo2' LIMIT 1   [ RunTime:0.0010s ]
SQL: SELECT `id` FROM `wb_keep` WHERE `wid` = 162 AND `uid` = 39 LIMIT 1   [ RunTime:0.0650s ]
SQL: INSERT INTO `wb_keep` (`uid`,`time`,`wid`) VALUES ('39','1472603577','162') [ RunTime:0.0000s ]
SQL: UPDATE `wb_weibo` SET `keep`=keep+1 WHERE `id` = 162 [ RunTime:0.0000s ]
INFO: [ app_end ] --START--
INFO: Run Behavior\ShowPageTraceBehavior [ RunTime:0.001000s ]
INFO: [ app_end ] --END-- [ RunTime:0.001000s ]

[ 2016-08-31T23:48:19+08:00 ] 127.0.0.1 /myweibo/User/atme.html
ERR: 1064:You have an error in your SQL syntax; check the manual that corresponds to your MySQL server version for the right syntax to use near ') ORDER BY weibo.time DESC LIMIT 0,10' at line 1
 [ SQL语句 ] : SELECT weibo.id AS id,weibo.content AS content,weibo.isturn AS isturn,weibo.time AS time,weibo.turn AS turn,weibo.keep AS keep,weibo.comment AS comment,weibo.uid AS uid,userinfo.username AS username,userinfo.face50 AS face,picture.mini AS mini,picture.medium AS medium,picture.max AS max FROM wb_weibo weibo LEFT JOIN wb_userinfo userinfo ON weibo.uid = userinfo.uid LEFT JOIN wb_picture picture ON weibo.id = picture.wid WHERE weibo.id IN () ORDER BY weibo.time DESC LIMIT 0,10  

