[ 2016-09-10T10:22:21+08:00 ] 127.0.0.1 /myweibo/
ERR: SQLSTATE[HY000] [2002] ”…”⁄¡¨Ω”∑Ω‘⁄“ª∂Œ ±º‰∫Û√ª”–’˝»∑¥∏¥ªÚ¡¨Ω”µƒ÷˜ª˙√ª”–∑¥”¶£¨¡¨Ω”≥¢ ‘ ß∞‹°£


[ 2016-09-10T10:24:19+08:00 ] 127.0.0.1 /myweibo/
ERR: SQLSTATE[HY000] [2002] ”…”⁄¡¨Ω”∑Ω‘⁄“ª∂Œ ±º‰∫Û√ª”–’˝»∑¥∏¥ªÚ¡¨Ω”µƒ÷˜ª˙√ª”–∑¥”¶£¨¡¨Ω”≥¢ ‘ ß∞‹°£


[ 2016-09-10T10:25:22+08:00 ] 127.0.0.1 /myweibo/
ERR: SQLSTATE[HY000] [2002] ”…”⁄¡¨Ω”∑Ω‘⁄“ª∂Œ ±º‰∫Û√ª”–’˝»∑¥∏¥ªÚ¡¨Ω”µƒ÷˜ª˙√ª”–∑¥”¶£¨¡¨Ω”≥¢ ‘ ß∞‹°£


[ 2016-09-10T21:52:22+08:00 ] 127.0.0.1 /myweibo/Index/getComment.html
INFO: [ app_begin ] --START--
INFO: Run Behavior\ReadHtmlCacheBehavior [ RunTime:0.001000s ]
INFO: [ app_begin ] --END-- [ RunTime:0.001000s ]
SQL: SELECT `id`,`lock` FROM `wb_user` WHERE `account` = 'demo4' LIMIT 1   [ RunTime:0.0000s ]
SQL: SELECT comment.id AS id,comment.content AS content,comment.time AS time,comment.wid AS wid,comment.uid AS uid,userinfo.username AS username,userinfo.face50 AS face50,userinfo.uid AS uid FROM wb_comment comment LEFT JOIN wb_userinfo userinfo ON comment.uid=userinfo.uid WHERE comment.wid = '157'  [ RunTime:0.0830s ]
NOTIC: [8] Undefined variable: uid D:\phpStudy\WWW\gitproject\myweibo\Application\Home\Controller\IndexController.class.php Á¨¨ 288 Ë°å.
NOTIC: [8] Undefined variable: uid D:\phpStudy\WWW\gitproject\myweibo\Application\Home\Controller\IndexController.class.php Á¨¨ 288 Ë°å.
NOTIC: [8] Undefined variable: uid D:\phpStudy\WWW\gitproject\myweibo\Application\Home\Controller\IndexController.class.php Á¨¨ 288 Ë°å.
NOTIC: [8] Undefined variable: uid D:\phpStudy\WWW\gitproject\myweibo\Application\Home\Controller\IndexController.class.php Á¨¨ 288 Ë°å.
INFO: [ app_end ] --START--
INFO: Run Behavior\ShowPageTraceBehavior [ RunTime:0.001000s ]
INFO: [ app_end ] --END-- [ RunTime:0.001000s ]

[ 2016-09-10T21:52:28+08:00 ] 127.0.0.1 /myweibo/Index/getComment.html
INFO: [ app_begin ] --START--
INFO: Run Behavior\ReadHtmlCacheBehavior [ RunTime:0.001000s ]
INFO: [ app_begin ] --END-- [ RunTime:0.001000s ]
SQL: SELECT `id`,`lock` FROM `wb_user` WHERE `account` = 'demo4' LIMIT 1   [ RunTime:0.0010s ]
SQL: SELECT comment.id AS id,comment.content AS content,comment.time AS time,comment.wid AS wid,comment.uid AS uid,userinfo.username AS username,userinfo.face50 AS face50,userinfo.uid AS uid FROM wb_comment comment LEFT JOIN wb_userinfo userinfo ON comment.uid=userinfo.uid WHERE comment.wid = '157'  [ RunTime:0.0000s ]
NOTIC: [8] Undefined variable: uid D:\phpStudy\WWW\gitproject\myweibo\Application\Home\Controller\IndexController.class.php Á¨¨ 288 Ë°å.
NOTIC: [8] Undefined variable: uid D:\phpStudy\WWW\gitproject\myweibo\Application\Home\Controller\IndexController.class.php Á¨¨ 288 Ë°å.
NOTIC: [8] Undefined variable: uid D:\phpStudy\WWW\gitproject\myweibo\Application\Home\Controller\IndexController.class.php Á¨¨ 288 Ë°å.
NOTIC: [8] Undefined variable: uid D:\phpStudy\WWW\gitproject\myweibo\Application\Home\Controller\IndexController.class.php Á¨¨ 288 Ë°å.
INFO: [ app_end ] --START--
INFO: Run Behavior\ShowPageTraceBehavior [ RunTime:0.000000s ]
INFO: [ app_end ] --END-- [ RunTime:0.000000s ]

[ 2016-09-10T21:52:30+08:00 ] 127.0.0.1 /myweibo/Index/getComment.html
INFO: [ app_begin ] --START--
INFO: Run Behavior\ReadHtmlCacheBehavior [ RunTime:0.001000s ]
INFO: [ app_begin ] --END-- [ RunTime:0.001000s ]
SQL: SELECT `id`,`lock` FROM `wb_user` WHERE `account` = 'demo4' LIMIT 1   [ RunTime:0.0000s ]
SQL: SELECT comment.id AS id,comment.content AS content,comment.time AS time,comment.wid AS wid,comment.uid AS uid,userinfo.username AS username,userinfo.face50 AS face50,userinfo.uid AS uid FROM wb_comment comment LEFT JOIN wb_userinfo userinfo ON comment.uid=userinfo.uid WHERE comment.wid = '157'  [ RunTime:0.0000s ]
NOTIC: [8] Undefined variable: uid D:\phpStudy\WWW\gitproject\myweibo\Application\Home\Controller\IndexController.class.php Á¨¨ 288 Ë°å.
NOTIC: [8] Undefined variable: uid D:\phpStudy\WWW\gitproject\myweibo\Application\Home\Controller\IndexController.class.php Á¨¨ 288 Ë°å.
NOTIC: [8] Undefined variable: uid D:\phpStudy\WWW\gitproject\myweibo\Application\Home\Controller\IndexController.class.php Á¨¨ 288 Ë°å.
NOTIC: [8] Undefined variable: uid D:\phpStudy\WWW\gitproject\myweibo\Application\Home\Controller\IndexController.class.php Á¨¨ 288 Ë°å.
INFO: [ app_end ] --START--
INFO: Run Behavior\ShowPageTraceBehavior [ RunTime:0.000000s ]
INFO: [ app_end ] --END-- [ RunTime:0.000000s ]

[ 2016-09-10T21:52:34+08:00 ] 127.0.0.1 /myweibo/Index/comment.html
INFO: [ app_begin ] --START--
INFO: Run Behavior\ReadHtmlCacheBehavior [ RunTime:0.001000s ]
INFO: [ app_begin ] --END-- [ RunTime:0.001000s ]
SQL: SELECT `id`,`lock` FROM `wb_user` WHERE `account` = 'demo4' LIMIT 1   [ RunTime:0.0000s ]
SQL: INSERT INTO `wb_comment` (`content`,`time`,`uid`,`wid`) VALUES ('dsf ','1473515554','41','157') [ RunTime:0.0000s ]
SQL: SELECT `username`,`face50`,`uid` FROM `wb_userinfo` WHERE `uid` = 41 LIMIT 1   [ RunTime:0.0000s ]
SQL: SELECT `username` FROM `wb_userinfo` WHERE `uid` = 0 LIMIT 1   [ RunTime:0.0000s ]
SQL: UPDATE `wb_weibo` SET `comment`=comment+1 WHERE `id` = 157 [ RunTime:0.0010s ]
NOTIC: [8] Undefined index: isturn D:\phpStudy\WWW\gitproject\myweibo\Application\Home\Controller\IndexController.class.php Á¨¨ 200 Ë°å.
NOTIC: [8] Undefined index: face D:\phpStudy\WWW\gitproject\myweibo\Application\Home\Controller\IndexController.class.php Á¨¨ 228 Ë°å.
INFO: [ app_end ] --START--
INFO: Run Behavior\ShowPageTraceBehavior [ RunTime:0.001000s ]
INFO: [ app_end ] --END-- [ RunTime:0.001000s ]

[ 2016-09-10T21:53:24+08:00 ] 127.0.0.1 /myweibo/Common/addFollow.html
INFO: [ app_begin ] --START--
INFO: Run Behavior\ReadHtmlCacheBehavior [ RunTime:0.000000s ]
INFO: [ app_begin ] --END-- [ RunTime:0.001000s ]
SQL: SELECT `id`,`lock` FROM `wb_user` WHERE `account` = 'demo4' LIMIT 1   [ RunTime:0.0000s ]
SQL: INSERT INTO `wb_follow` (`follow`,`gid`,`fans`) VALUES ('0','0','41') [ RunTime:0.0000s ]
SQL: UPDATE `wb_userinfo` SET `follow`=follow+1 WHERE `uid` = 41 [ RunTime:0.0010s ]
SQL: UPDATE `wb_userinfo` SET `fans`=fans+1 WHERE `uid` = 0 [ RunTime:0.0000s ]
INFO: [ app_end ] --START--
INFO: Run Behavior\ShowPageTraceBehavior [ RunTime:0.001000s ]
INFO: [ app_end ] --END-- [ RunTime:0.001000s ]

[ 2016-09-10T21:55:33+08:00 ] 127.0.0.1 /myweibo/Index/getComment.html
INFO: [ app_begin ] --START--
INFO: Run Behavior\ReadHtmlCacheBehavior [ RunTime:0.001000s ]
INFO: [ app_begin ] --END-- [ RunTime:0.001000s ]
SQL: SELECT `id`,`lock` FROM `wb_user` WHERE `account` = 'demo4' LIMIT 1   [ RunTime:0.0000s ]
SQL: SELECT comment.id AS id,comment.content AS content,comment.time AS time,comment.wid AS wid,comment.uid AS uid,userinfo.username AS username,userinfo.face50 AS face50,userinfo.uid AS uid FROM wb_comment comment LEFT JOIN wb_userinfo userinfo ON comment.uid=userinfo.uid WHERE comment.wid = '168'  [ RunTime:0.0000s ]
NOTIC: [8] Undefined variable: uid D:\phpStudy\WWW\gitproject\myweibo\Application\Home\Controller\IndexController.class.php Á¨¨ 288 Ë°å.
INFO: [ app_end ] --START--
INFO: Run Behavior\ShowPageTraceBehavior [ RunTime:0.001000s ]
INFO: [ app_end ] --END-- [ RunTime:0.001000s ]

[ 2016-09-10T21:55:36+08:00 ] 127.0.0.1 /myweibo/Index/getComment.html
INFO: [ app_begin ] --START--
INFO: Run Behavior\ReadHtmlCacheBehavior [ RunTime:0.001000s ]
INFO: [ app_begin ] --END-- [ RunTime:0.001000s ]
SQL: SELECT `id`,`lock` FROM `wb_user` WHERE `account` = 'demo4' LIMIT 1   [ RunTime:0.0010s ]
SQL: SELECT comment.id AS id,comment.content AS content,comment.time AS time,comment.wid AS wid,comment.uid AS uid,userinfo.username AS username,userinfo.face50 AS face50,userinfo.uid AS uid FROM wb_comment comment LEFT JOIN wb_userinfo userinfo ON comment.uid=userinfo.uid WHERE comment.wid = '167'  [ RunTime:0.0000s ]
NOTIC: [8] Undefined variable: uid D:\phpStudy\WWW\gitproject\myweibo\Application\Home\Controller\IndexController.class.php Á¨¨ 288 Ë°å.
INFO: [ app_end ] --START--
INFO: Run Behavior\ShowPageTraceBehavior [ RunTime:0.001000s ]
INFO: [ app_end ] --END-- [ RunTime:0.001000s ]

[ 2016-09-10T21:55:53+08:00 ] 127.0.0.1 /myweibo/Index/getComment.html
INFO: [ app_begin ] --START--
INFO: Run Behavior\ReadHtmlCacheBehavior [ RunTime:0.000000s ]
INFO: [ app_begin ] --END-- [ RunTime:0.001000s ]
SQL: SELECT `id`,`lock` FROM `wb_user` WHERE `account` = 'demo4' LIMIT 1   [ RunTime:0.0010s ]
SQL: SELECT comment.id AS id,comment.content AS content,comment.time AS time,comment.wid AS wid,comment.uid AS uid,userinfo.username AS username,userinfo.face50 AS face50,userinfo.uid AS uid FROM wb_comment comment LEFT JOIN wb_userinfo userinfo ON comment.uid=userinfo.uid WHERE comment.wid = '166'  [ RunTime:0.0000s ]
INFO: [ app_end ] --START--
INFO: Run Behavior\ShowPageTraceBehavior [ RunTime:0.001000s ]
INFO: [ app_end ] --END-- [ RunTime:0.001000s ]

[ 2016-09-10T21:56:08+08:00 ] 127.0.0.1 /myweibo/Common/addGroup.html
INFO: [ app_begin ] --START--
INFO: Run Behavior\ReadHtmlCacheBehavior [ RunTime:0.001001s ]
INFO: [ app_begin ] --END-- [ RunTime:0.001001s ]
SQL: SELECT `id`,`lock` FROM `wb_user` WHERE `account` = 'demo4' LIMIT 1   [ RunTime:0.0000s ]
SQL: INSERT INTO `wb_group` (`name`,`uid`) VALUES ('ÂÆòÊñπ ','41') [ RunTime:0.0000s ]
INFO: [ app_end ] --START--
INFO: Run Behavior\ShowPageTraceBehavior [ RunTime:0.001000s ]
INFO: [ app_end ] --END-- [ RunTime:0.001000s ]

[ 2016-09-10T21:56:17+08:00 ] 127.0.0.1 /myweibo/Common/addFollow.html
INFO: [ app_begin ] --START--
INFO: Run Behavior\ReadHtmlCacheBehavior [ RunTime:0.001000s ]
INFO: [ app_begin ] --END-- [ RunTime:0.001000s ]
SQL: SELECT `id`,`lock` FROM `wb_user` WHERE `account` = 'demo4' LIMIT 1   [ RunTime:0.0010s ]
SQL: INSERT INTO `wb_follow` (`follow`,`gid`,`fans`) VALUES ('0','55','41') [ RunTime:0.0010s ]
SQL: UPDATE `wb_userinfo` SET `follow`=follow+1 WHERE `uid` = 41 [ RunTime:0.0000s ]
SQL: UPDATE `wb_userinfo` SET `fans`=fans+1 WHERE `uid` = 0 [ RunTime:0.0010s ]
INFO: [ app_end ] --START--
INFO: Run Behavior\ShowPageTraceBehavior [ RunTime:0.000000s ]
INFO: [ app_end ] --END-- [ RunTime:0.000000s ]

[ 2016-09-10T21:56:26+08:00 ] 127.0.0.1 /myweibo/Index/getComment.html
INFO: [ app_begin ] --START--
INFO: Run Behavior\ReadHtmlCacheBehavior [ RunTime:0.000000s ]
INFO: [ app_begin ] --END-- [ RunTime:0.001000s ]
SQL: SELECT `id`,`lock` FROM `wb_user` WHERE `account` = 'demo4' LIMIT 1   [ RunTime:0.0000s ]
SQL: SELECT comment.id AS id,comment.content AS content,comment.time AS time,comment.wid AS wid,comment.uid AS uid,userinfo.username AS username,userinfo.face50 AS face50,userinfo.uid AS uid FROM wb_comment comment LEFT JOIN wb_userinfo userinfo ON comment.uid=userinfo.uid WHERE comment.wid = '159'  [ RunTime:0.0010s ]
INFO: [ app_end ] --START--
INFO: Run Behavior\ShowPageTraceBehavior [ RunTime:0.000000s ]
INFO: [ app_end ] --END-- [ RunTime:0.000000s ]

[ 2016-09-10T21:56:29+08:00 ] 127.0.0.1 /myweibo/Index/comment.html
INFO: [ app_begin ] --START--
INFO: Run Behavior\ReadHtmlCacheBehavior [ RunTime:0.000000s ]
INFO: [ app_begin ] --END-- [ RunTime:0.001000s ]
SQL: SELECT `id`,`lock` FROM `wb_user` WHERE `account` = 'demo4' LIMIT 1   [ RunTime:0.0000s ]
SQL: INSERT INTO `wb_comment` (`content`,`time`,`uid`,`wid`) VALUES ('ÂèëÁªô ','1473515789','41','159') [ RunTime:0.0000s ]
SQL: SELECT `username`,`face50`,`uid` FROM `wb_userinfo` WHERE `uid` = 41 LIMIT 1   [ RunTime:0.0010s ]
SQL: SELECT `username` FROM `wb_userinfo` WHERE `uid` = 0 LIMIT 1   [ RunTime:0.0000s ]
SQL: UPDATE `wb_weibo` SET `comment`=comment+1 WHERE `id` = 159 [ RunTime:0.0010s ]
NOTIC: [8] Undefined index: isturn D:\phpStudy\WWW\gitproject\myweibo\Application\Home\Controller\IndexController.class.php Á¨¨ 200 Ë°å.
NOTIC: [8] Undefined index: face D:\phpStudy\WWW\gitproject\myweibo\Application\Home\Controller\IndexController.class.php Á¨¨ 228 Ë°å.
INFO: [ app_end ] --START--
INFO: Run Behavior\ShowPageTraceBehavior [ RunTime:0.000000s ]
INFO: [ app_end ] --END-- [ RunTime:0.000000s ]

[ 2016-09-10T21:56:33+08:00 ] 127.0.0.1 /myweibo/Index/keep.html
INFO: [ app_begin ] --START--
INFO: Run Behavior\ReadHtmlCacheBehavior [ RunTime:0.000000s ]
INFO: [ app_begin ] --END-- [ RunTime:0.000000s ]
SQL: SELECT `id`,`lock` FROM `wb_user` WHERE `account` = 'demo4' LIMIT 1   [ RunTime:0.0010s ]
SQL: SELECT `id` FROM `wb_keep` WHERE `wid` = 158 AND `uid` = 41 LIMIT 1   [ RunTime:0.0010s ]

[ 2016-09-10T21:56:38+08:00 ] 127.0.0.1 /myweibo/Index/keep.html
INFO: [ app_begin ] --START--
INFO: Run Behavior\ReadHtmlCacheBehavior [ RunTime:0.001000s ]
INFO: [ app_begin ] --END-- [ RunTime:0.001000s ]
SQL: SELECT `id`,`lock` FROM `wb_user` WHERE `account` = 'demo4' LIMIT 1   [ RunTime:0.0000s ]
SQL: SELECT `id` FROM `wb_keep` WHERE `wid` = 158 AND `uid` = 41 LIMIT 1   [ RunTime:0.0000s ]

[ 2016-09-10T21:56:40+08:00 ] 127.0.0.1 /myweibo/Index/keep.html
INFO: [ app_begin ] --START--
INFO: Run Behavior\ReadHtmlCacheBehavior [ RunTime:0.000000s ]
INFO: [ app_begin ] --END-- [ RunTime:0.001000s ]
SQL: SELECT `id`,`lock` FROM `wb_user` WHERE `account` = 'demo4' LIMIT 1   [ RunTime:0.0000s ]
SQL: SELECT `id` FROM `wb_keep` WHERE `wid` = 158 AND `uid` = 41 LIMIT 1   [ RunTime:0.0000s ]

[ 2016-09-10T21:56:41+08:00 ] 127.0.0.1 /myweibo/Index/keep.html
INFO: [ app_begin ] --START--
INFO: Run Behavior\ReadHtmlCacheBehavior [ RunTime:0.000000s ]
INFO: [ app_begin ] --END-- [ RunTime:0.001000s ]
SQL: SELECT `id`,`lock` FROM `wb_user` WHERE `account` = 'demo4' LIMIT 1   [ RunTime:0.0000s ]
SQL: SELECT `id` FROM `wb_keep` WHERE `wid` = 158 AND `uid` = 41 LIMIT 1   [ RunTime:0.0000s ]

[ 2016-09-10T21:56:41+08:00 ] 127.0.0.1 /myweibo/Index/keep.html
INFO: [ app_begin ] --START--
INFO: Run Behavior\ReadHtmlCacheBehavior [ RunTime:0.000000s ]
INFO: [ app_begin ] --END-- [ RunTime:0.001000s ]
SQL: SELECT `id`,`lock` FROM `wb_user` WHERE `account` = 'demo4' LIMIT 1   [ RunTime:0.0000s ]
SQL: SELECT `id` FROM `wb_keep` WHERE `wid` = 158 AND `uid` = 41 LIMIT 1   [ RunTime:0.0000s ]

[ 2016-09-10T21:56:41+08:00 ] 127.0.0.1 /myweibo/Index/keep.html
INFO: [ app_begin ] --START--
INFO: Run Behavior\ReadHtmlCacheBehavior [ RunTime:0.001000s ]
INFO: [ app_begin ] --END-- [ RunTime:0.002000s ]
SQL: SELECT `id`,`lock` FROM `wb_user` WHERE `account` = 'demo4' LIMIT 1   [ RunTime:0.0010s ]
SQL: SELECT `id` FROM `wb_keep` WHERE `wid` = 158 AND `uid` = 41 LIMIT 1   [ RunTime:0.0000s ]

[ 2016-09-10T21:56:43+08:00 ] 127.0.0.1 /myweibo/Index/keep.html
INFO: [ app_begin ] --START--
INFO: Run Behavior\ReadHtmlCacheBehavior [ RunTime:0.001000s ]
INFO: [ app_begin ] --END-- [ RunTime:0.001000s ]
SQL: SELECT `id`,`lock` FROM `wb_user` WHERE `account` = 'demo4' LIMIT 1   [ RunTime:0.0000s ]
SQL: SELECT `id` FROM `wb_keep` WHERE `wid` = 158 AND `uid` = 41 LIMIT 1   [ RunTime:0.0000s ]

[ 2016-09-10T21:56:45+08:00 ] 127.0.0.1 /myweibo/Index/keep.html
INFO: [ app_begin ] --START--
INFO: Run Behavior\ReadHtmlCacheBehavior [ RunTime:0.001000s ]
INFO: [ app_begin ] --END-- [ RunTime:0.001000s ]
SQL: SELECT `id`,`lock` FROM `wb_user` WHERE `account` = 'demo4' LIMIT 1   [ RunTime:0.0010s ]
SQL: SELECT `id` FROM `wb_keep` WHERE `wid` = 159 AND `uid` = 41 LIMIT 1   [ RunTime:0.0000s ]

[ 2016-09-10T21:56:59+08:00 ] 127.0.0.1 /myweibo/Index/keep.html
INFO: [ app_begin ] --START--
INFO: Run Behavior\ReadHtmlCacheBehavior [ RunTime:0.001000s ]
INFO: [ app_begin ] --END-- [ RunTime:0.002000s ]
SQL: SELECT `id`,`lock` FROM `wb_user` WHERE `account` = 'demo4' LIMIT 1   [ RunTime:0.0000s ]
SQL: SELECT `id` FROM `wb_keep` WHERE `wid` = 158 AND `uid` = 41 LIMIT 1   [ RunTime:0.0000s ]

[ 2016-09-10T21:57:02+08:00 ] 127.0.0.1 /myweibo/Index/keep.html
INFO: [ app_begin ] --START--
INFO: Run Behavior\ReadHtmlCacheBehavior [ RunTime:0.000000s ]
INFO: [ app_begin ] --END-- [ RunTime:0.001000s ]
SQL: SELECT `id`,`lock` FROM `wb_user` WHERE `account` = 'demo4' LIMIT 1   [ RunTime:0.0000s ]
SQL: SELECT `id` FROM `wb_keep` WHERE `wid` = 159 AND `uid` = 41 LIMIT 1   [ RunTime:0.0000s ]

[ 2016-09-10T21:57:05+08:00 ] 127.0.0.1 /myweibo/Index/keep.html
INFO: [ app_begin ] --START--
INFO: Run Behavior\ReadHtmlCacheBehavior [ RunTime:0.001000s ]
INFO: [ app_begin ] --END-- [ RunTime:0.002001s ]
SQL: SELECT `id`,`lock` FROM `wb_user` WHERE `account` = 'demo4' LIMIT 1   [ RunTime:0.0000s ]
SQL: SELECT `id` FROM `wb_keep` WHERE `wid` = 162 AND `uid` = 41 LIMIT 1   [ RunTime:0.0010s ]
SQL: INSERT INTO `wb_keep` (`uid`,`time`,`wid`) VALUES ('41','1473515825','162') [ RunTime:0.0000s ]
SQL: UPDATE `wb_weibo` SET `keep`=keep+1 WHERE `id` = 162 [ RunTime:0.0000s ]
INFO: [ app_end ] --START--
INFO: Run Behavior\ShowPageTraceBehavior [ RunTime:0.001000s ]
INFO: [ app_end ] --END-- [ RunTime:0.001000s ]

[ 2016-09-10T21:57:15+08:00 ] 127.0.0.1 /myweibo/Index/keep.html
INFO: [ app_begin ] --START--
INFO: Run Behavior\ReadHtmlCacheBehavior [ RunTime:0.000000s ]
INFO: [ app_begin ] --END-- [ RunTime:0.001000s ]
SQL: SELECT `id`,`lock` FROM `wb_user` WHERE `account` = 'demo4' LIMIT 1   [ RunTime:0.0010s ]
SQL: SELECT `id` FROM `wb_keep` WHERE `wid` = 166 AND `uid` = 41 LIMIT 1   [ RunTime:0.0000s ]
SQL: INSERT INTO `wb_keep` (`uid`,`time`,`wid`) VALUES ('41','1473515835','166') [ RunTime:0.0000s ]
SQL: UPDATE `wb_weibo` SET `keep`=keep+1 WHERE `id` = 166 [ RunTime:0.0000s ]
INFO: [ app_end ] --START--
INFO: Run Behavior\ShowPageTraceBehavior [ RunTime:0.001000s ]
INFO: [ app_end ] --END-- [ RunTime:0.001000s ]

[ 2016-09-10T21:57:45+08:00 ] 127.0.0.1 /myweibo/Index/index/gid/60.html
ERR: 1064:You have an error in your SQL syntax; check the manual that corresponds to your MySQL server version for the right syntax to use near ') LIMIT 1' at line 1
 [ SQLËØ≠Âè• ] : SELECT COUNT(weibo.id) AS tp_count FROM wb_weibo weibo LEFT JOIN wb_userinfo userinfo ON weibo.uid = userinfo.uid LEFT JOIN wb_picture picture ON weibo.id = picture.wid WHERE weibo.uid IN () LIMIT 1  

[ 2016-09-10T21:58:01+08:00 ] 127.0.0.1 /myweibo/Index/index/gid/60.html
ERR: 1064:You have an error in your SQL syntax; check the manual that corresponds to your MySQL server version for the right syntax to use near ') LIMIT 1' at line 1
 [ SQLËØ≠Âè• ] : SELECT COUNT(weibo.id) AS tp_count FROM wb_weibo weibo LEFT JOIN wb_userinfo userinfo ON weibo.uid = userinfo.uid LEFT JOIN wb_picture picture ON weibo.id = picture.wid WHERE weibo.uid IN () LIMIT 1  

