[ 2016-08-26T10:15:44+08:00 ] 127.0.0.1 /myweibo/Index/delWeibo.html
INFO: [ app_begin ] --START--
INFO: Run Behavior\ReadHtmlCacheBehavior [ RunTime:0.000500s ]
INFO: [ app_begin ] --END-- [ RunTime:0.001000s ]
SQL: SELECT `id`,`lock` FROM `wb_user` WHERE `account` = 'demo2' LIMIT 1   [ RunTime:0.0005s ]
SQL: DELETE FROM `wb_weibo` WHERE `id` = 147 [ RunTime:0.0000s ]
SQL: SELECT * FROM `wb_picture` WHERE `wid` = 147  [ RunTime:0.0005s ]

[ 2016-08-26T10:16:42+08:00 ] 127.0.0.1 /myweibo/Index/delWeibo.html
INFO: [ app_begin ] --START--
INFO: Run Behavior\ReadHtmlCacheBehavior [ RunTime:0.000500s ]
INFO: [ app_begin ] --END-- [ RunTime:0.001001s ]
SQL: SELECT `id`,`lock` FROM `wb_user` WHERE `account` = 'demo2' LIMIT 1   [ RunTime:0.0005s ]
SQL: DELETE FROM `wb_weibo` WHERE `id` = 147 [ RunTime:0.0005s ]
SQL: SELECT * FROM `wb_picture` WHERE `wid` = 147  [ RunTime:0.0000s ]

[ 2016-08-26T10:17:37+08:00 ] 127.0.0.1 /myweibo/Index/delWeibo.html
INFO: [ app_begin ] --START--
INFO: Run Behavior\ReadHtmlCacheBehavior [ RunTime:0.000500s ]
INFO: [ app_begin ] --END-- [ RunTime:0.001000s ]
SQL: SELECT `id`,`lock` FROM `wb_user` WHERE `account` = 'demo2' LIMIT 1   [ RunTime:0.0000s ]
SQL: DELETE FROM `wb_weibo` WHERE `id` = 146 [ RunTime:0.0005s ]
SQL: SELECT * FROM `wb_picture` WHERE `wid` = 146  [ RunTime:0.0005s ]

[ 2016-08-26T10:20:16+08:00 ] 127.0.0.1 /myweibo/Index/delWeibo.html
INFO: [ app_begin ] --START--
INFO: Run Behavior\ReadHtmlCacheBehavior [ RunTime:0.000500s ]
INFO: [ app_begin ] --END-- [ RunTime:0.001001s ]
SQL: SELECT `id`,`lock` FROM `wb_user` WHERE `account` = 'demo2' LIMIT 1   [ RunTime:0.0000s ]
SQL: DELETE FROM `wb_weibo` WHERE `id` = 148 [ RunTime:0.0005s ]
SQL: SELECT * FROM `wb_picture` WHERE `wid` = 148 LIMIT 1   [ RunTime:0.0005s ]

[ 2016-08-26T10:21:21+08:00 ] 127.0.0.1 /myweibo/Index/getComment.html
INFO: [ app_begin ] --START--
INFO: Run Behavior\ReadHtmlCacheBehavior [ RunTime:0.000500s ]
INFO: [ app_begin ] --END-- [ RunTime:0.001000s ]
SQL: SELECT `id`,`lock` FROM `wb_user` WHERE `account` = 'demo2' LIMIT 1   [ RunTime:0.0005s ]
SQL: SELECT comment.content AS content,comment.time AS time,comment.wid AS wid,comment.uid AS uid,userinfo.username AS username,userinfo.face50 AS face50,userinfo.uid AS uid FROM wb_comment comment LEFT JOIN wb_userinfo userinfo ON comment.uid=userinfo.uid WHERE comment.wid = '149'  [ RunTime:0.0310s ]
INFO: [ app_end ] --START--
INFO: Run Behavior\ShowPageTraceBehavior [ RunTime:0.002000s ]
INFO: [ app_end ] --END-- [ RunTime:0.002501s ]

[ 2016-08-26T10:21:28+08:00 ] 127.0.0.1 /myweibo/Index/comment.html
INFO: [ app_begin ] --START--
INFO: Run Behavior\ReadHtmlCacheBehavior [ RunTime:0.001000s ]
INFO: [ app_begin ] --END-- [ RunTime:0.002000s ]
SQL: SELECT `id`,`lock` FROM `wb_user` WHERE `account` = 'demo2' LIMIT 1   [ RunTime:0.0005s ]
SQL: INSERT INTO `wb_comment` (`content`,`time`,`uid`,`wid`) VALUES ('犹太人棍   [吃惊]','1472178088','39','149') [ RunTime:0.0240s ]
SQL: UPDATE `wb_weibo` SET `comment`=comment+1 WHERE `id` = 149 [ RunTime:0.0005s ]
SQL: SELECT `username`,`face50`,`uid` FROM `wb_userinfo` WHERE `uid` = 39 LIMIT 1   [ RunTime:0.0005s ]
NOTIC: [8] Undefined variable: uid D:\phpStudy\WWW\gitproject\myweibo\Application\Home\Controller\IndexController.class.php 第 182 行.
INFO: [ app_end ] --START--
INFO: Run Behavior\ShowPageTraceBehavior [ RunTime:0.001501s ]
INFO: [ app_end ] --END-- [ RunTime:0.001501s ]

[ 2016-08-26T10:21:31+08:00 ] 127.0.0.1 /myweibo/Index/getComment.html
INFO: [ app_begin ] --START--
INFO: Run Behavior\ReadHtmlCacheBehavior [ RunTime:0.000500s ]
INFO: [ app_begin ] --END-- [ RunTime:0.001000s ]
SQL: SELECT `id`,`lock` FROM `wb_user` WHERE `account` = 'demo2' LIMIT 1   [ RunTime:0.0000s ]
SQL: SELECT comment.content AS content,comment.time AS time,comment.wid AS wid,comment.uid AS uid,userinfo.username AS username,userinfo.face50 AS face50,userinfo.uid AS uid FROM wb_comment comment LEFT JOIN wb_userinfo userinfo ON comment.uid=userinfo.uid WHERE comment.wid = '149'  [ RunTime:0.0005s ]
NOTIC: [8] Undefined variable: uid D:\phpStudy\WWW\gitproject\myweibo\Application\Home\Controller\IndexController.class.php 第 228 行.
INFO: [ app_end ] --START--
INFO: Run Behavior\ShowPageTraceBehavior [ RunTime:0.000500s ]
INFO: [ app_end ] --END-- [ RunTime:0.000500s ]

[ 2016-08-26T10:21:33+08:00 ] 127.0.0.1 /myweibo/Index/keep.html
INFO: [ app_begin ] --START--
INFO: Run Behavior\ReadHtmlCacheBehavior [ RunTime:0.000500s ]
INFO: [ app_begin ] --END-- [ RunTime:0.000500s ]
SQL: SELECT `id`,`lock` FROM `wb_user` WHERE `account` = 'demo2' LIMIT 1   [ RunTime:0.0000s ]
SQL: SELECT `id` FROM `wb_keep` WHERE `wid` = 149 AND `uid` = 39 LIMIT 1   [ RunTime:0.0240s ]
SQL: INSERT INTO `wb_keep` (`uid`,`time`,`wid`) VALUES ('39','1472178093','149') [ RunTime:0.0000s ]
SQL: UPDATE `wb_weibo` SET `keep`=keep+1 WHERE `id` = 149 [ RunTime:0.0005s ]
INFO: [ app_end ] --START--
INFO: Run Behavior\ShowPageTraceBehavior [ RunTime:0.000500s ]
INFO: [ app_end ] --END-- [ RunTime:0.000500s ]

[ 2016-08-26T10:21:37+08:00 ] 127.0.0.1 /myweibo/Index/keep.html
INFO: [ app_begin ] --START--
INFO: Run Behavior\ReadHtmlCacheBehavior [ RunTime:0.001500s ]
INFO: [ app_begin ] --END-- [ RunTime:0.002000s ]
SQL: SELECT `id`,`lock` FROM `wb_user` WHERE `account` = 'demo2' LIMIT 1   [ RunTime:0.0005s ]
SQL: SELECT `id` FROM `wb_keep` WHERE `wid` = 149 AND `uid` = 39 LIMIT 1   [ RunTime:0.0005s ]

[ 2016-08-26T10:21:43+08:00 ] 127.0.0.1 /myweibo/Index/delWeibo.html
INFO: [ app_begin ] --START--
INFO: Run Behavior\ReadHtmlCacheBehavior [ RunTime:0.001000s ]
INFO: [ app_begin ] --END-- [ RunTime:0.001500s ]
SQL: SELECT `id`,`lock` FROM `wb_user` WHERE `account` = 'demo2' LIMIT 1   [ RunTime:0.0005s ]
SQL: DELETE FROM `wb_weibo` WHERE `id` = 149 [ RunTime:0.0005s ]
SQL: SELECT * FROM `wb_picture` WHERE `wid` = 149 LIMIT 1   [ RunTime:0.0000s ]
NOTIC: [2] unlink(./Uploads/Pic2016_08/57bfa797b3c47.jpg_150_150.jpg): No such file or directory D:\phpStudy\WWW\gitproject\myweibo\Application\Home\Controller\IndexController.class.php 第 289 行.
NOTIC: [2] unlink(./Uploads/Pic2016_08/57bfa797b3c47.jpg_800_800.jpg): No such file or directory D:\phpStudy\WWW\gitproject\myweibo\Application\Home\Controller\IndexController.class.php 第 291 行.
SQL: UPDATE `wb_userinfo` SET `weibo`=weibo-1 WHERE `uid` = 39 [ RunTime:0.0000s ]
SQL: DELETE FROM `wb_comment` WHERE `wid` = 149 [ RunTime:0.0005s ]
INFO: [ app_end ] --START--
INFO: Run Behavior\ShowPageTraceBehavior [ RunTime:0.001000s ]
INFO: [ app_end ] --END-- [ RunTime:0.001000s ]

[ 2016-08-26T10:24:31+08:00 ] 127.0.0.1 /myweibo/Index/delWeibo.html
INFO: [ app_begin ] --START--
INFO: Run Behavior\ReadHtmlCacheBehavior [ RunTime:0.000500s ]
INFO: [ app_begin ] --END-- [ RunTime:0.001000s ]
SQL: SELECT `id`,`lock` FROM `wb_user` WHERE `account` = 'demo2' LIMIT 1   [ RunTime:0.0005s ]
SQL: DELETE FROM `wb_weibo` WHERE `id` = 150 [ RunTime:0.0005s ]
SQL: SELECT * FROM `wb_picture` WHERE `wid` = 150 LIMIT 1   [ RunTime:0.0005s ]

[ 2016-08-26T10:29:47+08:00 ] 127.0.0.1 /myweibo/Index/delWeibo.html
INFO: [ app_begin ] --START--
INFO: Run Behavior\ReadHtmlCacheBehavior [ RunTime:0.001000s ]
INFO: [ app_begin ] --END-- [ RunTime:0.001500s ]
SQL: SELECT `id`,`lock` FROM `wb_user` WHERE `account` = 'demo2' LIMIT 1   [ RunTime:0.0005s ]
SQL: DELETE FROM `wb_weibo` WHERE `id` = 151 [ RunTime:0.0000s ]
SQL: SELECT * FROM `wb_picture` WHERE `wid` = 151 LIMIT 1   [ RunTime:0.0000s ]
SQL: UPDATE `wb_userinfo` SET `weibo`=weibo-1 WHERE `uid` = 39 [ RunTime:0.0000s ]
SQL: DELETE FROM `wb_comment` WHERE `wid` = 151 [ RunTime:0.0005s ]
INFO: [ app_end ] --START--
INFO: Run Behavior\ShowPageTraceBehavior [ RunTime:0.000500s ]
INFO: [ app_end ] --END-- [ RunTime:0.000500s ]

[ 2016-08-26T18:59:38+08:00 ] 127.0.0.1 /myweibo/Index/getComment.html
INFO: [ app_begin ] --START--
INFO: Run Behavior\ReadHtmlCacheBehavior [ RunTime:0.000500s ]
INFO: [ app_begin ] --END-- [ RunTime:0.001000s ]
SQL: SELECT `id`,`lock` FROM `wb_user` WHERE `account` = 'demo2' LIMIT 1   [ RunTime:0.0005s ]
SQL: SELECT comment.content AS content,comment.time AS time,comment.wid AS wid,comment.uid AS uid,userinfo.username AS username,userinfo.face50 AS face50,userinfo.uid AS uid FROM wb_comment comment LEFT JOIN wb_userinfo userinfo ON comment.uid=userinfo.uid WHERE comment.wid = '144'  [ RunTime:0.0760s ]
NOTIC: [8] Undefined variable: uid D:\phpStudy\WWW\gitproject\myweibo\Application\Home\Controller\IndexController.class.php 第 228 行.
INFO: [ app_end ] --START--
INFO: Run Behavior\ShowPageTraceBehavior [ RunTime:0.001500s ]
INFO: [ app_end ] --END-- [ RunTime:0.001500s ]

[ 2016-08-26T18:59:43+08:00 ] 127.0.0.1 /myweibo/Index/getComment.html
INFO: [ app_begin ] --START--
INFO: Run Behavior\ReadHtmlCacheBehavior [ RunTime:0.000500s ]
INFO: [ app_begin ] --END-- [ RunTime:0.001500s ]
SQL: SELECT `id`,`lock` FROM `wb_user` WHERE `account` = 'demo2' LIMIT 1   [ RunTime:0.0000s ]
SQL: SELECT comment.content AS content,comment.time AS time,comment.wid AS wid,comment.uid AS uid,userinfo.username AS username,userinfo.face50 AS face50,userinfo.uid AS uid FROM wb_comment comment LEFT JOIN wb_userinfo userinfo ON comment.uid=userinfo.uid WHERE comment.wid = '144'  [ RunTime:0.0005s ]
NOTIC: [8] Undefined variable: uid D:\phpStudy\WWW\gitproject\myweibo\Application\Home\Controller\IndexController.class.php 第 228 行.
INFO: [ app_end ] --START--
INFO: Run Behavior\ShowPageTraceBehavior [ RunTime:0.000500s ]
INFO: [ app_end ] --END-- [ RunTime:0.000500s ]

[ 2016-08-26T19:02:15+08:00 ] 127.0.0.1 /myweibo/Common/addFollow.html
INFO: [ app_begin ] --START--
INFO: Run Behavior\ReadHtmlCacheBehavior [ RunTime:0.001500s ]
INFO: [ app_begin ] --END-- [ RunTime:0.002500s ]
SQL: SELECT `id`,`lock` FROM `wb_user` WHERE `account` = 'demo2' LIMIT 1   [ RunTime:0.0010s ]
SQL: INSERT INTO `wb_follow` (`follow`,`gid`,`fans`) VALUES ('41','34','39') [ RunTime:0.0005s ]
SQL: UPDATE `wb_userinfo` SET `follow`=follow+1 WHERE `uid` = 39 [ RunTime:0.0005s ]
SQL: UPDATE `wb_userinfo` SET `fans`=fans+1 WHERE `uid` = 41 [ RunTime:0.0005s ]
INFO: [ app_end ] --START--
INFO: Run Behavior\ShowPageTraceBehavior [ RunTime:0.001500s ]
INFO: [ app_end ] --END-- [ RunTime:0.002000s ]

[ 2016-08-26T19:04:12+08:00 ] 127.0.0.1 /myweibo/Common/addFollow.html
INFO: [ app_begin ] --START--
INFO: Run Behavior\ReadHtmlCacheBehavior [ RunTime:0.001000s ]
INFO: [ app_begin ] --END-- [ RunTime:0.001500s ]
SQL: SELECT `id`,`lock` FROM `wb_user` WHERE `account` = 'demo2' LIMIT 1   [ RunTime:0.0005s ]
SQL: INSERT INTO `wb_follow` (`follow`,`gid`,`fans`) VALUES ('42','33','39') [ RunTime:0.0005s ]
SQL: UPDATE `wb_userinfo` SET `follow`=follow+1 WHERE `uid` = 39 [ RunTime:0.0000s ]
SQL: UPDATE `wb_userinfo` SET `fans`=fans+1 WHERE `uid` = 42 [ RunTime:0.0005s ]
INFO: [ app_end ] --START--
INFO: Run Behavior\ShowPageTraceBehavior [ RunTime:0.001000s ]
INFO: [ app_end ] --END-- [ RunTime:0.001000s ]

[ 2016-08-26T19:05:49+08:00 ] 127.0.0.1 /myweibo/Common/addGroup.html
INFO: [ app_begin ] --START--
INFO: Run Behavior\ReadHtmlCacheBehavior [ RunTime:0.001000s ]
INFO: [ app_begin ] --END-- [ RunTime:0.002500s ]
SQL: SELECT `id`,`lock` FROM `wb_user` WHERE `account` = 'demo2' LIMIT 1   [ RunTime:0.0000s ]
SQL: INSERT INTO `wb_group` (`name`,`uid`) VALUES ('dsf ','39') [ RunTime:0.0005s ]
INFO: [ app_end ] --START--
INFO: Run Behavior\ShowPageTraceBehavior [ RunTime:0.000500s ]
INFO: [ app_end ] --END-- [ RunTime:0.000500s ]

[ 2016-08-26T19:06:07+08:00 ] 127.0.0.1 /myweibo/Index/delWeibo.html
INFO: [ app_begin ] --START--
INFO: Run Behavior\ReadHtmlCacheBehavior [ RunTime:0.000500s ]
INFO: [ app_begin ] --END-- [ RunTime:0.001500s ]
SQL: SELECT `id`,`lock` FROM `wb_user` WHERE `account` = 'demo2' LIMIT 1   [ RunTime:0.0000s ]
SQL: DELETE FROM `wb_weibo` WHERE `id` = 152 [ RunTime:0.0005s ]
SQL: SELECT * FROM `wb_picture` WHERE `wid` = 152 LIMIT 1   [ RunTime:0.0005s ]
NOTIC: [2] unlink(./Uploads/Pic/): Permission denied D:\phpStudy\WWW\gitproject\myweibo\Application\Home\Controller\IndexController.class.php 第 289 行.
SQL: UPDATE `wb_userinfo` SET `weibo`=weibo-1 WHERE `uid` = 39 [ RunTime:0.0005s ]
SQL: DELETE FROM `wb_comment` WHERE `wid` = 152 [ RunTime:0.0005s ]
INFO: [ app_end ] --START--
INFO: Run Behavior\ShowPageTraceBehavior [ RunTime:0.000500s ]
INFO: [ app_end ] --END-- [ RunTime:0.000500s ]

[ 2016-08-26T19:06:10+08:00 ] 127.0.0.1 /myweibo/Index/delWeibo.html
INFO: [ app_begin ] --START--
INFO: Run Behavior\ReadHtmlCacheBehavior [ RunTime:0.000500s ]
INFO: [ app_begin ] --END-- [ RunTime:0.001000s ]
SQL: SELECT `id`,`lock` FROM `wb_user` WHERE `account` = 'demo2' LIMIT 1   [ RunTime:0.0000s ]
SQL: DELETE FROM `wb_weibo` WHERE `id` = 152 [ RunTime:0.0000s ]
SQL: SELECT * FROM `wb_picture` WHERE `wid` = 152 LIMIT 1   [ RunTime:0.0005s ]
INFO: [ app_end ] --START--
INFO: Run Behavior\ShowPageTraceBehavior [ RunTime:0.000500s ]
INFO: [ app_end ] --END-- [ RunTime:0.000500s ]

[ 2016-08-26T19:06:15+08:00 ] 127.0.0.1 /myweibo/Index/keep.html
INFO: [ app_begin ] --START--
INFO: Run Behavior\ReadHtmlCacheBehavior [ RunTime:0.000500s ]
INFO: [ app_begin ] --END-- [ RunTime:0.001000s ]
SQL: SELECT `id`,`lock` FROM `wb_user` WHERE `account` = 'demo2' LIMIT 1   [ RunTime:0.0005s ]
SQL: SELECT `id` FROM `wb_keep` WHERE `wid` = 118 AND `uid` = 39 LIMIT 1   [ RunTime:0.0180s ]
SQL: INSERT INTO `wb_keep` (`uid`,`time`,`wid`) VALUES ('39','1472209575','118') [ RunTime:0.0010s ]
SQL: UPDATE `wb_weibo` SET `keep`=keep+1 WHERE `id` = 118 [ RunTime:0.0000s ]
INFO: [ app_end ] --START--
INFO: Run Behavior\ShowPageTraceBehavior [ RunTime:0.001000s ]
INFO: [ app_end ] --END-- [ RunTime:0.001000s ]

[ 2016-08-26T19:55:21+08:00 ] 127.0.0.1 /myweibo/42.html
ERR: 1052:Column 'id' in field list is ambiguous
 [ SQL语句 ] : SELECT COUNT(id) AS tp_count FROM wb_weibo weibo LEFT JOIN wb_userinfo userinfo ON weibo.uid = userinfo.uid LEFT JOIN wb_picture picture ON weibo.id = picture.wid WHERE weibo.uid = '36' LIMIT 1  

[ 2016-08-26T19:56:00+08:00 ] 127.0.0.1 /myweibo/42.html
ERR: 1052:Column 'id' in field list is ambiguous
 [ SQL语句 ] : SELECT COUNT(id) AS tp_count FROM wb_weibo weibo LEFT JOIN wb_userinfo userinfo ON weibo.uid = userinfo.uid LEFT JOIN wb_picture picture ON weibo.id = picture.wid WHERE weibo.uid = '36' LIMIT 1  

[ 2016-08-26T19:56:13+08:00 ] 127.0.0.1 /myweibo/42.html
ERR: 1052:Column 'id' in field list is ambiguous
 [ SQL语句 ] : SELECT COUNT(id) AS tp_count FROM wb_weibo weibo LEFT JOIN wb_userinfo userinfo ON weibo.uid = userinfo.uid LEFT JOIN wb_picture picture ON weibo.id = picture.wid LIMIT 1  

[ 2016-08-26T20:03:32+08:00 ] 127.0.0.1 /myweibo/Index/getComment.html
INFO: [ app_begin ] --START--
INFO: Run Behavior\ReadHtmlCacheBehavior [ RunTime:0.000500s ]
INFO: [ app_begin ] --END-- [ RunTime:0.001000s ]
SQL: SELECT `id`,`lock` FROM `wb_user` WHERE `account` = 'roflvb' LIMIT 1   [ RunTime:0.0005s ]
SQL: SELECT comment.content AS content,comment.time AS time,comment.wid AS wid,comment.uid AS uid,userinfo.username AS username,userinfo.face50 AS face50,userinfo.uid AS uid FROM wb_comment comment LEFT JOIN wb_userinfo userinfo ON comment.uid=userinfo.uid WHERE comment.wid = '144'  [ RunTime:0.0010s ]
NOTIC: [8] Undefined variable: uid D:\phpStudy\WWW\gitproject\myweibo\Application\Home\Controller\IndexController.class.php 第 228 行.
INFO: [ app_end ] --START--
INFO: Run Behavior\ShowPageTraceBehavior [ RunTime:0.000500s ]
INFO: [ app_end ] --END-- [ RunTime:0.000500s ]

[ 2016-08-26T20:03:35+08:00 ] 127.0.0.1 /myweibo/Index/keep.html
INFO: [ app_begin ] --START--
INFO: Run Behavior\ReadHtmlCacheBehavior [ RunTime:0.000500s ]
INFO: [ app_begin ] --END-- [ RunTime:0.001000s ]
SQL: SELECT `id`,`lock` FROM `wb_user` WHERE `account` = 'roflvb' LIMIT 1   [ RunTime:0.0005s ]
SQL: SELECT `id` FROM `wb_keep` WHERE `wid` = 144 AND `uid` = 36 LIMIT 1   [ RunTime:0.0010s ]

[ 2016-08-26T20:03:35+08:00 ] 127.0.0.1 /myweibo/Index/keep.html
INFO: [ app_begin ] --START--
INFO: Run Behavior\ReadHtmlCacheBehavior [ RunTime:0.000000s ]
INFO: [ app_begin ] --END-- [ RunTime:0.000500s ]
SQL: SELECT `id`,`lock` FROM `wb_user` WHERE `account` = 'roflvb' LIMIT 1   [ RunTime:0.0000s ]
SQL: SELECT `id` FROM `wb_keep` WHERE `wid` = 144 AND `uid` = 36 LIMIT 1   [ RunTime:0.0005s ]

[ 2016-08-26T20:04:50+08:00 ] 127.0.0.1 /myweibo/Index/delWeibo.html
INFO: [ app_begin ] --START--
INFO: Run Behavior\ReadHtmlCacheBehavior [ RunTime:0.000500s ]
INFO: [ app_begin ] --END-- [ RunTime:0.001000s ]
SQL: SELECT `id`,`lock` FROM `wb_user` WHERE `account` = 'roflvb' LIMIT 1   [ RunTime:0.0000s ]
SQL: DELETE FROM `wb_weibo` WHERE `id` = 144 [ RunTime:0.0005s ]
SQL: SELECT * FROM `wb_picture` WHERE `wid` = 144 LIMIT 1   [ RunTime:0.0005s ]
NOTIC: [2] unlink(./Uploads/Pic/2016_08/57beb9bf4b26a.jpg_150_150.jpg): No such file or directory D:\phpStudy\WWW\gitproject\myweibo\Application\Home\Controller\IndexController.class.php 第 288 行.
NOTIC: [2] unlink(./Uploads/Pic/): Permission denied D:\phpStudy\WWW\gitproject\myweibo\Application\Home\Controller\IndexController.class.php 第 289 行.
NOTIC: [2] unlink(./Uploads/Pic/2016_08/57beb9bf4b26a.jpg_800_800.jpg): No such file or directory D:\phpStudy\WWW\gitproject\myweibo\Application\Home\Controller\IndexController.class.php 第 290 行.
SQL: UPDATE `wb_userinfo` SET `weibo`=weibo-1 WHERE `uid` = 36 [ RunTime:0.0005s ]
SQL: DELETE FROM `wb_comment` WHERE `wid` = 144 [ RunTime:0.0000s ]
INFO: [ app_end ] --START--
INFO: Run Behavior\ShowPageTraceBehavior [ RunTime:0.000501s ]
INFO: [ app_end ] --END-- [ RunTime:0.001001s ]

[ 2016-08-26T20:05:01+08:00 ] 127.0.0.1 /myweibo/Index/keep.html
INFO: [ app_begin ] --START--
INFO: Run Behavior\ReadHtmlCacheBehavior [ RunTime:0.001000s ]
INFO: [ app_begin ] --END-- [ RunTime:0.001501s ]
SQL: SELECT `id`,`lock` FROM `wb_user` WHERE `account` = 'roflvb' LIMIT 1   [ RunTime:0.0005s ]
SQL: SELECT `id` FROM `wb_keep` WHERE `wid` = 153 AND `uid` = 36 LIMIT 1   [ RunTime:0.0005s ]
SQL: INSERT INTO `wb_keep` (`uid`,`time`,`wid`) VALUES ('36','1472213101','153') [ RunTime:0.0010s ]
SQL: UPDATE `wb_weibo` SET `keep`=keep+1 WHERE `id` = 153 [ RunTime:0.0005s ]
INFO: [ app_end ] --START--
INFO: Run Behavior\ShowPageTraceBehavior [ RunTime:0.001001s ]
INFO: [ app_end ] --END-- [ RunTime:0.001001s ]

[ 2016-08-26T20:05:02+08:00 ] 127.0.0.1 /myweibo/Index/getComment.html
INFO: [ app_begin ] --START--
INFO: Run Behavior\ReadHtmlCacheBehavior [ RunTime:0.000500s ]
INFO: [ app_begin ] --END-- [ RunTime:0.001000s ]
SQL: SELECT `id`,`lock` FROM `wb_user` WHERE `account` = 'roflvb' LIMIT 1   [ RunTime:0.0000s ]
SQL: SELECT comment.content AS content,comment.time AS time,comment.wid AS wid,comment.uid AS uid,userinfo.username AS username,userinfo.face50 AS face50,userinfo.uid AS uid FROM wb_comment comment LEFT JOIN wb_userinfo userinfo ON comment.uid=userinfo.uid WHERE comment.wid = '153'  [ RunTime:0.0005s ]
INFO: [ app_end ] --START--
INFO: Run Behavior\ShowPageTraceBehavior [ RunTime:0.000500s ]
INFO: [ app_end ] --END-- [ RunTime:0.001000s ]

[ 2016-08-26T20:05:09+08:00 ] 127.0.0.1 /myweibo/Index/comment.html
INFO: [ app_begin ] --START--
INFO: Run Behavior\ReadHtmlCacheBehavior [ RunTime:0.000500s ]
INFO: [ app_begin ] --END-- [ RunTime:0.000500s ]
SQL: SELECT `id`,`lock` FROM `wb_user` WHERE `account` = 'roflvb' LIMIT 1   [ RunTime:0.0005s ]
SQL: INSERT INTO `wb_comment` (`content`,`time`,`uid`,`wid`) VALUES ('测试评论效果','1472213109','36','153') [ RunTime:0.0000s ]
SQL: UPDATE `wb_weibo` SET `comment`=comment+1 WHERE `id` = 153 [ RunTime:0.0000s ]
SQL: SELECT `username`,`face50`,`uid` FROM `wb_userinfo` WHERE `uid` = 36 LIMIT 1   [ RunTime:0.0005s ]
NOTIC: [8] Undefined variable: uid D:\phpStudy\WWW\gitproject\myweibo\Application\Home\Controller\IndexController.class.php 第 182 行.
INFO: [ app_end ] --START--
INFO: Run Behavior\ShowPageTraceBehavior [ RunTime:0.000500s ]
INFO: [ app_end ] --END-- [ RunTime:0.001000s ]

[ 2016-08-26T20:05:15+08:00 ] 127.0.0.1 /myweibo/Index/getComment.html
INFO: [ app_begin ] --START--
INFO: Run Behavior\ReadHtmlCacheBehavior [ RunTime:0.000000s ]
INFO: [ app_begin ] --END-- [ RunTime:0.000500s ]
SQL: SELECT `id`,`lock` FROM `wb_user` WHERE `account` = 'roflvb' LIMIT 1   [ RunTime:0.0005s ]
SQL: SELECT comment.content AS content,comment.time AS time,comment.wid AS wid,comment.uid AS uid,userinfo.username AS username,userinfo.face50 AS face50,userinfo.uid AS uid FROM wb_comment comment LEFT JOIN wb_userinfo userinfo ON comment.uid=userinfo.uid WHERE comment.wid = '153'  [ RunTime:0.0005s ]
NOTIC: [8] Undefined variable: uid D:\phpStudy\WWW\gitproject\myweibo\Application\Home\Controller\IndexController.class.php 第 228 行.
INFO: [ app_end ] --START--
INFO: Run Behavior\ShowPageTraceBehavior [ RunTime:0.000501s ]
INFO: [ app_end ] --END-- [ RunTime:0.000501s ]

[ 2016-08-26T21:50:27+08:00 ] 127.0.0.1 /myweibo/Index/follow.html
ERR: 非法操作:follow

[ 2016-08-26T21:50:34+08:00 ] 127.0.0.1 /myweibo/Index/fans.html
ERR: 非法操作:fans

[ 2016-08-26T21:52:26+08:00 ] 127.0.0.1 /myweibo/Index/follow.html
ERR: 非法操作:follow

[ 2016-08-26T21:58:02+08:00 ] 127.0.0.1 /myweibo/Arrayuid.html
ERR: 无法加载控制器:Arrayuid

[ 2016-08-26T21:58:05+08:00 ] 127.0.0.1 /myweibo/Arrayuid.html
ERR: 无法加载控制器:Arrayuid

[ 2016-08-26T22:05:53+08:00 ] 127.0.0.1 /myweibo/Arrayuid.html
ERR: 无法加载控制器:Arrayuid

[ 2016-08-26T22:05:56+08:00 ] 127.0.0.1 /myweibo/Arrayuid.html
ERR: 无法加载控制器:Arrayuid

[ 2016-08-26T22:06:12+08:00 ] 127.0.0.1 /myweibo/Arrayuid.html
ERR: 无法加载控制器:Arrayuid

