[ 2016-08-27T17:50:18+08:00 ] 127.0.0.1 /myweibo/Index/getComment.html
INFO: [ app_begin ] --START--
INFO: Run Behavior\ReadHtmlCacheBehavior [ RunTime:0.001000s ]
INFO: [ app_begin ] --END-- [ RunTime:0.001000s ]
SQL: SELECT `id`,`lock` FROM `wb_user` WHERE `account` = 'demo6' LIMIT 1   [ RunTime:0.0000s ]
SQL: SELECT comment.content AS content,comment.time AS time,comment.wid AS wid,comment.uid AS uid,userinfo.username AS username,userinfo.face50 AS face50,userinfo.uid AS uid FROM wb_comment comment LEFT JOIN wb_userinfo userinfo ON comment.uid=userinfo.uid WHERE comment.wid = '121'  [ RunTime:0.0240s ]
INFO: [ app_end ] --START--
INFO: Run Behavior\ShowPageTraceBehavior [ RunTime:0.001000s ]
INFO: [ app_end ] --END-- [ RunTime:0.001000s ]

[ 2016-08-27T17:50:20+08:00 ] 127.0.0.1 /myweibo/Index/getComment.html
INFO: [ app_begin ] --START--
INFO: Run Behavior\ReadHtmlCacheBehavior [ RunTime:0.000000s ]
INFO: [ app_begin ] --END-- [ RunTime:0.001000s ]
SQL: SELECT `id`,`lock` FROM `wb_user` WHERE `account` = 'demo6' LIMIT 1   [ RunTime:0.0000s ]
SQL: SELECT comment.content AS content,comment.time AS time,comment.wid AS wid,comment.uid AS uid,userinfo.username AS username,userinfo.face50 AS face50,userinfo.uid AS uid FROM wb_comment comment LEFT JOIN wb_userinfo userinfo ON comment.uid=userinfo.uid WHERE comment.wid = '121'  [ RunTime:0.0010s ]
INFO: [ app_end ] --START--
INFO: Run Behavior\ShowPageTraceBehavior [ RunTime:0.001000s ]
INFO: [ app_end ] --END-- [ RunTime:0.001000s ]

[ 2016-08-27T17:50:22+08:00 ] 127.0.0.1 /myweibo/Index/getComment.html
INFO: [ app_begin ] --START--
INFO: Run Behavior\ReadHtmlCacheBehavior [ RunTime:0.001000s ]
INFO: [ app_begin ] --END-- [ RunTime:0.002000s ]
SQL: SELECT `id`,`lock` FROM `wb_user` WHERE `account` = 'demo6' LIMIT 1   [ RunTime:0.0000s ]
SQL: SELECT comment.content AS content,comment.time AS time,comment.wid AS wid,comment.uid AS uid,userinfo.username AS username,userinfo.face50 AS face50,userinfo.uid AS uid FROM wb_comment comment LEFT JOIN wb_userinfo userinfo ON comment.uid=userinfo.uid WHERE comment.wid = '120'  [ RunTime:0.0010s ]
INFO: [ app_end ] --START--
INFO: Run Behavior\ShowPageTraceBehavior [ RunTime:0.000000s ]
INFO: [ app_end ] --END-- [ RunTime:0.000000s ]

[ 2016-08-27T17:50:25+08:00 ] 127.0.0.1 /myweibo/Index/keep.html
INFO: [ app_begin ] --START--
INFO: Run Behavior\ReadHtmlCacheBehavior [ RunTime:0.001000s ]
INFO: [ app_begin ] --END-- [ RunTime:0.002000s ]
SQL: SELECT `id`,`lock` FROM `wb_user` WHERE `account` = 'demo6' LIMIT 1   [ RunTime:0.0000s ]
SQL: SELECT `id` FROM `wb_keep` WHERE `wid` = 120 AND `uid` = 43 LIMIT 1   [ RunTime:0.0290s ]
SQL: INSERT INTO `wb_keep` (`uid`,`time`,`wid`) VALUES ('43','1472291425','120') [ RunTime:0.0010s ]
SQL: UPDATE `wb_weibo` SET `keep`=keep+1 WHERE `id` = 120 [ RunTime:0.0010s ]
INFO: [ app_end ] --START--
INFO: Run Behavior\ShowPageTraceBehavior [ RunTime:0.001000s ]
INFO: [ app_end ] --END-- [ RunTime:0.001000s ]

[ 2016-08-27T17:50:26+08:00 ] 127.0.0.1 /myweibo/Index/keep.html
INFO: [ app_begin ] --START--
INFO: Run Behavior\ReadHtmlCacheBehavior [ RunTime:0.001000s ]
INFO: [ app_begin ] --END-- [ RunTime:0.002001s ]
SQL: SELECT `id`,`lock` FROM `wb_user` WHERE `account` = 'demo6' LIMIT 1   [ RunTime:0.0000s ]
SQL: SELECT `id` FROM `wb_keep` WHERE `wid` = 120 AND `uid` = 43 LIMIT 1   [ RunTime:0.0000s ]

[ 2016-08-27T17:50:27+08:00 ] 127.0.0.1 /myweibo/Index/keep.html
INFO: [ app_begin ] --START--
INFO: Run Behavior\ReadHtmlCacheBehavior [ RunTime:0.001001s ]
INFO: [ app_begin ] --END-- [ RunTime:0.002001s ]
SQL: SELECT `id`,`lock` FROM `wb_user` WHERE `account` = 'demo6' LIMIT 1   [ RunTime:0.0000s ]
SQL: SELECT `id` FROM `wb_keep` WHERE `wid` = 120 AND `uid` = 43 LIMIT 1   [ RunTime:0.0000s ]

[ 2016-08-27T17:50:28+08:00 ] 127.0.0.1 /myweibo/Index/keep.html
INFO: [ app_begin ] --START--
INFO: Run Behavior\ReadHtmlCacheBehavior [ RunTime:0.001000s ]
INFO: [ app_begin ] --END-- [ RunTime:0.002000s ]
SQL: SELECT `id`,`lock` FROM `wb_user` WHERE `account` = 'demo6' LIMIT 1   [ RunTime:0.0000s ]
SQL: SELECT `id` FROM `wb_keep` WHERE `wid` = 120 AND `uid` = 43 LIMIT 1   [ RunTime:0.0000s ]

[ 2016-08-27T17:50:30+08:00 ] 127.0.0.1 /myweibo/Index/keep.html
INFO: [ app_begin ] --START--
INFO: Run Behavior\ReadHtmlCacheBehavior [ RunTime:0.001000s ]
INFO: [ app_begin ] --END-- [ RunTime:0.002000s ]
SQL: SELECT `id`,`lock` FROM `wb_user` WHERE `account` = 'demo6' LIMIT 1   [ RunTime:0.0000s ]
SQL: SELECT `id` FROM `wb_keep` WHERE `wid` = 119 AND `uid` = 43 LIMIT 1   [ RunTime:0.0000s ]
SQL: INSERT INTO `wb_keep` (`uid`,`time`,`wid`) VALUES ('43','1472291430','119') [ RunTime:0.0000s ]
SQL: UPDATE `wb_weibo` SET `keep`=keep+1 WHERE `id` = 119 [ RunTime:0.0000s ]
INFO: [ app_end ] --START--
INFO: Run Behavior\ShowPageTraceBehavior [ RunTime:0.002000s ]
INFO: [ app_end ] --END-- [ RunTime:0.002000s ]

[ 2016-08-27T17:50:31+08:00 ] 127.0.0.1 /myweibo/Index/keep.html
INFO: [ app_begin ] --START--
INFO: Run Behavior\ReadHtmlCacheBehavior [ RunTime:0.001000s ]
INFO: [ app_begin ] --END-- [ RunTime:0.002000s ]
SQL: SELECT `id`,`lock` FROM `wb_user` WHERE `account` = 'demo6' LIMIT 1   [ RunTime:0.0000s ]
SQL: SELECT `id` FROM `wb_keep` WHERE `wid` = 119 AND `uid` = 43 LIMIT 1   [ RunTime:0.0000s ]

[ 2016-08-27T17:50:33+08:00 ] 127.0.0.1 /myweibo/Index/keep.html
INFO: [ app_begin ] --START--
INFO: Run Behavior\ReadHtmlCacheBehavior [ RunTime:0.001000s ]
INFO: [ app_begin ] --END-- [ RunTime:0.002000s ]
SQL: SELECT `id`,`lock` FROM `wb_user` WHERE `account` = 'demo6' LIMIT 1   [ RunTime:0.0000s ]
SQL: SELECT `id` FROM `wb_keep` WHERE `wid` = 121 AND `uid` = 43 LIMIT 1   [ RunTime:0.0000s ]
SQL: INSERT INTO `wb_keep` (`uid`,`time`,`wid`) VALUES ('43','1472291433','121') [ RunTime:0.0010s ]
SQL: UPDATE `wb_weibo` SET `keep`=keep+1 WHERE `id` = 121 [ RunTime:0.0010s ]
INFO: [ app_end ] --START--
INFO: Run Behavior\ShowPageTraceBehavior [ RunTime:0.001000s ]
INFO: [ app_end ] --END-- [ RunTime:0.001000s ]

[ 2016-08-27T17:50:34+08:00 ] 127.0.0.1 /myweibo/Index/keep.html
INFO: [ app_begin ] --START--
INFO: Run Behavior\ReadHtmlCacheBehavior [ RunTime:0.002000s ]
INFO: [ app_begin ] --END-- [ RunTime:0.003000s ]
SQL: SELECT `id`,`lock` FROM `wb_user` WHERE `account` = 'demo6' LIMIT 1   [ RunTime:0.0010s ]
SQL: SELECT `id` FROM `wb_keep` WHERE `wid` = 121 AND `uid` = 43 LIMIT 1   [ RunTime:0.0010s ]

